1Nypatchy executing with files / options

   1  PAM      -
   2  FORT      /home/pcl2483/pedro/tmp/ytofort7699/herwig58d.f
   3  read      /home/pcl2483/pedro/tmp/ytofort7699/herwig58d.cra
   4  print     /home/pcl2483/pedro/tmp/ytofort7699/herwig58d.lis
   5  CC       -    ...

 Version: PATCHY  5.05 /3  1996/06/29 17.00     .RJP, today: 03/09/22  7.06

     1  + +EXE.
     2  + +USE,TYPE.
     3  + +USE,PCLINUX,UNIX.
     4  - C +USE,GOCDES,GCDES,ROCDES.
     5  - C +PAM,11,T=ATTACH,T=CARDS,R=GCDES.   geant
     6  - C +PAM,11,T=ATTACH,T=CARDS,R=GOCDES.  gopal
     7  - C +PAM,11,T=ATTACH,T=CARDS,R=ROCDES.  rope
     8  + +USE,LUCMMN.

     9  + +PAM,11,T=ATTACH,CARDS,T=CARDS. jt74opal

 ---> start reading file  jt74opal.car

 Read Pam file: JETSET VERSION 7.4 TUNED TO OPAL DATA

  29 cradle  ====================================================================  p=CRA* d=CRA*  1 ==========

     1  + +USE,HWCMDS,HWDRIV,FXSUBS,HWKERN,HSDRIV.

     2  + +PAM,12,T=ATTACH,CARDS,T=CARDS.  herwig58d2

 ---> start reading file  herwig58d2.car

 Read Pam file: unknown

 Read Pam file: HERWIG   5.8D      960218 12.55 CERN PROGRAM LIBRARY W5037

 --------------------------------------
 Summary of patches in processing order

 Processing mode selections                        Other status bits for P=X

 U - use                                           F - skipped by +PATCH,X,IF=...
 L - list                                           M - skipped by +IMITATE,X
 E - exe                                             X - not +EXE but deck to ASM
 D - divert                                           P - partial +USE,X,D=...
 X - xdivert                Self +         Self        R - P=X,T=REPEAT
                    Inhibit Foreign  Trans   only       Q - quoted in IF=X
                    ------- ------- ------ ------
        Patch        ULEDX   ULEDX   LEDX   LEDX   FMXPRQ  Used from P=

      0 CRA*               . U E   .      .  E   .     R   CRA*

 JETSET VERSION 7.4 TUNED TO OPAL DATA
      0 @JETSET            .   E   .      .  E   .
      2 LUCMMN             . U E   .      .  E   .         CRA*
     29 CRA*               . U E   .      .  E   .     R   CRA*

 unknown

 HERWIG 5.8D 960218 12.55 CERN PRO
    200 @HERWIG            .   E   .      .  E   .
    201 HWCMDS             . U E   .      .  E   .         CRA*
    207 HSDRIV             . U E   .      .  E   .         CRA*
    213 FXSUBS             . U E   .      .  E   .         CRA*
    218 HWKERN             . U E   .      .  E   .         CRA*
    397 CRA*               . U E   .      .  E   .     R   CRA*

 Quoted patches not seen on the PAM files

      0 IBM                .   E   .      .  E   .      Q

 Other patches not seen

      0 HWDRIV             . U E   .      .  E   .         CRA*
      0 PCLINUX            . U E   .      .  E   .         CRA*
      0 TYPE               . U E   .      .  E   .         CRA*
      0 UNIX               . U E   .      .  E   .         CRA*

 Name stack:       significant name length is 32 characters
                4% used of   6000 name slots available
                3% used of  48000 bytes of text available

 Read:          11 lines from the cradle
             39306 lines from   3 PAM files for  2 lines +PAM

 Written:

   physical FORT:0        188 units  32154 lines to file  /home/pcl2483/pedro/tmp/ytofort7699/herwig58d.f

    logical FORT:1        188 decks written via FORT:0

 No errors, no warnings.

