1Nypatchy executing with files / options

   1  PAM      -
   2  FORT      /home/pcl2483/pedro/tmp/ytofort13084/jt74opal.f
   3  read      /home/pcl2483/pedro/tmp/ytofort13084/jt74opal.cra
   4  print     /home/pcl2483/pedro/tmp/ytofort13084/jt74opal.lis
   5  CC       -    ...

 Version: PATCHY  5.05 /3  1996/06/29 17.00     .RJP, today: 03/09/22  7.08

     1  + +EXE.
     2  + +USE,PCLINUX,UNIX.
     3  + +USE,GOCDES,GCDES,ROCDES.

     4  + +PAM,LUN=11,T=ATTACH,CARDS,CARDS. geant321

 ---> start reading file  geant321.car

 Read Pam file: GEANT   3.21/03  17/10/94  16.00.29  CERN PROGRAM LIBRARY GE

     1  + +PAM,LUN=12,T=ATTACH,CARDS,CARDS. rope417

 ---> start reading file  rope417.car

 Read Pam file: ROPE    4.17/04 990412 17.10    THE OPAL RECONSTRUCTION PROG

     1  + +PAM,LUN=13,T=ATTACH,CARDS,CARDS. gopal141

 ---> start reading file  gopal141.car

 Read Pam file: GOPAL   1.41/11   990302  18:00  The OPAL/GEANT3 Monte Carlo

  1307 cradle  ==================================================================  p=CRA* d=CRA*  1 ==========

     1  - ####+USE,P=LUCMMN,LU74KI,JT74PRO,JT74UTL,JT74OPA,LUKERN,JT74BDB.
     2  + +USE,P=LUCMMN,LU74KI,JT74UTL,JT74OPA,LUKERN,JT74BDB.

     3  + +PAM,12,T=ATTACH,CARDS,T=CARDS.  jt74opal

 ---> start reading file  jt74opal.car

 Read Pam file: JETSET VERSION 7.4 TUNED TO OPAL DATA

 --------------------------------------
 Summary of patches in processing order

 Processing mode selections                        Other status bits for P=X

 U - use                                           F - skipped by +PATCH,X,IF=...
 L - list                                           M - skipped by +IMITATE,X
 E - exe                                             X - not +EXE but deck to ASM
 D - divert                                           P - partial +USE,X,D=...
 X - xdivert                Self +         Self        R - P=X,T=REPEAT
                    Inhibit Foreign  Trans   only       Q - quoted in IF=X
                    ------- ------- ------ ------
        Patch        ULEDX   ULEDX   LEDX   LEDX   FMXPRQ  Used from P=

      0 CRA*               . U E   .      .  E   .     R   CRA*

 GEANT 3.21/03 17/10/94 16.00.29 CER
      0 @GEANT             .   E   .      .  E   .
     18 GCDES              . U E   .      .  E   .         CRA*
    380 CRA*               . U E   .      .  E   .     R   CRA*

 ROPE 4.17/04 990412 17.10 THE OPAL
    400 @ROPE              .   E   .      .  E   .
    402 ROCDES             . U E   .      .  E   .         CRA*
    839 CRA*               . U E   .      .  E   .     R   CRA*

 GOPAL 1.41/11 990302 18:00 The OPA
    900 @GOPAL             .   E   .      .  E   .
    935 GOCDES             . U E   .      .  E   .         CRA*
   1307 CRA*               . U E   .      .  E   .     R   CRA*

 JETSET VERSION 7.4 TUNED TO OPAL DATA
   1400 @JETSET            .   E   .      .  E   .
   1402 LUCMMN             . U E   .      .  E   .         CRA*
   1407 LU74KI             . U E   .      .  E   .         CRA*
   1412 JT74OPA            . U E   .      .  E   .         CRA*
   1418 JT74UTL            . U E   .      .  E   .         CRA*
   1424 LUKERN             . U E   .      .  E   .         CRA*
   1428 JT74BDB            . U E   .      .  E   .         CRA*
   1429 CRA*               . U E   .      .  E   .     R   CRA*

 Quoted patches not seen on the PAM files

      0 APOLLO             .   E   .      .  E   .      Q
      0 CRAY               .   E   .      .  E   .      Q
      0 DECS               .   E   .      .  E   .      Q
      0 DOC                .   E   .      .  E   .      Q
      0 ERRECO             .   E   .      .  E   .      Q
      0 GODOC              .   E   .      .  E   .      Q
      0 HPUX               .   E   .      .  E   .      Q
      0 IBM                .   E   .      .  E   .      Q
      0 IBMRT              .   E   .      .  E   .      Q
      0 INCLUDE            .   E   .      .  E   .      Q
      0 NOBITFUN           .   E   .      .  E   .      Q
      0 ONLINE             .   E   .      .  E   .      Q
      0 QMALPH             .   E   .      .  E   .      Q
      0 QMVAOS             .   E   .      .  E   .      Q
      0 RODOC              .   E   .      .  E   .      Q
      0 SGI                .   E   .      .  E   .      Q
      0 SINGLE             .   E   .      .  E   .      Q
      0 STLONE             .   E   .      .  E   .      Q
      0 SUN                .   E   .      .  E   .      Q
      0 TYPE               .   E   .      .  E   .      Q
      0 UNIX               . U E   .      .  E   .      Q  CRA*
      0 VAX                .   E   .      .  E   .      Q

 Other patches not seen

      0 PCLINUX            . U E   .      .  E   .         CRA*

 Name stack:       significant name length is 32 characters
                7% used of   6000 name slots available
                5% used of  48000 bytes of text available

 Read:           9 lines from the cradle
            140918 lines from   4 PAM files for  4 lines +PAM

 Written:

   physical FORT:0         16 units  19935 lines to file  /home/pcl2483/pedro/tmp/ytofort13084/jt74opal.f

    logical FORT:1         16 decks written via FORT:0

 No errors, no warnings.

