
Start job at: Mon Sep 22 07:11:05 CEST 2003

The version of the MC package is: mc105j
found jt74opal.car as /home/pcl2483/pedro/jadesoft/util/mcgen/src/jt74opal.car
found jt63jade.car as /home/pcl2483/pedro/jadesoft/util/mcgen/src/jt63jade.car
found mc105j.car as /home/pcl2483/pedro/jadesoft/util/mcgen/mc/mc105j.car

 Nypatchy executing with files / options

   1  PAM      -
   2  FORT      /home/pcl2483/pedro/tmp/ytofort18819/mcjt63_105j.f
   3  read      /home/pcl2483/pedro/tmp/ytofort18819/mcjt63_105j.cra
   4  print     /home/pcl2483/pedro/tmp/ytofort18819/mcjt63_105j.lis
   5  CC       -    ...

 ---> start reading file  jt74opal.car

 Read Pam file: JETSET VERSION 7.4 TUNED TO OPAL DATA

 ---> start reading file  jt63jade.car

 Read Pam file: JETSET VERSION 6.3 TUNED TO JADE DATA

 ---> start reading file  mc105j.car

 Read Pam file: MC105J/01 24.09.96 11:15 Code to generate 4-vector MC. Stefa


 Written:
   physical FORT:0         17 units   2441 lines to file  /home/pcl2483/pedro/tmp/ytofort18819/mcjt63_105j.f

      0 TYPE               . U E   .      .  E   .         CRA*

 Name stack:       significant name length is 32 characters
                1% used of   6000 name slots available
                1% used of  48000 bytes of text available

 Read:          15 lines from the cradle
             32903 lines from   3 PAM files for  3 lines +PAM

 Written:

   physical FORT:0         17 units   2441 lines to file  /home/pcl2483/pedro/tmp/ytofort18819/mcjt63_105j.f

    logical FORT:1         17 decks written via FORT:0

 No errors, no warnings.

mcjt63_105j.f: In subroutine `mcusff':
mcjt63_105j.f:260: warning:
         CALL FFKEY('FSRRM',LFSRRM,1,'LOGI')
              1
mcjt63_105j.f:272: (continued):
         CALL FFKEY('MCJTEV',NJTEV,1,'INTEGER')
              2
Argument #2 of `ffkey' is one type at (2) but is some other type at (1) [info -f g77 M GLOBALS]
mcjt63_105j.f:260: warning:
         CALL FFKEY('FSRRM',LFSRRM,1,'LOGI')
              1
mcjt63_105j.f:278: (continued):
         CALL FFKEY('OUTFILE',HOUTFILE,NWONAM,'MIXED')
              2
Argument #2 of `ffkey' is one type at (2) but is some other type at (1) [info -f g77 M GLOBALS]
mcjt63_105j.f:260: warning:
         CALL FFKEY('FSRRM',LFSRRM,1,'LOGI')
              1
mcjt63_105j.f:281: (continued):
         CALL FFKEY('JADETUNE',JADETUN,1,'INTE')
              2
Argument #2 of `ffkey' is one type at (2) but is some other type at (1) [info -f g77 M GLOBALS]
curdir = /home/pcl2483/pedro/jadesoft/util/mcgen/jetset tmpdir = /home/pcl2483/pedro/tmp/link18862
arg = mcjt63_105j.o
      found file mcjt63_105j.o
arg = libmc105j
      xoplib=whicho  -i -s .o libmc105j
      xoplib=whicho  -i -s .a libmc105j
      for libmc105j found library /home/pcl2483/pedro/jadesoft/util/mcgen/Plib/libmc105j.a
arg = libjt63jade
      xoplib=whicho  -i -s .o libjt63jade
      xoplib=whicho  -i -s .a libjt63jade
      for libjt63jade found library /home/pcl2483/pedro/jadesoft/util/mcgen/Plib/libjt63jade.a
arg = libckern105
      xoplib=whicho  -i -s .o libckern105
      xoplib=whicho  -i -s .a libckern105
      for libckern105 found library /home/pcl2483/pedro/jadesoft/util/mcgen/Plib/libckern105.a
arg = libpx114
      xoplib=whicho  -i -s .o libpx114
      xoplib=whicho  -i -s .a libpx114
      for libpx114 found library /home/pcl2483/pedro/jadesoft/util/mcgen/Plib/libpx114.a
ofiles: mcjt63_105j.o
main: mcjt63_105j.run
trace symbols:
load symbols: -Wl,-uludata_ -Wl,-uluda63_ -Wl,-uluedat_ -Wl,-uluhdat_ -Wl,-umcevbl_ -Wl,-umcpobl_
files.o: mcjt63_105j.o
opal libs:
/home/pcl2483/pedro/jadesoft/util/mcgen/Plib/libmc105j.a /home/pcl2483/pedro/jadesoft/util/mcgen/Plib/libjt63jade.a
/home/pcl2483/pedro/jadesoft/util/mcgen/Plib/libckern105.a /home/pcl2483/pedro/jadesoft/util/mcgen/Plib/libpx114.a
dummy lib:
cern libs: -L/cern/99/lib -lgraflib -lgrafX11 -lpacklib -lmathlib -lkernlib

now beginning final pass
/usr/bin/g77 -Wl,-Map mcjt63_105j.map -o mcjt63_105j.run -L/cern/99/lib -Wl,-uludata_ -Wl,-uluda63_ -Wl,-uluedat_ -Wl,-uluhdat_ -Wl,-umcevbl_ -Wl,-umcpobl_ mcjt63_105j.o /home/pcl2483/pedro/jadesoft/util/mcgen/Plib/libmc105j.a /home/pcl2483/pedro/jadesoft/util/mcgen/Plib/libjt63jade.a /home/pcl2483/pedro/jadesoft/util/mcgen/Plib/libckern105.a /home/pcl2483/pedro/jadesoft/util/mcgen/Plib/libpx114.a -lgraflib -lgrafX11 -lpacklib -lmathlib -lkernlib /lib/libnsl.so.1 -lc
/usr/lib/gcc-lib/i686-pc-linux-gnu/2.95.3/libg2c.a(open.o): In function `f_open':
/mnt/cnsrc/src/compilers/gcc-2.95.3/i686-pc-linux-gnu/libf2c/libI77/open.c:213: the use of `tempnam' is dangerous, better use `mkstemp'
link completed with status 0
mcjt63_105j.run moved to /home/pcl2483/pedro/jadesoft/util/mcgen/Pbin/.
