1Nypatchy executing with files / options

   1  PAM      -
   2  FORT      /home/pcl2483/pedro/tmp/ytofort5909/coj623d.f
   3  read      /home/pcl2483/pedro/tmp/ytofort5909/coj623d.cra
   4  print     /home/pcl2483/pedro/tmp/ytofort5909/coj623d.lis
   5  CC       -    ...

 Version: PATCHY  5.05 /3  1996/06/29 17.00     .RJP, today: 03/09/22  7.05

     1  + +EXE                                                                            
     2  + +ASM,33.                                                                        
     3  + +USE,P=LUCMMN.                                                                  

     4  + +PAM,11,T=ATTACH,CARDS,T=CARDS. jt74opal

 ---> start reading file  jt74opal.car

 Read Pam file: JETSET VERSION 7.4 TUNED TO OPAL DATA

  29 cradle  ====================================================================  p=CRA* d=CRA*  1 ==========

     1  + +USE,DOUBLE,PCLINUX,UNIX.                                                      
                 >          
     2  + +USE,MOCKCERN.                                                                  
     3  + +USE,*COJETS.     pilot patch for COJETS                                        
     4  + +USE,EPSHAPE.     e+e- event shape routines                                     
     5  + +USE,RANF.        external random seed generator                                
     6  - ####+USE,COJETES.     OPAL example for writing 4-vectors                       
                 >     

     7  + +PAM,12,T=ATTACH,CARDS,T=CARDS. coj623d

 ---> start reading file  coj623d.car

 Read Pam file: unknown

  283 cradle  ===================================================================  p=CRA* d=CRA*  1 ==========

     1  -                                         

 --------------------------------------
 Summary of patches in processing order

 Processing mode selections                        Other status bits for P=X

 U - use                                           F - skipped by +PATCH,X,IF=...
 L - list                                           M - skipped by +IMITATE,X
 E - exe                                             X - not +EXE but deck to ASM
 D - divert                                           P - partial +USE,X,D=...
 X - xdivert                Self +         Self        R - P=X,T=REPEAT
                    Inhibit Foreign  Trans   only       Q - quoted in IF=X
                    ------- ------- ------ ------
        Patch        ULEDX   ULEDX   LEDX   LEDX   FMXPRQ  Used from P=

      0 CRA*               . U E   .      .  E   .     R   CRA*

 JETSET VERSION 7.4 TUNED TO OPAL DATA
      0 @JETSET            .   E   .      .  E   .
      2 LUCMMN             . U E   .      .  E   .         CRA*
     29 CRA*               . U E   .      .  E   .     R   CRA*

 unknown
    102 *COJETS            . U E   .      .  E   .         CRA*
    105 COJCDE             . U E   .      .  E   .         *COJETS
    112 COJETS             . U E   .      .  E   .         *COJETS
    235 BKJ                . U E   .      .  E   .         *COJETS
    256 EPSHAPE            . U E   .      .  E   .         CRA*
    283 CRA*               . U E   .      .  E   .     R   CRA*

 Quoted patches not seen on the PAM files

      0 CRAY               .   E   .      .  E   .      Q
      0 DATIVEC            . U E   .      .  E   .      Q  *COJETS
      0 DOUBLE             . U E   .      .  E   .      Q  CRA*
      0 MOCKCERN           . U E   .      .  E   .      Q  CRA*
      0 RANF               . U E   .      .  E   .      Q  CRA*

 Other patches not seen

      0 MODXXX             . U E   .      .  E   .         *COJETS
      0 PCLINUX            . U E   .      .  E   .         CRA*
      0 UNIX               . U E   .      .  E   .         CRA*

 Name stack:       significant name length is 32 characters
                4% used of   6000 name slots available
                3% used of  48000 bytes of text available

 Read:          12 lines from the cradle
             40741 lines from   2 PAM files for  2 lines +PAM

 Written:

   physical FORT:0        144 units  16205 lines to file  /home/pcl2483/pedro/tmp/ytofort5909/coj623d.f

    logical FORT:1        144 decks written via FORT:0

 No errors, no warnings.

