1Nypatchy executing with files / options

   1  PAM      -
   2  FORT      /home/pcl2483/pedro/tmp/ytofort10017/herwig59.f
   3  read      /home/pcl2483/pedro/tmp/ytofort10017/herwig59.cra
   4  print     /home/pcl2483/pedro/tmp/ytofort10017/herwig59.lis
   5  CC       -    ...

 Version: PATCHY  5.05 /3  1996/06/29 17.00     .RJP, today: 03/09/22  7.07

     1  + +EXE.
     2  + +USE,TYPE.
     3  + +USE,PCLINUX,UNIX.
     4  - C +USE,GOCDES,GCDES,ROCDES.
     5  - C +PAM,11,T=ATTACH,T=CARDS,R=GCDES.   geant
     6  - C +PAM,11,T=ATTACH,T=CARDS,R=GOCDES.  gopal
     7  - C +PAM,11,T=ATTACH,T=CARDS,R=ROCDES.  rope
     8  + +USE,LUCMMN.

     9  + +PAM,11,T=ATTACH,CARDS,T=CARDS.  jetset74

 ---> start reading file  jetset74.car

 Read Pam file: unknown

  27 cradle  ====================================================================  p=CRA* d=CRA*  1 ==========

     1  + +USE,HWCMDS,HSDRIV,FXSUBS,HWKERN.

     2  + +PAM,12,T=ATTACH,CARDS,T=CARDS.  herwig59

 ---> start reading file  herwig59.car

 Read Pam file: unknown

 --------------------------------------
 Summary of patches in processing order

 Processing mode selections                        Other status bits for P=X

 U - use                                           F - skipped by +PATCH,X,IF=...
 L - list                                           M - skipped by +IMITATE,X
 E - exe                                             X - not +EXE but deck to ASM
 D - divert                                           P - partial +USE,X,D=...
 X - xdivert                Self +         Self        R - P=X,T=REPEAT
                    Inhibit Foreign  Trans   only       Q - quoted in IF=X
                    ------- ------- ------ ------
        Patch        ULEDX   ULEDX   LEDX   LEDX   FMXPRQ  Used from P=

      0 CRA*               . U E   .      .  E   .     R   CRA*

 unknown
      1 LUCMMN             . U E   .      .  E   .         CRA*
     27 CRA*               . U E   .      .  E   .     R   CRA*

 unknown
    101 HWCMDS             . U E   .      .  E   .         CRA*
    105 HSDRIV             . U E   .      .  E   .         CRA*
    111 FXSUBS             . U E   .      .  E   .         CRA*
    114 HWKERN             . U E   .      .  E   .         CRA*
    308 CRA*               . U E   .      .  E   .     R   CRA*

 Quoted patches not seen on the PAM files

      0 IBM                .   E   .      .  E   .      Q

 Other patches not seen

      0 PCLINUX            . U E   .      .  E   .         CRA*
      0 TYPE               . U E   .      .  E   .         CRA*
      0 UNIX               . U E   .      .  E   .         CRA*

 Name stack:       significant name length is 32 characters
                4% used of   6000 name slots available
                3% used of  48000 bytes of text available

 Read:          11 lines from the cradle
             43305 lines from   2 PAM files for  2 lines +PAM

 Written:

   physical FORT:0        201 units  42784 lines to file  /home/pcl2483/pedro/tmp/ytofort10017/herwig59.f

    logical FORT:1        201 decks written via FORT:0

 No errors, no warnings.

