--------------------------------------
... installing ariadne408
--------------------------------------
found jt74opal.car as /mnt/home/pcl2483/pedro/jadesoft/util/mcgen/src/jt74opal.car
found ariadne408.car as /mnt/home/pcl2483/pedro/jadesoft/util/mcgen/src/ariadne408.car

 Nypatchy executing with files / options

   1  PAM      -
   2  FORT      /home/pcl2483/pedro/tmp/ytofort4252/ariadne408.f
   3  read      /home/pcl2483/pedro/tmp/ytofort4252/ariadne408.cra
   4  print     /home/pcl2483/pedro/tmp/ytofort4252/ariadne408.lis
   5  CC       -    ...

 ---> start reading file  jt74opal.car

 Read Pam file: JETSET VERSION 7.4 TUNED TO OPAL DATA

 ---> start reading file  ariadne408.car

 Read Pam file: unknown


 Written:
   physical FORT:0        131 units  13009 lines to file  /home/pcl2483/pedro/tmp/ytofort4252/ariadne408.f
    103 ARIADNE            . U E   .      .  E   .         CRA*
    235 CRA*               . U E   .      .  E   .     R   CRA*

 Name stack:       significant name length is 32 characters
                3% used of   6000 name slots available
                2% used of  48000 bytes of text available

 Read:           6 lines from the cradle
             34120 lines from   2 PAM files for  2 lines +PAM

 Written:

   physical FORT:0        131 units  13009 lines to file  /home/pcl2483/pedro/tmp/ytofort4252/ariadne408.f

    logical FORT:1        131 decks written via FORT:0

 No errors, no warnings.

Mon Sep 22 07:05:20 CEST 2003 pedro ftolib ariadne408.f
found ariadne408.f as ariadne408.f
creating directory /home/pcl2483/pedro/jadesoft/util/mcgen/src/ariadne408
 FCASPLIT executing.
             Input file : ariadne408.for
           Shell script : ariadne408.shfca
              Make file : ariadne408.mkfca
        Fortran    name : g77  
        Fortran options : -c -O -fno-automatic  
             CC    name : gcc  
             CC options : -c -O2 -m486  
      Assembler    name : as  
      Assembler options :   
  12763 lines written for   131 decks
    246 trailing comment lines ignored.
ar4frm.f
araddg.f
aradg2.f
aradig.f
arangl.f
arbocm.f
arbole.f
arbopy.f
arcasc.f
archem.f
archfl.f
archki.f
arclus.f
arcodi.f
arcoli.f
arcont.f
arcopa.f
arcopj.f
arcrdi.f
ardbrb.f
ardump.f
arduph.f
ardyre.f
arearr.f
arecoi.f
aremi2.f
aremi3.f
aremit.f
arerrm.f
arevol.f
arevst.f
arexec.f
arexma.f
arfidy.f
argdig.f
argdis.f
argetr.f
argig2.f
arging.f
argpt2.f
argqcd.f
argqcg.f
argqcq.f
argqed.f
argtyp.f
arincr.f
arinit.f
ardata.f
arinqq.f
aripsf.f
aript2.f
arjoin.f
arjoqq.f
arjost.f
arlept.f
armade.f
armas2.f
armas3.f
armas4.f
armass.f
armcdi.f
armipt.f
armtqq.f
arndx1.f
arndx2.f
arndx3.f
arndx4.f
arndy1.f
arndy2.f
arndy3.f
arndy4.f
arndy5.f
arniqq.f
arnofl.f
arobo1.f
arobo2.f
arobo3.f
arobo4.f
arobo5.f
arordj.f
arorie.f
arpadd.f
arpado.f
arpars.f
arpcms.f
arphas.f
arpins.f
arpoki.f
arposf.f
arprda.f
arprdy.f
arprem.f
arprgc.f
arptqq.f
arputr.f
arpyth.f
arpyww.f
arradg.f
arradp.f
arradq.f
arreca.f
arremd.f
arremg.f
arremn.f
arremp.f
arrems.f
arrobo.f
arscan.f
arsplg.f
arstor.f
arstra.f
arsume.f
arswap.f
artest.f
arthrw.f
artpt2.f
artune.f
arupdj.f
arupom.f
aruthr.f
arvet6.f
arvet1.f
arvet2.f
arvet3.f
arvet4.f
arvet5.f
arvet7.f
arvet8.f
arveth.f
arzcms.f
lnstrf.f
pystfu.f
   ...compiling ar4frm.f:
   ...compiling araddg.f:
   ...compiling aradg2.f:
   ...compiling aradig.f:
   ...compiling arangl.f:
   ...compiling arbocm.f:
   ...compiling arbole.f:
   ...compiling arbopy.f:
   ...compiling arcasc.f:
   ...compiling archem.f:
   ...compiling archfl.f:
   ...compiling archki.f:
   ...compiling arclus.f:
   ...compiling arcodi.f:
   ...compiling arcoli.f:
   ...compiling arcont.f:
   ...compiling arcopa.f:
   ...compiling arcopj.f:
   ...compiling arcrdi.f:
   ...compiling ardata.f:
   ...compiling ardbrb.f:
   ...compiling ardump.f:
   ...compiling arduph.f:
   ...compiling ardyre.f:
   ...compiling arearr.f:
   ...compiling arecoi.f:
   ...compiling aremi2.f:
   ...compiling aremi3.f:
   ...compiling aremit.f:
   ...compiling arerrm.f:
   ...compiling arevol.f:
   ...compiling arevst.f:
   ...compiling arexec.f:
   ...compiling arexma.f:
   ...compiling arfidy.f:
   ...compiling argdig.f:
   ...compiling argdis.f:
   ...compiling argetr.f:
   ...compiling argig2.f:
   ...compiling arging.f:
   ...compiling argpt2.f:
   ...compiling argqcd.f:
   ...compiling argqcg.f:
   ...compiling argqcq.f:
   ...compiling argqed.f:
   ...compiling argtyp.f:
   ...compiling arincr.f:
   ...compiling arinit.f:
   ...compiling arinqq.f:
   ...compiling aripsf.f:
   ...compiling aript2.f:
   ...compiling arjoin.f:
   ...compiling arjoqq.f:
   ...compiling arjost.f:
   ...compiling arlept.f:
   ...compiling armade.f:
   ...compiling armas2.f:
   ...compiling armas3.f:
   ...compiling armas4.f:
   ...compiling armass.f:
   ...compiling armcdi.f:
   ...compiling armipt.f:
   ...compiling armtqq.f:
   ...compiling arndx1.f:
   ...compiling arndx2.f:
   ...compiling arndx3.f:
   ...compiling arndx4.f:
   ...compiling arndy1.f:
   ...compiling arndy2.f:
   ...compiling arndy3.f:
   ...compiling arndy4.f:
   ...compiling arndy5.f:
   ...compiling arniqq.f:
   ...compiling arnofl.f:
   ...compiling arobo1.f:
   ...compiling arobo2.f:
   ...compiling arobo3.f:
   ...compiling arobo4.f:
   ...compiling arobo5.f:
   ...compiling arordj.f:
   ...compiling arorie.f:
   ...compiling arpadd.f:
   ...compiling arpado.f:
   ...compiling arpars.f:
   ...compiling arpcms.f:
   ...compiling arphas.f:
   ...compiling arpins.f:
   ...compiling arpoki.f:
   ...compiling arposf.f:
   ...compiling arprda.f:
   ...compiling arprdy.f:
   ...compiling arprem.f:
   ...compiling arprgc.f:
   ...compiling arptqq.f:
   ...compiling arputr.f:
   ...compiling arpyth.f:
   ...compiling arpyww.f:
   ...compiling arradg.f:
   ...compiling arradp.f:
   ...compiling arradq.f:
   ...compiling arreca.f:
   ...compiling arremd.f:
   ...compiling arremg.f:
   ...compiling arremn.f:
   ...compiling arremp.f:
   ...compiling arrems.f:
   ...compiling arrobo.f:
   ...compiling arscan.f:
   ...compiling arsplg.f:
   ...compiling arstor.f:
   ...compiling arstra.f:
   ...compiling arsume.f:
   ...compiling arswap.f:
   ...compiling artest.f:
   ...compiling arthrw.f:
   ...compiling artpt2.f:
   ...compiling artune.f:
   ...compiling arupdj.f:
   ...compiling arupom.f:
   ...compiling aruthr.f:
   ...compiling arvet1.f:
   ...compiling arvet2.f:
   ...compiling arvet3.f:
   ...compiling arvet4.f:
   ...compiling arvet5.f:
   ...compiling arvet6.f:
   ...compiling arvet7.f:
   ...compiling arvet8.f:
   ...compiling arveth.f:
   ...compiling arzcms.f:
   ...compiling lnstrf.f:
   ...compiling pystfu.f:
   ...compiling *.c:
cc: *.c: No such file or directory
cc: No input files
a - ar4frm.o
a - araddg.o
a - aradg2.o
a - aradig.o
a - arangl.o
a - arbocm.o
a - arbole.o
a - arbopy.o
a - arcasc.o
a - archem.o
a - archfl.o
a - archki.o
a - arclus.o
a - arcodi.o
a - arcoli.o
a - arcont.o
a - arcopa.o
a - arcopj.o
a - arcrdi.o
a - ardata.o
a - ardbrb.o
a - ardump.o
a - arduph.o
a - ardyre.o
a - arearr.o
a - arecoi.o
a - aremi2.o
a - aremi3.o
a - aremit.o
a - arerrm.o
a - arevol.o
a - arevst.o
a - arexec.o
a - arexma.o
a - arfidy.o
a - argdig.o
a - argdis.o
a - argetr.o
a - argig2.o
a - arging.o
a - argpt2.o
a - argqcd.o
a - argqcg.o
a - argqcq.o
a - argqed.o
a - argtyp.o
a - arincr.o
a - arinit.o
a - arinqq.o
a - aripsf.o
a - aript2.o
a - arjoin.o
a - arjoqq.o
a - arjost.o
a - arlept.o
a - armade.o
a - armas2.o
a - armas3.o
a - armas4.o
a - armass.o
a - armcdi.o
a - armipt.o
a - armtqq.o
a - arndx1.o
a - arndx2.o
a - arndx3.o
a - arndx4.o
a - arndy1.o
a - arndy2.o
a - arndy3.o
a - arndy4.o
a - arndy5.o
a - arniqq.o
a - arnofl.o
a - arobo1.o
a - arobo2.o
a - arobo3.o
a - arobo4.o
a - arobo5.o
a - arordj.o
a - arorie.o
a - arpadd.o
a - arpado.o
a - arpars.o
a - arpcms.o
a - arphas.o
a - arpins.o
a - arpoki.o
a - arposf.o
a - arprda.o
a - arprdy.o
a - arprem.o
a - arprgc.o
a - arptqq.o
a - arputr.o
a - arpyth.o
a - arpyww.o
a - arradg.o
a - arradp.o
a - arradq.o
a - arreca.o
a - arremd.o
a - arremg.o
a - arremn.o
a - arremp.o
a - arrems.o
a - arrobo.o
a - arscan.o
a - arsplg.o
a - arstor.o
a - arstra.o
a - arsume.o
a - arswap.o
a - artest.o
a - arthrw.o
a - artpt2.o
a - artune.o
a - arupdj.o
a - arupom.o
a - aruthr.o
a - arvet1.o
a - arvet2.o
a - arvet3.o
a - arvet4.o
a - arvet5.o
a - arvet6.o
a - arvet7.o
a - arvet8.o
a - arveth.o
a - arzcms.o
a - lnstrf.o
a - pystfu.o
library is installed in directory /home/pcl2483/pedro/jadesoft/util/mcgen/src
***
*** library /home/pcl2483/pedro/jadesoft/util/mcgen/Plib/libariadne408.a created.
***
--------------------------------------
... installing coj623d
--------------------------------------
found jt74opal.car as /mnt/home/pcl2483/pedro/jadesoft/util/mcgen/src/jt74opal.car
found coj623d.car as /mnt/home/pcl2483/pedro/jadesoft/util/mcgen/src/coj623d.car

 Nypatchy executing with files / options

   1  PAM      -
   2  FORT      /home/pcl2483/pedro/tmp/ytofort5909/coj623d.f
   3  read      /home/pcl2483/pedro/tmp/ytofort5909/coj623d.cra
   4  print     /home/pcl2483/pedro/tmp/ytofort5909/coj623d.lis
   5  CC       -    ...

 ---> start reading file  jt74opal.car

 Read Pam file: JETSET VERSION 7.4 TUNED TO OPAL DATA

 ---> start reading file  coj623d.car

 Read Pam file: unknown


 Written:
   physical FORT:0        144 units  16205 lines to file  /home/pcl2483/pedro/tmp/ytofort5909/coj623d.f
      0 PCLINUX            . U E   .      .  E   .         CRA*
      0 UNIX               . U E   .      .  E   .         CRA*

 Name stack:       significant name length is 32 characters
                4% used of   6000 name slots available
                3% used of  48000 bytes of text available

 Read:          12 lines from the cradle
             40741 lines from   2 PAM files for  2 lines +PAM

 Written:

   physical FORT:0        144 units  16205 lines to file  /home/pcl2483/pedro/tmp/ytofort5909/coj623d.f

    logical FORT:1        144 decks written via FORT:0

 No errors, no warnings.

Mon Sep 22 07:05:42 CEST 2003 pedro ftolib coj623d.f
found coj623d.f as coj623d.f
creating directory /home/pcl2483/pedro/jadesoft/util/mcgen/src/coj623d
 FCASPLIT executing.
             Input file : coj623d.for
           Shell script : coj623d.shfca
              Make file : coj623d.mkfca
        Fortran    name : g77  
        Fortran options : -c -O -fno-automatic  
             CC    name : gcc  
             CC options : -c -O2 -m486  
      Assembler    name : as  
      Assembler options :   
  16199 lines written for   143 decks
      6 trailing comment lines ignored.
amascj.f
amawcj.f
asimcj.f
betacj.f
bkeven.f
bkfini.f
bkjeve.f
bkjsta.f
bkkino.f
bkpihi.f
bkrrr6.f
bkrrr7.f
bksetw.f
bkstar.f
bkxkge.f
chrgcj.f
cjalia.f
cjbary.f
cjbask.f
cjbgev.f
cjbgex.f
cjbgpa.f
cjbjet.f
cjblbk.f
cjblep.f
cjbook.f
cjboso.f
cjbpre.f
cjdata.f
cjdecp.f
cjdecy.f
cjdmat.f
cjdsdt.f
cjdump.f
cjeb.f
cjegev.f
cjepre.f
cjeqrk.f
cjesig.f
cjevol.f
cjflac.f
cjfrce.f
cjgcod.f
cjgeq.f
cjgeve.f
cjgex.f
cjgexm.f
cjgpar.f
cjgrot.f
cjhadc.f
cjhadr.f
cjhard.f
cjheab.f
cjheae.f
cjheah.f
cjheat.f
cjhgev.f
cjhpre.f
cjiall.f
cjidge.f
cjjetc.f
cjjetg.f
cjjetq.f
cjkno.f
cjlor4.f
cjlorl.f
cjmatc.f
cjmbia.f
cjmeso.f
cjmovl.f
cjover.f
cjp4cr.f
cjpdg.f
cjptab.f
cjqcds.f
cjqcdt.f
cjqsge.f
cjqtge.f
cjrcry.f
cjrept.f
cjrinp.f
cjrotp.f
cjrtab.f
cjsphi.f
cjspho.f
cjstab.f
cjtbk1.f
cjtbk2.f
cjtdcy.f
cjtevo.f
cjthrs.f
cjthru.f
cjtlft.f
cjtmaj.f
cjwang.f
cjwdec.f
cjwrad.f
cjwrqz.f
cjzang.f
cjzdec.f
cjzgen.f
cjzges.f
cjzlim.f
cjzlms.f
cjzrad.f
cjzrqz.f
cojets.f
dexgcj.f
dexqcj.f
dhficj.f
dhidcj.f
dhnicj.f
dhvgcj.f
dhvqcj.f
dlogbk.f
ehl1cj.f
ehl2cj.f
f2incj.f
f2lxcj.f
f2xxcj.f
fglucj.f
fmulcj.f
fqrkcj.f
framcj.f
gammcj.f
idexcj.f
inidcj.f
ipdgcj.f
isacj.f
jdencj.f
lablcj.f
lchgcj.f
papicj.f
pdxcj.f
pdzxcj.f
ptwgcj.f
rncj.f
rnf1bk.f
rrgebk.f
wthbk.f
xexpcj.f
xkdebk.f
zxsecj.f
   ...compiling amascj.f:
   ...compiling amawcj.f:
   ...compiling asimcj.f:
   ...compiling betacj.f:
   ...compiling bkeven.f:
bkeven.f: In subroutine `bkeven':
bkeven.f:32: warning:
         CALL BKKINO(IT,IBREM)
              1
bkeven.f:75: (continued):
         CALL BKKINO(IT,DUM)
              2
Argument #2 of `bkkino' is one type at (2) but is some other type at (1) [info -f g77 M GLOBALS]
   ...compiling bkfini.f:
   ...compiling bkjeve.f:
   ...compiling bkjsta.f:
   ...compiling bkkino.f:
   ...compiling bkpihi.f:
   ...compiling bkrrr6.f:
   ...compiling bkrrr7.f:
   ...compiling bksetw.f:
   ...compiling bkstar.f:
   ...compiling bkxkge.f:
   ...compiling chrgcj.f:
   ...compiling cjalia.f:
   ...compiling cjbary.f:
   ...compiling cjbask.f:
   ...compiling cjbgev.f:
   ...compiling cjbgex.f:
   ...compiling cjbgpa.f:
   ...compiling cjbjet.f:
   ...compiling cjblbk.f:
   ...compiling cjblep.f:
   ...compiling cjbook.f:
   ...compiling cjboso.f:
   ...compiling cjbpre.f:
   ...compiling cjdata.f:
   ...compiling cjdecp.f:
cjdecp.f: In subroutine `cjdecp':
cjdecp.f:97: warning:
           CTQ=CTAU(KIPD)*(-LOG(RNCJ(0.)))
                                1
cjdecp.f:128: (continued):
         TBR=RNCJ(0)
             2
Argument #1 of `rncj' is one type at (2) but is some other type at (1) [info -f g77 M GLOBALS]
cjdecp.f:97: warning:
           CTQ=CTAU(KIPD)*(-LOG(RNCJ(0.)))
                                1
cjdecp.f:192: (continued):
             IFLGEN=1+INT(RNCJ(0)*(2.+PSQRK))
                          2
Argument #1 of `rncj' is one type at (2) but is some other type at (1) [info -f g77 M GLOBALS]
cjdecp.f:97: warning:
           CTQ=CTAU(KIPD)*(-LOG(RNCJ(0.)))
                                1
cjdecp.f:205: (continued):
   120   GAUSS=SQRT(-2.*CND*LOG(RNCJ(1)))*SIN(PIG2*RNCJ(2))
                                2
Argument #1 of `rncj' is one type at (2) but is some other type at (1) [info -f g77 M GLOBALS]
cjdecp.f:97: warning:
           CTQ=CTAU(KIPD)*(-LOG(RNCJ(0.)))
                                1
cjdecp.f:205: (continued):
   120   GAUSS=SQRT(-2.*CND*LOG(RNCJ(1)))*SIN(PIG2*RNCJ(2))
                                                   2
Argument #1 of `rncj' is one type at (2) but is some other type at (1) [info -f g77 M GLOBALS]
cjdecp.f:97: warning:
           CTQ=CTAU(KIPD)*(-LOG(RNCJ(0.)))
                                1
cjdecp.f:219: (continued):
         IQ1=1+INT(2*NQ*RNCJ(0))
                        2
Argument #1 of `rncj' is one type at (2) but is some other type at (1) [info -f g77 M GLOBALS]
cjdecp.f:97: warning:
           CTQ=CTAU(KIPD)*(-LOG(RNCJ(0.)))
                                1
cjdecp.f:222: (continued):
           IF(KEYBAR.GT.0.AND.RNCJ(1).LT.PBARYO) THEN
                              2
Argument #1 of `rncj' is one type at (2) but is some other type at (1) [info -f g77 M GLOBALS]
cjdecp.f:97: warning:
           CTQ=CTAU(KIPD)*(-LOG(RNCJ(0.)))
                                1
cjdecp.f:228: (continued):
             IFLGEN=SIGN(1+INT(RNCJ(2)*(2.+PSQRK)),-IFLR(IQ1))
                               2
Argument #1 of `rncj' is one type at (2) but is some other type at (1) [info -f g77 M GLOBALS]
cjdecp.f:97: warning:
           CTQ=CTAU(KIPD)*(-LOG(RNCJ(0.)))
                                1
cjdecp.f:278: (continued):
   201     EEM=E2M*(PHEP(5,IPD)/E2M)**RNCJ(0)
                                      2
Argument #1 of `rncj' is one type at (2) but is some other type at (1) [info -f g77 M GLOBALS]
cjdecp.f:97: warning:
           CTQ=CTAU(KIPD)*(-LOG(RNCJ(0.)))
                                1
cjdecp.f:282: (continued):
           IF(WTEE.LT.RNCJ(0)) GO TO 201
                      2
Argument #1 of `rncj' is one type at (2) but is some other type at (1) [info -f g77 M GLOBALS]
cjdecp.f:97: warning:
           CTQ=CTAU(KIPD)*(-LOG(RNCJ(0.)))
                                1
cjdecp.f:303: (continued):
         RAN=RNCJ(0)
             2
Argument #1 of `rncj' is one type at (2) but is some other type at (1) [info -f g77 M GLOBALS]
cjdecp.f:97: warning:
           CTQ=CTAU(KIPD)*(-LOG(RNCJ(0.)))
                                1
cjdecp.f:316: (continued):
         IF(WT.LT.RNCJ(0)*WTMAX) GOTO 220
                  2
Argument #1 of `rncj' is one type at (2) but is some other type at (1) [info -f g77 M GLOBALS]
cjdecp.f:97: warning:
           CTQ=CTAU(KIPD)*(-LOG(RNCJ(0.)))
                                1
cjdecp.f:324: (continued):
         U(3)=2.*RNCJ(0)-1.
                 2
Argument #1 of `rncj' is one type at (2) but is some other type at (1) [info -f g77 M GLOBALS]
cjdecp.f:97: warning:
           CTQ=CTAU(KIPD)*(-LOG(RNCJ(0.)))
                                1
cjdecp.f:325: (continued):
         PHI=PIG2*RNCJ(0)
                  2
Argument #1 of `rncj' is one type at (2) but is some other type at (1) [info -f g77 M GLOBALS]
cjdecp.f:97: warning:
           CTQ=CTAU(KIPD)*(-LOG(RNCJ(0.)))
                                1
cjdecp.f:367: (continued):
           IF(WT.LT.RNCJ(0)*PHEP(5,IPD)**4/WTCOR(1)) GOTO 220
                    2
Argument #1 of `rncj' is one type at (2) but is some other type at (1) [info -f g77 M GLOBALS]
cjdecp.f:97: warning:
           CTQ=CTAU(KIPD)*(-LOG(RNCJ(0.)))
                                1
cjdecp.f:375: (continued):
           IF(WT.LT.RNCJ(0)*PHEP(5,IPD)**6/WTCOR(2)) GOTO 220
                    2
Argument #1 of `rncj' is one type at (2) but is some other type at (1) [info -f g77 M GLOBALS]
cjdecp.f:97: warning:
           CTQ=CTAU(KIPD)*(-LOG(RNCJ(0.)))
                                1
cjdecp.f:380: (continued):
           IF(WT.LT.RNCJ(0)) GOTO 220
                    2
Argument #1 of `rncj' is one type at (2) but is some other type at (1) [info -f g77 M GLOBALS]
   ...compiling cjdecy.f:
   ...compiling cjdmat.f:
   ...compiling cjdsdt.f:
   ...compiling cjdump.f:
   ...compiling cjeb.f:
   ...compiling cjegev.f:
   ...compiling cjepre.f:
   ...compiling cjeqrk.f:
   ...compiling cjesig.f:
   ...compiling cjevol.f:
cjevol.f: In subroutine `cjevol':
cjevol.f:149: warning:
         IF(RNCJ(0.).GT.PROGLS) GO TO 230
            1
cjevol.f:172: (continued):
         PHI=PI2*RNCJ(0)
                 2
Argument #1 of `rncj' is one type at (2) but is some other type at (1) [info -f g77 M GLOBALS]
cjevol.f:149: warning:
         IF(RNCJ(0.).GT.PROGLS) GO TO 230
            1
cjevol.f:205: (continued):
   304   IF(RNCJ(QSQS).GT..5) GO TO 302
            2
Argument #1 of `rncj' is one precision at (2) but is some other precision at (1) [info -f g77 M GLOBALS]
cjevol.f:149: warning:
         IF(RNCJ(0.).GT.PROGLS) GO TO 230
            1
cjevol.f:257: (continued):
   308   IF(RNCJ(QSQS).GT..5) GO TO 306
            2
Argument #1 of `rncj' is one precision at (2) but is some other precision at (1) [info -f g77 M GLOBALS]
   ...compiling cjflac.f:
cjflac.f: In subroutine `cjflac':
cjflac.f:74: warning:
         RC=RNCJ(IADD)
            1
cjflac.f:101: (continued):
           PPISQ=-0.1*LOG(RNCJ(0.))
                          2
Argument #1 of `rncj' is one type at (2) but is some other type at (1) [info -f g77 M GLOBALS]
cjflac.f:74: warning:
         RC=RNCJ(IADD)
            1
cjflac.f:103: (continued):
           COSTH=-1.+2.*RNCJ(0.)
                        2
Argument #1 of `rncj' is one type at (2) but is some other type at (1) [info -f g77 M GLOBALS]
cjflac.f:74: warning:
         RC=RNCJ(IADD)
            1
cjflac.f:105: (continued):
           PHI=2.*PI*RNCJ(0.)
                     2
Argument #1 of `rncj' is one type at (2) but is some other type at (1) [info -f g77 M GLOBALS]
   ...compiling cjfrce.f:
   ...compiling cjgcod.f:
   ...compiling cjgeq.f:
   ...compiling cjgeve.f:
   ...compiling cjgex.f:
cjgex.f: In subroutine `cjgex':
cjgex.f:54: warning:
         RR=RNCJ(0.)
            1
cjgex.f:75: (continued):
   300   PT2=-PT2INT*LOG(RNCJ(0))
                         2
Argument #1 of `rncj' is one type at (2) but is some other type at (1) [info -f g77 M GLOBALS]
cjgex.f:54: warning:
         RR=RNCJ(0.)
            1
cjgex.f:79: (continued):
         PHI=PI2*RNCJ(0)
                 2
Argument #1 of `rncj' is one type at (2) but is some other type at (1) [info -f g77 M GLOBALS]
   ...compiling cjgexm.f:
   ...compiling cjgpar.f:
   ...compiling cjgrot.f:
   ...compiling cjhadc.f:
   ...compiling cjhadr.f:
   ...compiling cjhard.f:
   ...compiling cjheab.f:
   ...compiling cjheae.f:
   ...compiling cjheah.f:
   ...compiling cjheat.f:
   ...compiling cjhgev.f:
   ...compiling cjhpre.f:
   ...compiling cjiall.f:
   ...compiling cjidge.f:
   ...compiling cjjetc.f:
   ...compiling cjjetg.f:
cjjetg.f: In subroutine `cjjetg':
cjjetg.f:116: warning:
           IFL1=(INT(3*RNCJ(0))+1)*(-1)**(INT(2*RNCJ(1))+1)
                       1
cjjetg.f:200: (continued):
             IF(RNCJ(1.).GT.(1.-AMASCJ(IDOUT)/EMAX)**2) GO TO 201
                2
Argument #1 of `rncj' is one type at (2) but is some other type at (1) [info -f g77 M GLOBALS]
cjjetg.f:116: warning:
           IFL1=(INT(3*RNCJ(0))+1)*(-1)**(INT(2*RNCJ(1))+1)
                       1
cjjetg.f:244: (continued):
   301     X=1.-RNCJ(0.)**(1./(AX+1.))
                2
Argument #1 of `rncj' is one type at (2) but is some other type at (1) [info -f g77 M GLOBALS]
cjjetg.f:116: warning:
           IFL1=(INT(3*RNCJ(0))+1)*(-1)**(INT(2*RNCJ(1))+1)
                       1
cjjetg.f:246: (continued):
           IF(RNCJ(1.).GT.FEXP) GO TO 301
              2
Argument #1 of `rncj' is one type at (2) but is some other type at (1) [info -f g77 M GLOBALS]
cjjetg.f:116: warning:
           IFL1=(INT(3*RNCJ(0))+1)*(-1)**(INT(2*RNCJ(1))+1)
                       1
cjjetg.f:252: (continued):
           IF(RNCJ(0.).GT.TGV(IXG,JG)) IXG=LGV(IXG,JG)
              2
Argument #1 of `rncj' is one type at (2) but is some other type at (1) [info -f g77 M GLOBALS]
   ...compiling cjjetq.f:
   ...compiling cjkno.f:
   ...compiling cjlor4.f:
   ...compiling cjlorl.f:
   ...compiling cjmatc.f:
   ...compiling cjmbia.f:
   ...compiling cjmeso.f:
   ...compiling cjmovl.f:
   ...compiling cjover.f:
   ...compiling cjp4cr.f:
   ...compiling cjpdg.f:
   ...compiling cjptab.f:
   ...compiling cjqcds.f:
   ...compiling cjqcdt.f:
   ...compiling cjqsge.f:
   ...compiling cjqtge.f:
   ...compiling cjrcry.f:
   ...compiling cjrept.f:
   ...compiling cjrinp.f:
   ...compiling cjrotp.f:
   ...compiling cjrtab.f:
   ...compiling cjsphi.f:
   ...compiling cjspho.f:
   ...compiling cjstab.f:
   ...compiling cjtbk1.f:
   ...compiling cjtbk2.f:
   ...compiling cjtdcy.f:
   ...compiling cjtevo.f:
   ...compiling cjthrs.f:
   ...compiling cjthru.f:
   ...compiling cjtlft.f:
   ...compiling cjtmaj.f:
   ...compiling cjwang.f:
   ...compiling cjwdec.f:
   ...compiling cjwrad.f:
   ...compiling cjwrqz.f:
   ...compiling cjzang.f:
   ...compiling cjzdec.f:
   ...compiling cjzgen.f:
   ...compiling cjzges.f:
cjzges.f: In subroutine `cjzges':
cjzges.f:61: warning:
   11    RR=RNCJ(0.)
            1
cjzges.f:86: (continued):
         IFLAQ=INT(NFLAVS*RNCJ(0))+1
                          2
Argument #1 of `rncj' is one type at (2) but is some other type at (1) [info -f g77 M GLOBALS]
   ...compiling cjzlim.f:
   ...compiling cjzlms.f:
   ...compiling cjzrad.f:
   ...compiling cjzrqz.f:
   ...compiling cojets.f:
   ...compiling dexgcj.f:
   ...compiling dexqcj.f:
   ...compiling dhficj.f:
   ...compiling dhidcj.f:
   ...compiling dhnicj.f:
   ...compiling dhvgcj.f:
   ...compiling dhvqcj.f:
   ...compiling dlogbk.f:
   ...compiling ehl1cj.f:
   ...compiling ehl2cj.f:
   ...compiling f2incj.f:
   ...compiling f2lxcj.f:
   ...compiling f2xxcj.f:
   ...compiling fglucj.f:
   ...compiling fmulcj.f:
   ...compiling fqrkcj.f:
   ...compiling framcj.f:
   ...compiling gammcj.f:
   ...compiling idexcj.f:
   ...compiling inidcj.f:
   ...compiling ipdgcj.f:
   ...compiling isacj.f:
   ...compiling jdencj.f:
   ...compiling lablcj.f:
   ...compiling lchgcj.f:
   ...compiling papicj.f:
   ...compiling pdxcj.f:
   ...compiling pdzxcj.f:
   ...compiling ptwgcj.f:
   ...compiling rncj.f:
   ...compiling rnf1bk.f:
   ...compiling rrgebk.f:
   ...compiling wthbk.f:
   ...compiling xexpcj.f:
   ...compiling xkdebk.f:
   ...compiling zxsecj.f:
   ...compiling *.c:
cc: *.c: No such file or directory
cc: No input files
a - amascj.o
a - amawcj.o
a - asimcj.o
a - betacj.o
a - bkeven.o
a - bkfini.o
a - bkjeve.o
a - bkjsta.o
a - bkkino.o
a - bkpihi.o
a - bkrrr6.o
a - bkrrr7.o
a - bksetw.o
a - bkstar.o
a - bkxkge.o
a - chrgcj.o
a - cjalia.o
a - cjbary.o
a - cjbask.o
a - cjbgev.o
a - cjbgex.o
a - cjbgpa.o
a - cjbjet.o
a - cjblbk.o
a - cjblep.o
a - cjbook.o
a - cjboso.o
a - cjbpre.o
a - cjdata.o
a - cjdecp.o
a - cjdecy.o
a - cjdmat.o
a - cjdsdt.o
a - cjdump.o
a - cjeb.o
a - cjegev.o
a - cjepre.o
a - cjeqrk.o
a - cjesig.o
a - cjevol.o
a - cjflac.o
a - cjfrce.o
a - cjgcod.o
a - cjgeq.o
a - cjgeve.o
a - cjgex.o
a - cjgexm.o
a - cjgpar.o
a - cjgrot.o
a - cjhadc.o
a - cjhadr.o
a - cjhard.o
a - cjheab.o
a - cjheae.o
a - cjheah.o
a - cjheat.o
a - cjhgev.o
a - cjhpre.o
a - cjiall.o
a - cjidge.o
a - cjjetc.o
a - cjjetg.o
a - cjjetq.o
a - cjkno.o
a - cjlor4.o
a - cjlorl.o
a - cjmatc.o
a - cjmbia.o
a - cjmeso.o
a - cjmovl.o
a - cjover.o
a - cjp4cr.o
a - cjpdg.o
a - cjptab.o
a - cjqcds.o
a - cjqcdt.o
a - cjqsge.o
a - cjqtge.o
a - cjrcry.o
a - cjrept.o
a - cjrinp.o
a - cjrotp.o
a - cjrtab.o
a - cjsphi.o
a - cjspho.o
a - cjstab.o
a - cjtbk1.o
a - cjtbk2.o
a - cjtdcy.o
a - cjtevo.o
a - cjthrs.o
a - cjthru.o
a - cjtlft.o
a - cjtmaj.o
a - cjwang.o
a - cjwdec.o
a - cjwrad.o
a - cjwrqz.o
a - cjzang.o
a - cjzdec.o
a - cjzgen.o
a - cjzges.o
a - cjzlim.o
a - cjzlms.o
a - cjzrad.o
a - cjzrqz.o
a - cojets.o
a - dexgcj.o
a - dexqcj.o
a - dhficj.o
a - dhidcj.o
a - dhnicj.o
a - dhvgcj.o
a - dhvqcj.o
a - dlogbk.o
a - ehl1cj.o
a - ehl2cj.o
a - f2incj.o
a - f2lxcj.o
a - f2xxcj.o
a - fglucj.o
a - fmulcj.o
a - fqrkcj.o
a - framcj.o
a - gammcj.o
a - idexcj.o
a - inidcj.o
a - ipdgcj.o
a - isacj.o
a - jdencj.o
a - lablcj.o
a - lchgcj.o
a - papicj.o
a - pdxcj.o
a - pdzxcj.o
a - ptwgcj.o
a - rncj.o
a - rnf1bk.o
a - rrgebk.o
a - wthbk.o
a - xexpcj.o
a - xkdebk.o
a - zxsecj.o
library is installed in directory /home/pcl2483/pedro/jadesoft/util/mcgen/src
***
*** library /home/pcl2483/pedro/jadesoft/util/mcgen/Plib/libcoj623d.a created.
***
--------------------------------------
... installing herwig58d
--------------------------------------
found jt74opal.car as /mnt/home/pcl2483/pedro/jadesoft/util/mcgen/src/jt74opal.car
found herwig58d2.car as /mnt/home/pcl2483/pedro/jadesoft/util/mcgen/src/herwig58d2.car

 Nypatchy executing with files / options

   1  PAM      -
   2  FORT      /home/pcl2483/pedro/tmp/ytofort7699/herwig58d.f
   3  read      /home/pcl2483/pedro/tmp/ytofort7699/herwig58d.cra
   4  print     /home/pcl2483/pedro/tmp/ytofort7699/herwig58d.lis
   5  CC       -    ...

 ---> start reading file  jt74opal.car

 Read Pam file: JETSET VERSION 7.4 TUNED TO OPAL DATA

 ---> start reading file  herwig58d2.car

 Read Pam file: unknown

 Read Pam file: HERWIG   5.8D      960218 12.55 CERN PROGRAM LIBRARY W5037


 Written:
   physical FORT:0        188 units  32154 lines to file  /home/pcl2483/pedro/tmp/ytofort7699/herwig58d.f
      0 TYPE               . U E   .      .  E   .         CRA*
      0 UNIX               . U E   .      .  E   .         CRA*

 Name stack:       significant name length is 32 characters
                4% used of   6000 name slots available
                3% used of  48000 bytes of text available

 Read:          11 lines from the cradle
             39306 lines from   3 PAM files for  2 lines +PAM

 Written:

   physical FORT:0        188 units  32154 lines to file  /home/pcl2483/pedro/tmp/ytofort7699/herwig58d.f

    logical FORT:1        188 decks written via FORT:0

 No errors, no warnings.

Mon Sep 22 07:06:12 CEST 2003 pedro ftolib herwig58d.f
found herwig58d.f as herwig58d.f
creating directory /home/pcl2483/pedro/jadesoft/util/mcgen/src/herwig58d
 FCASPLIT executing.
             Input file : herwig58d.for
           Shell script : herwig58d.shfca
              Make file : herwig58d.mkfca
        Fortran    name : g77  
        Fortran options : -c -O -fno-automatic  
             CC    name : gcc  
             CC options : -c -O2 -m486  
      Assembler    name : as  
      Assembler options :   
  32179 lines written for   187 decks
     42 trailing comment lines ignored.
decadd.f
eudini.f
fragmt.f
fxhlms.f
h58ddriv.f
hrnset.f
hvcbvi.f
hvhbvi.f
hwaend.f
hwbazf.f
hwbcon.f
hwbded.f
hwbdis.f
hwbfin.f
hwbgen.f
hwbjco.f
hwbmas.f
hwbran.f
hwbspa.f
hwbspn.f
hwbsu1.f
hwbsu2.f
hwbsud.f
hwbsug.f
hwbsul.f
hwbtim.f
hwbvmc.f
hwccut.f
hwcdec.f
hwcfla.f
hwcfor.f
hwcgsp.f
hwchad.f
hwconv.f
hwdbos.f
hwdboz.f
hwdcle.f
hwdeur.f
hwdhad.f
hwdhgc.f
hwdhgf.f
hwdhig.f
hwdhqk.f
hwdhvy.f
hwdidp.f
hwdpwt.f
hwdthr.f
hwdtop.f
hwdtwo.f
hwdwwt.f
hwefin.f
hwegam.f
hweini.f
hweisr.f
hweone.f
hwepro.f
hwetwo.f
hwhbgf.f
hwhbki.f
hwhbrn.f
hwhbsg.f
hwhdis.f
hwhdyp.f
hwhegg.f
hwhegw.f
hwhegx.f
hwhepa.f
hwhepg.f
hwhew0.f
hwhew1.f
hwhew2.f
hwhew3.f
hwhew4.f
hwhew5.f
hwheww.f
hwhhvy.f
hwhig1.f
hwhiga.f
hwhigb.f
hwhigj.f
hwhigm.f
hwhigs.f
hwhigt.f
hwhigw.f
hwhigy.f
hwhigz.f
hwhph2.f
hwhpho.f
hwhppb.f
hwhppe.f
hwhpph.f
hwhppm.f
hwhppt.f
hwhpqs.f
hwhqcd.f
hwhqcp.f
hwhrem.f
hwhsct.f
hwhw1j.f
hwhwex.f
hwhwpr.f
hwigin.f
hwmevt.f
hwmlps.f
hwmnbi.f
hwmult.f
hwmwgt.f
hwrazm.f
hwrexp.f
hwrexq.f
hwrext.f
hwrgau.f
hwrgen.f
hwrint.f
hwrlog.f
hwrpow.f
hwrung.f
hwruni.f
hwsbrn.f
hwsdgg.f
hwsdgq.f
hwsfbr.f
hwsfun.f
hwsgam.f
hwsgen.f
hwsgqq.f
hwsspc.f
hwssud.f
hwstab.f
hwstbl.f
hwsval.f
hwuaem.f
hwuaer.f
hwualf.f
hwubpr.f
hwubst.f
hwucff.f
hwuci2.f
hwudat.f
hwuecm.f
hwuedt.f
hwueec.f
hwuemv.f
hwuepr.f
hwufne.f
hwugau.f
hwuidt.f
hwuinc.f
hwuine.f
hwulb4.f
hwuldo.f
hwulf4.f
hwuli2.f
hwulob.f
hwulof.f
hwulor.f
hwumas.f
hwupcm.f
hwurap.f
hwures.f
hwurob.f
hwurof.f
hwurot.f
hwusor.f
hwusqr.f
hwusta.f
hwutab.f
hwutim.f
hwvdif.f
hwvdot.f
hwvequ.f
hwvsca.f
hwvsum.f
hwvzro.f
hwwarn.f
hwwrit.f
ieupdg.f
ipdgeu.f
iucomp.f
pdfset.f
pysthg.f
pystig.f
pystvg.f
qqinit.f
qqlmat.f
sas1d.f
structm.f
   ...compiling decadd.f:
   ...compiling eudini.f:
   ...compiling fragmt.f:
   ...compiling fxhlms.f:
   ...compiling h58ddriv.f:
   ...compiling hrnset.f:
   ...compiling hvcbvi.f:
   ...compiling hvhbvi.f:
   ...compiling hwaend.f:
   ...compiling hwbazf.f:
   ...compiling hwbcon.f:
   ...compiling hwbded.f:
   ...compiling hwbdis.f:
   ...compiling hwbfin.f:
   ...compiling hwbgen.f:
   ...compiling hwbjco.f:
   ...compiling hwbmas.f:
   ...compiling hwbran.f:
   ...compiling hwbspa.f:
   ...compiling hwbspn.f:
   ...compiling hwbsu1.f:
   ...compiling hwbsu2.f:
   ...compiling hwbsud.f:
   ...compiling hwbsug.f:
   ...compiling hwbsul.f:
   ...compiling hwbtim.f:
   ...compiling hwbvmc.f:
   ...compiling hwccut.f:
   ...compiling hwcdec.f:
   ...compiling hwcfla.f:
   ...compiling hwcfor.f:
   ...compiling hwcgsp.f:
   ...compiling hwchad.f:
   ...compiling hwconv.f:
   ...compiling hwdbos.f:
   ...compiling hwdboz.f:
   ...compiling hwdcle.f:
   ...compiling hwdeur.f:
   ...compiling hwdhad.f:
   ...compiling hwdhgc.f:
   ...compiling hwdhgf.f:
   ...compiling hwdhig.f:
   ...compiling hwdhqk.f:
   ...compiling hwdhvy.f:
   ...compiling hwdidp.f:
   ...compiling hwdpwt.f:
   ...compiling hwdthr.f:
   ...compiling hwdtop.f:
   ...compiling hwdtwo.f:
   ...compiling hwdwwt.f:
   ...compiling hwefin.f:
   ...compiling hwegam.f:
   ...compiling hweini.f:
   ...compiling hweisr.f:
   ...compiling hweone.f:
   ...compiling hwepro.f:
   ...compiling hwetwo.f:
   ...compiling hwhbgf.f:
   ...compiling hwhbki.f:
   ...compiling hwhbrn.f:
   ...compiling hwhbsg.f:
   ...compiling hwhdis.f:
   ...compiling hwhdyp.f:
   ...compiling hwhegg.f:
   ...compiling hwhegw.f:
   ...compiling hwhegx.f:
   ...compiling hwhepa.f:
   ...compiling hwhepg.f:
   ...compiling hwhew0.f:
   ...compiling hwhew1.f:
   ...compiling hwhew2.f:
   ...compiling hwhew3.f:
   ...compiling hwhew4.f:
   ...compiling hwhew5.f:
   ...compiling hwheww.f:
   ...compiling hwhhvy.f:
   ...compiling hwhig1.f:
   ...compiling hwhiga.f:
   ...compiling hwhigb.f:
   ...compiling hwhigj.f:
   ...compiling hwhigm.f:
   ...compiling hwhigs.f:
   ...compiling hwhigt.f:
   ...compiling hwhigw.f:
   ...compiling hwhigy.f:
   ...compiling hwhigz.f:
   ...compiling hwhph2.f:
   ...compiling hwhpho.f:
   ...compiling hwhppb.f:
   ...compiling hwhppe.f:
   ...compiling hwhpph.f:
   ...compiling hwhppm.f:
   ...compiling hwhppt.f:
   ...compiling hwhpqs.f:
   ...compiling hwhqcd.f:
   ...compiling hwhqcp.f:
   ...compiling hwhrem.f:
   ...compiling hwhsct.f:
   ...compiling hwhw1j.f:
   ...compiling hwhwex.f:
   ...compiling hwhwpr.f:
   ...compiling hwigin.f:
   ...compiling hwmevt.f:
   ...compiling hwmlps.f:
   ...compiling hwmnbi.f:
   ...compiling hwmult.f:
   ...compiling hwmwgt.f:
   ...compiling hwrazm.f:
   ...compiling hwrexp.f:
   ...compiling hwrexq.f:
   ...compiling hwrext.f:
   ...compiling hwrgau.f:
   ...compiling hwrgen.f:
   ...compiling hwrint.f:
   ...compiling hwrlog.f:
   ...compiling hwrpow.f:
   ...compiling hwrung.f:
   ...compiling hwruni.f:
   ...compiling hwsbrn.f:
   ...compiling hwsdgg.f:
   ...compiling hwsdgq.f:
   ...compiling hwsfbr.f:
   ...compiling hwsfun.f:
   ...compiling hwsgam.f:
   ...compiling hwsgen.f:
   ...compiling hwsgqq.f:
   ...compiling hwsspc.f:
   ...compiling hwssud.f:
   ...compiling hwstab.f:
   ...compiling hwstbl.f:
   ...compiling hwsval.f:
   ...compiling hwuaem.f:
   ...compiling hwuaer.f:
   ...compiling hwualf.f:
   ...compiling hwubpr.f:
   ...compiling hwubst.f:
   ...compiling hwucff.f:
   ...compiling hwuci2.f:
   ...compiling hwudat.f:
   ...compiling hwuecm.f:
   ...compiling hwuedt.f:
   ...compiling hwueec.f:
   ...compiling hwuemv.f:
   ...compiling hwuepr.f:
   ...compiling hwufne.f:
   ...compiling hwugau.f:
   ...compiling hwuidt.f:
   ...compiling hwuinc.f:
   ...compiling hwuine.f:
   ...compiling hwulb4.f:
   ...compiling hwuldo.f:
   ...compiling hwulf4.f:
   ...compiling hwuli2.f:
   ...compiling hwulob.f:
   ...compiling hwulof.f:
   ...compiling hwulor.f:
   ...compiling hwumas.f:
   ...compiling hwupcm.f:
   ...compiling hwurap.f:
   ...compiling hwures.f:
   ...compiling hwurob.f:
   ...compiling hwurof.f:
   ...compiling hwurot.f:
   ...compiling hwusor.f:
   ...compiling hwusqr.f:
   ...compiling hwusta.f:
   ...compiling hwutab.f:
   ...compiling hwutim.f:
   ...compiling hwvdif.f:
   ...compiling hwvdot.f:
   ...compiling hwvequ.f:
   ...compiling hwvsca.f:
   ...compiling hwvsum.f:
   ...compiling hwvzro.f:
   ...compiling hwwarn.f:
   ...compiling hwwrit.f:
   ...compiling ieupdg.f:
   ...compiling ipdgeu.f:
   ...compiling iucomp.f:
   ...compiling pdfset.f:
   ...compiling pysthg.f:
   ...compiling pystig.f:
   ...compiling pystvg.f:
   ...compiling qqinit.f:
   ...compiling qqlmat.f:
   ...compiling sas1d.f:
   ...compiling structm.f:
   ...compiling *.c:
cc: *.c: No such file or directory
cc: No input files
a - decadd.o
a - eudini.o
a - fragmt.o
a - fxhlms.o
a - h58ddriv.o
a - hrnset.o
a - hvcbvi.o
a - hvhbvi.o
a - hwaend.o
a - hwbazf.o
a - hwbcon.o
a - hwbded.o
a - hwbdis.o
a - hwbfin.o
a - hwbgen.o
a - hwbjco.o
a - hwbmas.o
a - hwbran.o
a - hwbspa.o
a - hwbspn.o
a - hwbsu1.o
a - hwbsu2.o
a - hwbsud.o
a - hwbsug.o
a - hwbsul.o
a - hwbtim.o
a - hwbvmc.o
a - hwccut.o
a - hwcdec.o
a - hwcfla.o
a - hwcfor.o
a - hwcgsp.o
a - hwchad.o
a - hwconv.o
a - hwdbos.o
a - hwdboz.o
a - hwdcle.o
a - hwdeur.o
a - hwdhad.o
a - hwdhgc.o
a - hwdhgf.o
a - hwdhig.o
a - hwdhqk.o
a - hwdhvy.o
a - hwdidp.o
a - hwdpwt.o
a - hwdthr.o
a - hwdtop.o
a - hwdtwo.o
a - hwdwwt.o
a - hwefin.o
a - hwegam.o
a - hweini.o
a - hweisr.o
a - hweone.o
a - hwepro.o
a - hwetwo.o
a - hwhbgf.o
a - hwhbki.o
a - hwhbrn.o
a - hwhbsg.o
a - hwhdis.o
a - hwhdyp.o
a - hwhegg.o
a - hwhegw.o
a - hwhegx.o
a - hwhepa.o
a - hwhepg.o
a - hwhew0.o
a - hwhew1.o
a - hwhew2.o
a - hwhew3.o
a - hwhew4.o
a - hwhew5.o
a - hwheww.o
a - hwhhvy.o
a - hwhig1.o
a - hwhiga.o
a - hwhigb.o
a - hwhigj.o
a - hwhigm.o
a - hwhigs.o
a - hwhigt.o
a - hwhigw.o
a - hwhigy.o
a - hwhigz.o
a - hwhph2.o
a - hwhpho.o
a - hwhppb.o
a - hwhppe.o
a - hwhpph.o
a - hwhppm.o
a - hwhppt.o
a - hwhpqs.o
a - hwhqcd.o
a - hwhqcp.o
a - hwhrem.o
a - hwhsct.o
a - hwhw1j.o
a - hwhwex.o
a - hwhwpr.o
a - hwigin.o
a - hwmevt.o
a - hwmlps.o
a - hwmnbi.o
a - hwmult.o
a - hwmwgt.o
a - hwrazm.o
a - hwrexp.o
a - hwrexq.o
a - hwrext.o
a - hwrgau.o
a - hwrgen.o
a - hwrint.o
a - hwrlog.o
a - hwrpow.o
a - hwrung.o
a - hwruni.o
a - hwsbrn.o
a - hwsdgg.o
a - hwsdgq.o
a - hwsfbr.o
a - hwsfun.o
a - hwsgam.o
a - hwsgen.o
a - hwsgqq.o
a - hwsspc.o
a - hwssud.o
a - hwstab.o
a - hwstbl.o
a - hwsval.o
a - hwuaem.o
a - hwuaer.o
a - hwualf.o
a - hwubpr.o
a - hwubst.o
a - hwucff.o
a - hwuci2.o
a - hwudat.o
a - hwuecm.o
a - hwuedt.o
a - hwueec.o
a - hwuemv.o
a - hwuepr.o
a - hwufne.o
a - hwugau.o
a - hwuidt.o
a - hwuinc.o
a - hwuine.o
a - hwulb4.o
a - hwuldo.o
a - hwulf4.o
a - hwuli2.o
a - hwulob.o
a - hwulof.o
a - hwulor.o
a - hwumas.o
a - hwupcm.o
a - hwurap.o
a - hwures.o
a - hwurob.o
a - hwurof.o
a - hwurot.o
a - hwusor.o
a - hwusqr.o
a - hwusta.o
a - hwutab.o
a - hwutim.o
a - hwvdif.o
a - hwvdot.o
a - hwvequ.o
a - hwvsca.o
a - hwvsum.o
a - hwvzro.o
a - hwwarn.o
a - hwwrit.o
a - ieupdg.o
a - ipdgeu.o
a - iucomp.o
a - pdfset.o
a - pysthg.o
a - pystig.o
a - pystvg.o
a - qqinit.o
a - qqlmat.o
a - sas1d.o
a - structm.o
library is installed in directory /home/pcl2483/pedro/jadesoft/util/mcgen/src
***
*** library /home/pcl2483/pedro/jadesoft/util/mcgen/Plib/libherwig58d.a created.
***
--------------------------------------
... installing herwig59
--------------------------------------
found jetset74.car as /mnt/home/pcl2483/pedro/jadesoft/util/mcgen/src/jetset74.car
found herwig59.car as /mnt/home/pcl2483/pedro/jadesoft/util/mcgen/src/herwig59.car

 Nypatchy executing with files / options

   1  PAM      -
   2  FORT      /home/pcl2483/pedro/tmp/ytofort10017/herwig59.f
   3  read      /home/pcl2483/pedro/tmp/ytofort10017/herwig59.cra
   4  print     /home/pcl2483/pedro/tmp/ytofort10017/herwig59.lis
   5  CC       -    ...

 ---> start reading file  jetset74.car

 Read Pam file: unknown

 ---> start reading file  herwig59.car

 Read Pam file: unknown


 Written:
   physical FORT:0        201 units  42784 lines to file  /home/pcl2483/pedro/tmp/ytofort10017/herwig59.f
      0 TYPE               . U E   .      .  E   .         CRA*
      0 UNIX               . U E   .      .  E   .         CRA*

 Name stack:       significant name length is 32 characters
                4% used of   6000 name slots available
                3% used of  48000 bytes of text available

 Read:          11 lines from the cradle
             43305 lines from   2 PAM files for  2 lines +PAM

 Written:

   physical FORT:0        201 units  42784 lines to file  /home/pcl2483/pedro/tmp/ytofort10017/herwig59.f

    logical FORT:1        201 decks written via FORT:0

 No errors, no warnings.

Mon Sep 22 07:07:01 CEST 2003 pedro ftolib herwig59.f
found herwig59.f as herwig59.f
creating directory /home/pcl2483/pedro/jadesoft/util/mcgen/src/herwig59
 FCASPLIT executing.
             Input file : herwig59.for
           Shell script : herwig59.shfca
              Make file : herwig59.mkfca
        Fortran    name : g77  
        Fortran options : -c -O -fno-automatic  
             CC    name : gcc  
             CC options : -c -O2 -m486  
      Assembler    name : as  
      Assembler options :   
  42845 lines written for   200 decks
     21 trailing comment lines ignored.
decadd.f
eudini.f
fragmt.f
fxhlms.f
h59driv.f
hrnset.f
hvcbvi.f
hvhbvi.f
hwaend.f
hwbazf.f
hwbcon.f
hwbded.f
hwbdis.f
hwbfin.f
hwbgen.f
hwbjco.f
hwbmas.f
hwbran.f
hwbspa.f
hwbspn.f
hwbsu1.f
hwbsu2.f
hwbsud.f
hwbsug.f
hwbsul.f
hwbtim.f
hwbvmc.f
hwccut.f
hwcdec.f
hwcfla.f
hwcfor.f
hwcgsp.f
hwchad.f
hwconv.f
hwdbos.f
hwdboz.f
hwdchk.f
hwdcle.f
hwdeur.f
hwdfiv.f
hwdfor.f
hwdhad.f
hwdhgc.f
hwdhgf.f
hwdhig.f
hwdhqk.f
hwdhvy.f
hwdidp.f
hwdpwt.f
hwdthr.f
hwdtop.f
hwdtwo.f
hwdwwt.f
hwdxlm.f
hwefin.f
hwegam.f
hweini.f
hweisr.f
hweone.f
hwepro.f
hwetwo.f
hwhbgf.f
hwhbki.f
hwhbrn.f
hwhbsg.f
hwhdis.f
hwhdyp.f
hwhegg.f
hwhegw.f
hwhegx.f
hwhepa.f
hwhepg.f
hwhew0.f
hwhew1.f
hwhew2.f
hwhew3.f
hwhew4.f
hwhew5.f
hwheww.f
hwhhvy.f
hwhig1.f
hwhiga.f
hwhigb.f
hwhigj.f
hwhigm.f
hwhigs.f
hwhigt.f
hwhigw.f
hwhigy.f
hwhigz.f
hwhph2.f
hwhpho.f
hwhppb.f
hwhppe.f
hwhpph.f
hwhppm.f
hwhppt.f
hwhpqs.f
hwhqcd.f
hwhqcp.f
hwhrem.f
hwhsct.f
hwhsng.f
hwhsnm.f
hwhv1j.f
hwhwex.f
hwhwpr.f
hwigin.f
hwiodk.f
hwmevt.f
hwmlps.f
hwmnbi.f
hwmodk.f
hwmult.f
hwmwgt.f
hwrazm.f
hwrexp.f
hwrexq.f
hwrext.f
hwrgau.f
hwrgen.f
hwrint.f
hwrlog.f
hwrpip.f
hwrpow.f
hwrung.f
hwruni.f
hwsbrn.f
hwsdgg.f
hwsdgq.f
hwsfbr.f
hwsfun.f
hwsgam.f
hwsgen.f
hwsgqq.f
hwsspc.f
hwssud.f
hwstab.f
hwstbl.f
hwsval.f
hwuaem.f
hwuaer.f
hwualf.f
hwuant.f
hwubpr.f
hwubst.f
hwucff.f
hwuci2.f
hwudat.f
hwudkl.f
hwudks.f
hwudpr.f
hwuecm.f
hwuedt.f
hwueec.f
hwuemv.f
hwuepr.f
hwufne.f
hwugau.f
hwuidt.f
hwuinc.f
hwuine.f
hwulb4.f
hwuldo.f
hwulf4.f
hwuli2.f
hwulob.f
hwulof.f
hwulor.f
hwumas.f
hwupcm.f
hwurap.f
hwures.f
hwurob.f
hwurof.f
hwurot.f
hwusor.f
hwusqr.f
hwusta.f
hwutab.f
hwutim.f
hwvdif.f
hwvdot.f
hwvequ.f
hwvsca.f
hwvsum.f
hwvzro.f
hwwarn.f
hwwrit.f
ieupdg.f
ipdgeu.f
pdfset.f
qqinit.f
qqlmat.f
sasano.f
sasbeh.f
sasdir.f
sasgam.f
sasvmd.f
structm.f
   ...compiling decadd.f:
   ...compiling eudini.f:
   ...compiling fragmt.f:
   ...compiling fxhlms.f:
   ...compiling h59driv.f:
   ...compiling hrnset.f:
   ...compiling hvcbvi.f:
   ...compiling hvhbvi.f:
   ...compiling hwaend.f:
   ...compiling hwbazf.f:
   ...compiling hwbcon.f:
   ...compiling hwbded.f:
   ...compiling hwbdis.f:
   ...compiling hwbfin.f:
   ...compiling hwbgen.f:
   ...compiling hwbjco.f:
   ...compiling hwbmas.f:
   ...compiling hwbran.f:
   ...compiling hwbspa.f:
   ...compiling hwbspn.f:
   ...compiling hwbsu1.f:
   ...compiling hwbsu2.f:
   ...compiling hwbsud.f:
   ...compiling hwbsug.f:
   ...compiling hwbsul.f:
   ...compiling hwbtim.f:
   ...compiling hwbvmc.f:
   ...compiling hwccut.f:
   ...compiling hwcdec.f:
   ...compiling hwcfla.f:
   ...compiling hwcfor.f:
   ...compiling hwcgsp.f:
   ...compiling hwchad.f:
   ...compiling hwconv.f:
   ...compiling hwdbos.f:
   ...compiling hwdboz.f:
   ...compiling hwdchk.f:
   ...compiling hwdcle.f:
   ...compiling hwdeur.f:
   ...compiling hwdfiv.f:
   ...compiling hwdfor.f:
   ...compiling hwdhad.f:
   ...compiling hwdhgc.f:
   ...compiling hwdhgf.f:
   ...compiling hwdhig.f:
   ...compiling hwdhqk.f:
   ...compiling hwdhvy.f:
   ...compiling hwdidp.f:
   ...compiling hwdpwt.f:
   ...compiling hwdthr.f:
   ...compiling hwdtop.f:
   ...compiling hwdtwo.f:
   ...compiling hwdwwt.f:
   ...compiling hwdxlm.f:
   ...compiling hwefin.f:
   ...compiling hwegam.f:
   ...compiling hweini.f:
   ...compiling hweisr.f:
   ...compiling hweone.f:
   ...compiling hwepro.f:
   ...compiling hwetwo.f:
   ...compiling hwhbgf.f:
   ...compiling hwhbki.f:
   ...compiling hwhbrn.f:
   ...compiling hwhbsg.f:
   ...compiling hwhdis.f:
   ...compiling hwhdyp.f:
   ...compiling hwhegg.f:
   ...compiling hwhegw.f:
   ...compiling hwhegx.f:
   ...compiling hwhepa.f:
   ...compiling hwhepg.f:
   ...compiling hwhew0.f:
   ...compiling hwhew1.f:
   ...compiling hwhew2.f:
   ...compiling hwhew3.f:
   ...compiling hwhew4.f:
   ...compiling hwhew5.f:
   ...compiling hwheww.f:
   ...compiling hwhhvy.f:
   ...compiling hwhig1.f:
   ...compiling hwhiga.f:
   ...compiling hwhigb.f:
   ...compiling hwhigj.f:
   ...compiling hwhigm.f:
   ...compiling hwhigs.f:
   ...compiling hwhigt.f:
   ...compiling hwhigw.f:
   ...compiling hwhigy.f:
   ...compiling hwhigz.f:
   ...compiling hwhph2.f:
   ...compiling hwhpho.f:
   ...compiling hwhppb.f:
   ...compiling hwhppe.f:
   ...compiling hwhpph.f:
   ...compiling hwhppm.f:
   ...compiling hwhppt.f:
   ...compiling hwhpqs.f:
   ...compiling hwhqcd.f:
   ...compiling hwhqcp.f:
   ...compiling hwhrem.f:
   ...compiling hwhsct.f:
   ...compiling hwhsng.f:
   ...compiling hwhsnm.f:
   ...compiling hwhv1j.f:
   ...compiling hwhwex.f:
   ...compiling hwhwpr.f:
   ...compiling hwigin.f:
   ...compiling hwiodk.f:
   ...compiling hwmevt.f:
   ...compiling hwmlps.f:
   ...compiling hwmnbi.f:
   ...compiling hwmodk.f:
   ...compiling hwmult.f:
   ...compiling hwmwgt.f:
   ...compiling hwrazm.f:
   ...compiling hwrexp.f:
   ...compiling hwrexq.f:
   ...compiling hwrext.f:
   ...compiling hwrgau.f:
   ...compiling hwrgen.f:
   ...compiling hwrint.f:
   ...compiling hwrlog.f:
   ...compiling hwrpip.f:
   ...compiling hwrpow.f:
   ...compiling hwrung.f:
   ...compiling hwruni.f:
   ...compiling hwsbrn.f:
   ...compiling hwsdgg.f:
   ...compiling hwsdgq.f:
   ...compiling hwsfbr.f:
   ...compiling hwsfun.f:
   ...compiling hwsgam.f:
   ...compiling hwsgen.f:
   ...compiling hwsgqq.f:
   ...compiling hwsspc.f:
   ...compiling hwssud.f:
   ...compiling hwstab.f:
   ...compiling hwstbl.f:
   ...compiling hwsval.f:
   ...compiling hwuaem.f:
   ...compiling hwuaer.f:
   ...compiling hwualf.f:
   ...compiling hwuant.f:
   ...compiling hwubpr.f:
   ...compiling hwubst.f:
   ...compiling hwucff.f:
   ...compiling hwuci2.f:
   ...compiling hwudat.f:
hwudat.f: In block-data `hwudat':
hwudat.f:171: warning:
         COMMON/HWUPDT/BRFRAC(NMXDKS),CMMOM(NMXDKS),DKLTM(NMXRES),
                ^
Initialization of large (216012-unit) aggregate area `hwupdt' at (^) currently very slow and takes lots of memory during g77 compile -- to be improved in 0.6
   ...compiling hwudkl.f:
   ...compiling hwudks.f:
   ...compiling hwudpr.f:
   ...compiling hwuecm.f:
   ...compiling hwuedt.f:
   ...compiling hwueec.f:
   ...compiling hwuemv.f:
   ...compiling hwuepr.f:
   ...compiling hwufne.f:
   ...compiling hwugau.f:
   ...compiling hwuidt.f:
   ...compiling hwuinc.f:
   ...compiling hwuine.f:
hwuine.f: In subroutine `hwuine':
hwuine.f:223: warning:
         CALL HWVZRO(2*NMXHEP,JMOHEP)
              1
hwuine.f:225: (continued):
         CALL HWVZRO(4*NMXHEP,VHEP)
              2
Argument #2 of `hwvzro' is one type at (2) but is some other type at (1) [info -f g77 M GLOBALS]
hwuine.f:223: warning:
         CALL HWVZRO(2*NMXHEP,JMOHEP)
              1
hwuine.f:226: (continued):
         CALL HWVZRO(3*NMXHEP,RHOHEP)
              2
Argument #2 of `hwvzro' is one type at (2) but is some other type at (1) [info -f g77 M GLOBALS]
   ...compiling hwulb4.f:
   ...compiling hwuldo.f:
   ...compiling hwulf4.f:
   ...compiling hwuli2.f:
   ...compiling hwulob.f:
   ...compiling hwulof.f:
   ...compiling hwulor.f:
   ...compiling hwumas.f:
   ...compiling hwupcm.f:
   ...compiling hwurap.f:
   ...compiling hwures.f:
   ...compiling hwurob.f:
   ...compiling hwurof.f:
   ...compiling hwurot.f:
   ...compiling hwusor.f:
   ...compiling hwusqr.f:
   ...compiling hwusta.f:
   ...compiling hwutab.f:
   ...compiling hwutim.f:
   ...compiling hwvdif.f:
   ...compiling hwvdot.f:
   ...compiling hwvequ.f:
   ...compiling hwvsca.f:
   ...compiling hwvsum.f:
   ...compiling hwvzro.f:
   ...compiling hwwarn.f:
   ...compiling hwwrit.f:
   ...compiling ieupdg.f:
   ...compiling ipdgeu.f:
   ...compiling pdfset.f:
   ...compiling qqinit.f:
   ...compiling qqlmat.f:
   ...compiling sasano.f:
   ...compiling sasbeh.f:
   ...compiling sasdir.f:
   ...compiling sasgam.f:
   ...compiling sasvmd.f:
   ...compiling structm.f:
   ...compiling *.c:
cc: *.c: No such file or directory
cc: No input files
a - decadd.o
a - eudini.o
a - fragmt.o
a - fxhlms.o
a - h59driv.o
a - hrnset.o
a - hvcbvi.o
a - hvhbvi.o
a - hwaend.o
a - hwbazf.o
a - hwbcon.o
a - hwbded.o
a - hwbdis.o
a - hwbfin.o
a - hwbgen.o
a - hwbjco.o
a - hwbmas.o
a - hwbran.o
a - hwbspa.o
a - hwbspn.o
a - hwbsu1.o
a - hwbsu2.o
a - hwbsud.o
a - hwbsug.o
a - hwbsul.o
a - hwbtim.o
a - hwbvmc.o
a - hwccut.o
a - hwcdec.o
a - hwcfla.o
a - hwcfor.o
a - hwcgsp.o
a - hwchad.o
a - hwconv.o
a - hwdbos.o
a - hwdboz.o
a - hwdchk.o
a - hwdcle.o
a - hwdeur.o
a - hwdfiv.o
a - hwdfor.o
a - hwdhad.o
a - hwdhgc.o
a - hwdhgf.o
a - hwdhig.o
a - hwdhqk.o
a - hwdhvy.o
a - hwdidp.o
a - hwdpwt.o
a - hwdthr.o
a - hwdtop.o
a - hwdtwo.o
a - hwdwwt.o
a - hwdxlm.o
a - hwefin.o
a - hwegam.o
a - hweini.o
a - hweisr.o
a - hweone.o
a - hwepro.o
a - hwetwo.o
a - hwhbgf.o
a - hwhbki.o
a - hwhbrn.o
a - hwhbsg.o
a - hwhdis.o
a - hwhdyp.o
a - hwhegg.o
a - hwhegw.o
a - hwhegx.o
a - hwhepa.o
a - hwhepg.o
a - hwhew0.o
a - hwhew1.o
a - hwhew2.o
a - hwhew3.o
a - hwhew4.o
a - hwhew5.o
a - hwheww.o
a - hwhhvy.o
a - hwhig1.o
a - hwhiga.o
a - hwhigb.o
a - hwhigj.o
a - hwhigm.o
a - hwhigs.o
a - hwhigt.o
a - hwhigw.o
a - hwhigy.o
a - hwhigz.o
a - hwhph2.o
a - hwhpho.o
a - hwhppb.o
a - hwhppe.o
a - hwhpph.o
a - hwhppm.o
a - hwhppt.o
a - hwhpqs.o
a - hwhqcd.o
a - hwhqcp.o
a - hwhrem.o
a - hwhsct.o
a - hwhsng.o
a - hwhsnm.o
a - hwhv1j.o
a - hwhwex.o
a - hwhwpr.o
a - hwigin.o
a - hwiodk.o
a - hwmevt.o
a - hwmlps.o
a - hwmnbi.o
a - hwmodk.o
a - hwmult.o
a - hwmwgt.o
a - hwrazm.o
a - hwrexp.o
a - hwrexq.o
a - hwrext.o
a - hwrgau.o
a - hwrgen.o
a - hwrint.o
a - hwrlog.o
a - hwrpip.o
a - hwrpow.o
a - hwrung.o
a - hwruni.o
a - hwsbrn.o
a - hwsdgg.o
a - hwsdgq.o
a - hwsfbr.o
a - hwsfun.o
a - hwsgam.o
a - hwsgen.o
a - hwsgqq.o
a - hwsspc.o
a - hwssud.o
a - hwstab.o
a - hwstbl.o
a - hwsval.o
a - hwuaem.o
a - hwuaer.o
a - hwualf.o
a - hwuant.o
a - hwubpr.o
a - hwubst.o
a - hwucff.o
a - hwuci2.o
a - hwudat.o
a - hwudkl.o
a - hwudks.o
a - hwudpr.o
a - hwuecm.o
a - hwuedt.o
a - hwueec.o
a - hwuemv.o
a - hwuepr.o
a - hwufne.o
a - hwugau.o
a - hwuidt.o
a - hwuinc.o
a - hwuine.o
a - hwulb4.o
a - hwuldo.o
a - hwulf4.o
a - hwuli2.o
a - hwulob.o
a - hwulof.o
a - hwulor.o
a - hwumas.o
a - hwupcm.o
a - hwurap.o
a - hwures.o
a - hwurob.o
a - hwurof.o
a - hwurot.o
a - hwusor.o
a - hwusqr.o
a - hwusta.o
a - hwutab.o
a - hwutim.o
a - hwvdif.o
a - hwvdot.o
a - hwvequ.o
a - hwvsca.o
a - hwvsum.o
a - hwvzro.o
a - hwwarn.o
a - hwwrit.o
a - ieupdg.o
a - ipdgeu.o
a - pdfset.o
a - qqinit.o
a - qqlmat.o
a - sasano.o
a - sasbeh.o
a - sasdir.o
a - sasgam.o
a - sasvmd.o
a - structm.o
library is installed in directory /home/pcl2483/pedro/jadesoft/util/mcgen/src
***
*** library /home/pcl2483/pedro/jadesoft/util/mcgen/Plib/libherwig59.a created.
***
--------------------------------------
... installing jt63jade
--------------------------------------
found jt74opal.car as /mnt/home/pcl2483/pedro/jadesoft/util/mcgen/src/jt74opal.car
found jt63jade.car as /mnt/home/pcl2483/pedro/jadesoft/util/mcgen/src/jt63jade.car

 Nypatchy executing with files / options

   1  PAM      -
   2  FORT      /home/pcl2483/pedro/tmp/ytofort12491/jt63jade.f
   3  read      /home/pcl2483/pedro/tmp/ytofort12491/jt63jade.cra
   4  print     /home/pcl2483/pedro/tmp/ytofort12491/jt63jade.lis
   5  CC       -    ...

 ---> start reading file  jt74opal.car

 Read Pam file: JETSET VERSION 7.4 TUNED TO OPAL DATA

 ---> start reading file  jt63jade.car

 Read Pam file: JETSET VERSION 6.3 TUNED TO JADE DATA


 Written:
   physical FORT:0          4 units   6312 lines to file  /home/pcl2483/pedro/tmp/ytofort12491/jt63jade.f
    115 LU63KERN           . U E   .      .  E   .         CRA*
    116 CRA*               . U E   .      .  E   .     R   CRA*

 Name stack:       significant name length is 32 characters
                1% used of   6000 name slots available
                1% used of  48000 bytes of text available

 Read:           7 lines from the cradle
             28031 lines from   2 PAM files for  2 lines +PAM

 Written:

   physical FORT:0          4 units   6312 lines to file  /home/pcl2483/pedro/tmp/ytofort12491/jt63jade.f

    logical FORT:1          4 decks written via FORT:0

 No errors, no warnings.

Mon Sep 22 07:08:07 CEST 2003 pedro ftolib jt63jade.f
found jt63jade.f as jt63jade.f
creating directory /home/pcl2483/pedro/jadesoft/util/mcgen/src/jt63jade
 FCASPLIT executing.
             Input file : jt63jade.for
           Shell script : jt63jade.shfca
              Make file : jt63jade.mkfca
        Fortran    name : g77  
        Fortran options : -c -O -fno-automatic  
             CC    name : gcc  
             CC options : -c -O2 -m486  
      Assembler    name : as  
      Assembler options :   
   6300 lines written for     4 decks
     12 trailing comment lines ignored.
jt63ja.f
lupart.f
lu1jet.f
lu2jet.f
lu3jet.f
lu4jet.f
klu.f
plu.f
lurobo.f
luedit.f
lulist.f
luupda.f
luexec.f
luprep.f
lucons.f
luonej.f
lusysj.f
ludecy.f
luifld.f
ulmass.f
luptdi.f
luzdis.f
luiflv.f
luchge.f
luname.f
ulangl.f
luda63.f
lueevt.f
luxtot.f
luradk.f
luxifl.f
luxjet.f
lux3jt.f
lux4jt.f
luxdif.f
luonia.f
luesta.f
lushow.f
lusphe.f
luthru.f
luclus.f
luorie.f
lucell.f
lufowo.f
ulalps.f
luedat.f
lulopt.f
luhdat.f
rlu.f
lucomp.f
rlu74.f
   ...compiling jt63ja.f:
   ...compiling klu.f:
   ...compiling lu1jet.f:
   ...compiling lu2jet.f:
   ...compiling lu3jet.f:
   ...compiling lu4jet.f:
   ...compiling lucell.f:
   ...compiling luchge.f:
   ...compiling luclus.f:
   ...compiling lucomp.f:
   ...compiling lucons.f:
   ...compiling luda63.f:
   ...compiling ludecy.f:
   ...compiling luedat.f:
   ...compiling luedit.f:
   ...compiling lueevt.f:
   ...compiling luesta.f:
   ...compiling luexec.f:
   ...compiling lufowo.f:
   ...compiling luhdat.f:
   ...compiling luifld.f:
   ...compiling luiflv.f:
   ...compiling lulist.f:
   ...compiling lulopt.f:
   ...compiling luname.f:
   ...compiling luonej.f:
   ...compiling luonia.f:
   ...compiling luorie.f:
   ...compiling lupart.f:
   ...compiling luprep.f:
   ...compiling luptdi.f:
   ...compiling luradk.f:
   ...compiling lurobo.f:
   ...compiling lushow.f:
   ...compiling lusphe.f:
   ...compiling lusysj.f:
   ...compiling luthru.f:
   ...compiling luupda.f:
   ...compiling lux3jt.f:
   ...compiling lux4jt.f:
   ...compiling luxdif.f:
   ...compiling luxifl.f:
   ...compiling luxjet.f:
   ...compiling luxtot.f:
   ...compiling luzdis.f:
   ...compiling plu.f:
   ...compiling rlu.f:
   ...compiling rlu74.f:
   ...compiling ulalps.f:
   ...compiling ulangl.f:
   ...compiling ulmass.f:
   ...compiling *.c:
cc: *.c: No such file or directory
cc: No input files
a - jt63ja.o
a - klu.o
a - lu1jet.o
a - lu2jet.o
a - lu3jet.o
a - lu4jet.o
a - lucell.o
a - luchge.o
a - luclus.o
a - lucomp.o
a - lucons.o
a - luda63.o
a - ludecy.o
a - luedat.o
a - luedit.o
a - lueevt.o
a - luesta.o
a - luexec.o
a - lufowo.o
a - luhdat.o
a - luifld.o
a - luiflv.o
a - lulist.o
a - lulopt.o
a - luname.o
a - luonej.o
a - luonia.o
a - luorie.o
a - lupart.o
a - luprep.o
a - luptdi.o
a - luradk.o
a - lurobo.o
a - lushow.o
a - lusphe.o
a - lusysj.o
a - luthru.o
a - luupda.o
a - lux3jt.o
a - lux4jt.o
a - luxdif.o
a - luxifl.o
a - luxjet.o
a - luxtot.o
a - luzdis.o
a - plu.o
a - rlu.o
a - rlu74.o
a - ulalps.o
a - ulangl.o
a - ulmass.o
library is installed in directory /home/pcl2483/pedro/jadesoft/util/mcgen/src
***
*** library /home/pcl2483/pedro/jadesoft/util/mcgen/Plib/libjt63jade.a created.
***
--------------------------------------
... installing jt74opal
--------------------------------------
found geant321.car as /mnt/home/pcl2483/pedro/jadesoft/util/mcgen/src/geant321.car
found rope417.car as /mnt/home/pcl2483/pedro/jadesoft/util/mcgen/src/rope417.car
found gopal141.car as /mnt/home/pcl2483/pedro/jadesoft/util/mcgen/src/gopal141.car
found jt74opal.car as /mnt/home/pcl2483/pedro/jadesoft/util/mcgen/src/jt74opal.car

 Nypatchy executing with files / options

   1  PAM      -
   2  FORT      /home/pcl2483/pedro/tmp/ytofort13084/jt74opal.f
   3  read      /home/pcl2483/pedro/tmp/ytofort13084/jt74opal.cra
   4  print     /home/pcl2483/pedro/tmp/ytofort13084/jt74opal.lis
   5  CC       -    ...

 ---> start reading file  geant321.car

 Read Pam file: GEANT   3.21/03  17/10/94  16.00.29  CERN PROGRAM LIBRARY GE

 ---> start reading file  rope417.car

 Read Pam file: ROPE    4.17/04 990412 17.10    THE OPAL RECONSTRUCTION PROG

 ---> start reading file  gopal141.car

 Read Pam file: GOPAL   1.41/11   990302  18:00  The OPAL/GEANT3 Monte Carlo

 ---> start reading file  jt74opal.car

 Read Pam file: JETSET VERSION 7.4 TUNED TO OPAL DATA


 Written:
   physical FORT:0         16 units  19935 lines to file  /home/pcl2483/pedro/tmp/ytofort13084/jt74opal.f

      0 PCLINUX            . U E   .      .  E   .         CRA*

 Name stack:       significant name length is 32 characters
                7% used of   6000 name slots available
                5% used of  48000 bytes of text available

 Read:           9 lines from the cradle
            140918 lines from   4 PAM files for  4 lines +PAM

 Written:

   physical FORT:0         16 units  19935 lines to file  /home/pcl2483/pedro/tmp/ytofort13084/jt74opal.f

    logical FORT:1         16 decks written via FORT:0

 No errors, no warnings.

Mon Sep 22 07:08:27 CEST 2003 pedro ftolib jt74opal.f
found jt74opal.f as jt74opal.f
creating directory /home/pcl2483/pedro/jadesoft/util/mcgen/src/jt74opal
 FCASPLIT executing.
             Input file : jt74opal.for
           Shell script : jt74opal.shfca
              Make file : jt74opal.mkfca
        Fortran    name : g77  
        Fortran options : -c -O -fno-automatic  
             CC    name : gcc  
             CC options : -c -O2 -m486  
      Assembler    name : as  
      Assembler options :   
  19929 lines written for    14 decks
      5 trailing comment lines ignored.
dcyprd.f
evwrit.f
initdk.f
j74pak.f
ludata.f
jt74op.f
kiuser.f
lrnset.f
lu74gp.f
lu1ent.f
lu2ent.f
lu3ent.f
lu4ent.f
lujoin.f
lugive.f
luexec.f
luprep.f
lustrf.f
luindf.f
ludecy.f
lukfdi.f
luptdi.f
luzdis.f
lushow.f
luboei.f
ulmass.f
luname.f
luchge.f
lucomp.f
luerrm.f
ulalem.f
ulalps.f
ulangl.f
rlu.f
rluget.f
rluset.f
lurobo.f
luedit.f
lulist.f
lulogo.f
luupda.f
klu.f
plu.f
lusphe.f
luthru.f
luclus.f
lucell.f
lujmas.f
lufowo.f
lutabu.f
lueevt.f
lubs.f
luxtot.f
luradk.f
luxkfl.f
luxjet.f
lux3jt.f
lux4jt.f
luxdif.f
luonia.f
luhepc.f
lutest.f
lutaud.f
report.f
jaker.f
dekay.f
dekay1.f
dekay2.f
dexay.f
dexay1.f
dexel.f
dexmu.f
dadmel.f
dadmmu.f
dphsel.f
dphsmu.f
drcmu.f
dampry.f
sqm2.f
thb.f
dexpi.f
dadmpi.f
dexro.f
dadmro.f
dphsro.f
dexaa.f
dadmaa.f
dphsaa.f
dexkk.f
dadmkk.f
dexks.f
dadmks.f
dphsks.f
dphnpi.f
sigee.f
sigold.f
dphspk.f
dphtre.f
dampaa.f
gfun.f
bwigs.f
bwig.f
fpik.f
fpirho.f
clvec.f
claxi.f
clnut.f
dampog.f
damppk.f
prod5.f
dexnew.f
dadnew.f
dph4pi.f
dam4pi.f
dph5pi.f
dphsrk.f
fpirk.f
fpikmk.f
dwrph.f
dwluph.f
dwluel.f
dwlumu.f
dwlupi.f
dwluro.f
dwluaa.f
dwlukk.f
dwluks.f
dwlnew.f
filhep.f
rotod1.f
rotod2.f
rotod3.f
bostr3.f
bostd3.f
rotor1.f
rotor2.f
rotor3.f
spherd.f
rotpox.f
sphera.f
rotpol.f
dilog.f
choice.f
dcdmas.f
lunpik.f
formom.f
form1.f
form2.f
bwigm.f
fpikm.f
fpikmd.f
form3.f
form4.f
form5.f
curr.f
wigfor.f
taupol.f
   ...compiling bostd3.f:
   ...compiling bostr3.f:
   ...compiling bwig.f:
   ...compiling bwigm.f:
   ...compiling bwigs.f:
   ...compiling choice.f:
   ...compiling claxi.f:
   ...compiling clnut.f:
   ...compiling clvec.f:
   ...compiling curr.f:
   ...compiling dadmaa.f:
   ...compiling dadmel.f:
   ...compiling dadmkk.f:
   ...compiling dadmks.f:
   ...compiling dadmmu.f:
   ...compiling dadmpi.f:
   ...compiling dadmro.f:
   ...compiling dadnew.f:
   ...compiling dam4pi.f:
   ...compiling dampaa.f:
   ...compiling dampog.f:
   ...compiling damppk.f:
   ...compiling dampry.f:
   ...compiling dcdmas.f:
   ...compiling dcyprd.f:
   ...compiling dekay.f:
   ...compiling dekay1.f:
   ...compiling dekay2.f:
   ...compiling dexaa.f:
   ...compiling dexay.f:
   ...compiling dexay1.f:
   ...compiling dexel.f:
   ...compiling dexkk.f:
   ...compiling dexks.f:
   ...compiling dexmu.f:
   ...compiling dexnew.f:
   ...compiling dexpi.f:
   ...compiling dexro.f:
   ...compiling dilog.f:
   ...compiling dph4pi.f:
   ...compiling dph5pi.f:
   ...compiling dphnpi.f:
   ...compiling dphsaa.f:
   ...compiling dphsel.f:
   ...compiling dphsks.f:
   ...compiling dphsmu.f:
   ...compiling dphspk.f:
   ...compiling dphsrk.f:
   ...compiling dphsro.f:
   ...compiling dphtre.f:
   ...compiling drcmu.f:
   ...compiling dwlnew.f:
   ...compiling dwluaa.f:
   ...compiling dwluel.f:
   ...compiling dwlukk.f:
   ...compiling dwluks.f:
   ...compiling dwlumu.f:
   ...compiling dwluph.f:
   ...compiling dwlupi.f:
   ...compiling dwluro.f:
   ...compiling dwrph.f:
   ...compiling evwrit.f:
   ...compiling filhep.f:
   ...compiling form1.f:
   ...compiling form2.f:
   ...compiling form3.f:
   ...compiling form4.f:
   ...compiling form5.f:
   ...compiling formom.f:
   ...compiling fpik.f:
   ...compiling fpikm.f:
   ...compiling fpikmd.f:
   ...compiling fpikmk.f:
   ...compiling fpirho.f:
   ...compiling fpirk.f:
   ...compiling gfun.f:
   ...compiling initdk.f:
   ...compiling j74pak.f:
   ...compiling jaker.f:
   ...compiling jt74op.f:
   ...compiling kiuser.f:
   ...compiling klu.f:
   ...compiling lrnset.f:
   ...compiling lu1ent.f:
   ...compiling lu2ent.f:
   ...compiling lu3ent.f:
   ...compiling lu4ent.f:
   ...compiling lu74gp.f:
   ...compiling luboei.f:
   ...compiling lubs.f:
   ...compiling lucell.f:
   ...compiling luchge.f:
   ...compiling luclus.f:
   ...compiling lucomp.f:
   ...compiling ludata.f:
   ...compiling ludecy.f:
   ...compiling luedit.f:
luedit.f: In subroutine `luedit':
luedit.f:240: warning:
           CALL LUDBRB(1,N+MSTU(3),0D0,-ULANGL(P(MSTU(61),1),
                1
luedit.f:242: (continued):
           CALL LUDBRB(1,N+MSTU(3),-ULANGL(P(MSTU(61),3),
                2
Argument #3 of `ludbrb' is one precision at (2) but is some other precision at (1) [info -f g77 M GLOBALS]
luedit.f:240: warning:
           CALL LUDBRB(1,N+MSTU(3),0D0,-ULANGL(P(MSTU(61),1),
                1
luedit.f:242: (continued):
           CALL LUDBRB(1,N+MSTU(3),-ULANGL(P(MSTU(61),3),
                2
Argument #4 of `ludbrb' is one precision at (2) but is some other precision at (1) [info -f g77 M GLOBALS]
luedit.f:240: warning:
           CALL LUDBRB(1,N+MSTU(3),0D0,-ULANGL(P(MSTU(61),1),
                1
luedit.f:268: (continued):
        &  CALL LUDBRB(1,N+MSTU(3),PARU(1),0D0,0D0,0D0,0D0)
                2
Argument #3 of `ludbrb' is one precision at (2) but is some other precision at (1) [info -f g77 M GLOBALS]
luedit.f:240: warning:
           CALL LUDBRB(1,N+MSTU(3),0D0,-ULANGL(P(MSTU(61),1),
                1
luedit.f:268: (continued):
        &  CALL LUDBRB(1,N+MSTU(3),PARU(1),0D0,0D0,0D0,0D0)
                2
Argument #4 of `ludbrb' is one precision at (2) but is some other precision at (1) [info -f g77 M GLOBALS]
   ...compiling lueevt.f:
lueevt.f: In subroutine `lueevt':
lueevt.f:156: warning:
           CALL LUDBRB(NC+1,N,0D0,CHI,0D0,0D0,0D0)
                1
lueevt.f:157: (continued):
           CALL LUDBRB(NC+1,N,THE,PHI,0D0,0D0,0D0)
                2
Argument #3 of `ludbrb' is one precision at (2) but is some other precision at (1) [info -f g77 M GLOBALS]
lueevt.f:156: warning:
           CALL LUDBRB(NC+1,N,0D0,CHI,0D0,0D0,0D0)
                1
lueevt.f:165: (continued):
           CALL LUDBRB(NMIN,N,ALPK,0D0,
                2
Argument #3 of `ludbrb' is one precision at (2) but is some other precision at (1) [info -f g77 M GLOBALS]
lueevt.f:156: warning:
           CALL LUDBRB(NC+1,N,0D0,CHI,0D0,0D0,0D0)
                1
lueevt.f:165: (continued):
           CALL LUDBRB(NMIN,N,ALPK,0D0,
                2
Argument #4 of `ludbrb' is one precision at (2) but is some other precision at (1) [info -f g77 M GLOBALS]
   ...compiling luerrm.f:
   ...compiling luexec.f:
   ...compiling lufowo.f:
   ...compiling lugive.f:
   ...compiling luhepc.f:
   ...compiling luindf.f:
luindf.f: In subroutine `luindf':
luindf.f:67: warning:
           CALL LUDBRB(NSAV+1,NSAV+NJET,0D0,0D0,-DPS(1)/DPS(4),
                1
luindf.f:220: (continued):
         CALL LUDBRB(NSAV1+1,N,THE,PHI,0D0,0D0,0D0)
              2
Argument #3 of `ludbrb' is one precision at (2) but is some other precision at (1) [info -f g77 M GLOBALS]
luindf.f:67: warning:
           CALL LUDBRB(NSAV+1,NSAV+NJET,0D0,0D0,-DPS(1)/DPS(4),
                1
luindf.f:220: (continued):
         CALL LUDBRB(NSAV1+1,N,THE,PHI,0D0,0D0,0D0)
              2
Argument #4 of `ludbrb' is one precision at (2) but is some other precision at (1) [info -f g77 M GLOBALS]
   ...compiling lujmas.f:
   ...compiling lujoin.f:
   ...compiling lukfdi.f:
   ...compiling lulist.f:
   ...compiling lulogo.f:
   ...compiling luname.f:
   ...compiling lunpik.f:
   ...compiling luonia.f:
luonia.f: In subroutine `luonia':
luonia.f:145: warning:
           CALL LUDBRB(NC+1,N,0D0,CHI,0D0,0D0,0D0)
                1
luonia.f:146: (continued):
           CALL LUDBRB(NC+1,N,THE,PHI,0D0,0D0,0D0)
                2
Argument #3 of `ludbrb' is one precision at (2) but is some other precision at (1) [info -f g77 M GLOBALS]
   ...compiling luprep.f:
   ...compiling luptdi.f:
   ...compiling luradk.f:
   ...compiling lurobo.f:
   ...compiling lushow.f:
lushow.f: In subroutine `lushow':
lushow.f:196: warning:
           CALL LUDBRB(N+1,N+2+NIIS(1)+NIIS(2),0D0,0D0,-DBLE(PS(1)/PS(4)),
                1
lushow.f:199: (continued):
           CALL LUDBRB(N+1,N+2+NIIS(1)+NIIS(2),0D0,-PHI,0D0,0D0,0D0)
                2
Argument #4 of `ludbrb' is one precision at (2) but is some other precision at (1) [info -f g77 M GLOBALS]
lushow.f:196: warning:
           CALL LUDBRB(N+1,N+2+NIIS(1)+NIIS(2),0D0,0D0,-DBLE(PS(1)/PS(4)),
                1
lushow.f:201: (continued):
           CALL LUDBRB(N+1,N+2+NIIS(1)+NIIS(2),-THE,0D0,0D0,0D0,0D0)
                2
Argument #3 of `ludbrb' is one precision at (2) but is some other precision at (1) [info -f g77 M GLOBALS]
lushow.f:196: warning:
           CALL LUDBRB(N+1,N+2+NIIS(1)+NIIS(2),0D0,0D0,-DBLE(PS(1)/PS(4)),
                1
lushow.f:1069: (continued):
           CALL LUDBRB(NS+1,N,0D0,CHI,0D0,0D0,0D0)
                2
Argument #4 of `ludbrb' is one precision at (2) but is some other precision at (1) [info -f g77 M GLOBALS]
lushow.f:196: warning:
           CALL LUDBRB(N+1,N+2+NIIS(1)+NIIS(2),0D0,0D0,-DBLE(PS(1)/PS(4)),
                1
lushow.f:1075: (continued):
         CALL LUDBRB(NS+1,N,THE,PHI,DBEX,DBEY,DBEZ)
              2
Argument #3 of `ludbrb' is one precision at (2) but is some other precision at (1) [info -f g77 M GLOBALS]
lushow.f:196: warning:
           CALL LUDBRB(N+1,N+2+NIIS(1)+NIIS(2),0D0,0D0,-DBLE(PS(1)/PS(4)),
                1
lushow.f:1075: (continued):
         CALL LUDBRB(NS+1,N,THE,PHI,DBEX,DBEY,DBEZ)
              2
Argument #4 of `ludbrb' is one precision at (2) but is some other precision at (1) [info -f g77 M GLOBALS]
   ...compiling lusphe.f:
   ...compiling lustrf.f:
   ...compiling lutabu.f:
   ...compiling lutaud.f:
lutaud.f: In subroutine `lutaud':
lutaud.f:211: warning:
          CALL DEXAY(-1)
               1
lutaud.f:213: (continued):
         CALL DEXAY(KTO,POL)
              2
Too many arguments for `dexay' at (2) versus invocation at (1) [info -f g77 M GLOBALS]
   ...compiling lutest.f:
   ...compiling luthru.f:
luthru.f: In subroutine `luthru':
luthru.f:71: warning:
           CALL LUDBRB(N+1,N+NP+1,0D0,-PHI,0D0,0D0,0D0)
                1
luthru.f:73: (continued):
           CALL LUDBRB(N+1,N+NP+1,-THE,0D0,0D0,0D0,0D0)
                2
Argument #3 of `ludbrb' is one precision at (2) but is some other precision at (1) [info -f g77 M GLOBALS]
luthru.f:71: warning:
           CALL LUDBRB(N+1,N+NP+1,0D0,-PHI,0D0,0D0,0D0)
                1
luthru.f:73: (continued):
           CALL LUDBRB(N+1,N+NP+1,-THE,0D0,0D0,0D0,0D0)
                2
Argument #4 of `ludbrb' is one precision at (2) but is some other precision at (1) [info -f g77 M GLOBALS]
luthru.f:71: warning:
           CALL LUDBRB(N+1,N+NP+1,0D0,-PHI,0D0,0D0,0D0)
                1
luthru.f:183: (continued):
         CALL LUDBRB(N+1,N+3,THE,PHI,0D0,0D0,0D0)
              2
Argument #3 of `ludbrb' is one precision at (2) but is some other precision at (1) [info -f g77 M GLOBALS]
   ...compiling luupda.f:
   ...compiling lux3jt.f:
   ...compiling lux4jt.f:
   ...compiling luxdif.f:
   ...compiling luxjet.f:
   ...compiling luxkfl.f:
   ...compiling luxtot.f:
   ...compiling luzdis.f:
   ...compiling plu.f:
   ...compiling prod5.f:
   ...compiling report.f:
   ...compiling rlu.f:
   ...compiling rluget.f:
   ...compiling rluset.f:
   ...compiling rotod1.f:
   ...compiling rotod2.f:
   ...compiling rotod3.f:
   ...compiling rotor1.f:
   ...compiling rotor2.f:
   ...compiling rotor3.f:
   ...compiling rotpol.f:
   ...compiling rotpox.f:
   ...compiling sigee.f:
   ...compiling sigold.f:
   ...compiling sphera.f:
   ...compiling spherd.f:
   ...compiling sqm2.f:
   ...compiling taupol.f:
   ...compiling thb.f:
   ...compiling ulalem.f:
   ...compiling ulalps.f:
   ...compiling ulangl.f:
   ...compiling ulmass.f:
   ...compiling wigfor.f:
   ...compiling *.c:
cc: *.c: No such file or directory
cc: No input files
a - bostd3.o
a - bostr3.o
a - bwig.o
a - bwigm.o
a - bwigs.o
a - choice.o
a - claxi.o
a - clnut.o
a - clvec.o
a - curr.o
a - dadmaa.o
a - dadmel.o
a - dadmkk.o
a - dadmks.o
a - dadmmu.o
a - dadmpi.o
a - dadmro.o
a - dadnew.o
a - dam4pi.o
a - dampaa.o
a - dampog.o
a - damppk.o
a - dampry.o
a - dcdmas.o
a - dcyprd.o
a - dekay.o
a - dekay1.o
a - dekay2.o
a - dexaa.o
a - dexay.o
a - dexay1.o
a - dexel.o
a - dexkk.o
a - dexks.o
a - dexmu.o
a - dexnew.o
a - dexpi.o
a - dexro.o
a - dilog.o
a - dph4pi.o
a - dph5pi.o
a - dphnpi.o
a - dphsaa.o
a - dphsel.o
a - dphsks.o
a - dphsmu.o
a - dphspk.o
a - dphsrk.o
a - dphsro.o
a - dphtre.o
a - drcmu.o
a - dwlnew.o
a - dwluaa.o
a - dwluel.o
a - dwlukk.o
a - dwluks.o
a - dwlumu.o
a - dwluph.o
a - dwlupi.o
a - dwluro.o
a - dwrph.o
a - evwrit.o
a - filhep.o
a - form1.o
a - form2.o
a - form3.o
a - form4.o
a - form5.o
a - formom.o
a - fpik.o
a - fpikm.o
a - fpikmd.o
a - fpikmk.o
a - fpirho.o
a - fpirk.o
a - gfun.o
a - initdk.o
a - j74pak.o
a - jaker.o
a - jt74op.o
a - kiuser.o
a - klu.o
a - lrnset.o
a - lu1ent.o
a - lu2ent.o
a - lu3ent.o
a - lu4ent.o
a - lu74gp.o
a - luboei.o
a - lubs.o
a - lucell.o
a - luchge.o
a - luclus.o
a - lucomp.o
a - ludata.o
a - ludecy.o
a - luedit.o
a - lueevt.o
a - luerrm.o
a - luexec.o
a - lufowo.o
a - lugive.o
a - luhepc.o
a - luindf.o
a - lujmas.o
a - lujoin.o
a - lukfdi.o
a - lulist.o
a - lulogo.o
a - luname.o
a - lunpik.o
a - luonia.o
a - luprep.o
a - luptdi.o
a - luradk.o
a - lurobo.o
a - lushow.o
a - lusphe.o
a - lustrf.o
a - lutabu.o
a - lutaud.o
a - lutest.o
a - luthru.o
a - luupda.o
a - lux3jt.o
a - lux4jt.o
a - luxdif.o
a - luxjet.o
a - luxkfl.o
a - luxtot.o
a - luzdis.o
a - plu.o
a - prod5.o
a - report.o
a - rlu.o
a - rluget.o
a - rluset.o
a - rotod1.o
a - rotod2.o
a - rotod3.o
a - rotor1.o
a - rotor2.o
a - rotor3.o
a - rotpol.o
a - rotpox.o
a - sigee.o
a - sigold.o
a - sphera.o
a - spherd.o
a - sqm2.o
a - taupol.o
a - thb.o
a - ulalem.o
a - ulalps.o
a - ulangl.o
a - ulmass.o
a - wigfor.o
library is installed in directory /home/pcl2483/pedro/jadesoft/util/mcgen/src
***
*** library /home/pcl2483/pedro/jadesoft/util/mcgen/Plib/libjt74opal.a created.
***
--------------------------------------
... installing pythia5722
--------------------------------------
found jt74opal.car as /mnt/home/pcl2483/pedro/jadesoft/util/mcgen/src/jt74opal.car
found pythia5722.car as /mnt/home/pcl2483/pedro/jadesoft/util/mcgen/src/pythia5722.car

 Nypatchy executing with files / options

   1  PAM      -
   2  FORT      /home/pcl2483/pedro/tmp/ytofort14768/pythia5722.f
   3  read      /home/pcl2483/pedro/tmp/ytofort14768/pythia5722.cra
   4  print     /home/pcl2483/pedro/tmp/ytofort14768/pythia5722.lis
   5  CC       -    ...

 ---> start reading file  jt74opal.car

 Read Pam file: JETSET VERSION 7.4 TUNED TO OPAL DATA

 ---> start reading file  pythia5722.car

 Read Pam file: unknown


 Written:
   physical FORT:0          2 units  20812 lines to file  /home/pcl2483/pedro/tmp/ytofort14768/pythia5722.f
    118 PYKERN             . U E   .      .  E   .         CRA*
    119 CRA*               . U E   .      .  E   .     R   CRA*

 Name stack:       significant name length is 32 characters
                1% used of   6000 name slots available
                1% used of  48000 bytes of text available

 Read:           7 lines from the cradle
             42559 lines from   2 PAM files for  2 lines +PAM

 Written:

   physical FORT:0          2 units  20812 lines to file  /home/pcl2483/pedro/tmp/ytofort14768/pythia5722.f

    logical FORT:1          2 decks written via FORT:0

 No errors, no warnings.

Mon Sep 22 07:09:11 CEST 2003 pedro ftolib pythia5722.f
found pythia5722.f as pythia5722.f
creating directory /home/pcl2483/pedro/jadesoft/util/mcgen/src/pythia5722
 FCASPLIT executing.
             Input file : pythia5722.for
           Shell script : pythia5722.shfca
              Make file : pythia5722.mkfca
        Fortran    name : g77  
        Fortran options : -c -O -fno-automatic  
             CC    name : gcc  
             CC options : -c -O2 -m486  
      Assembler    name : as  
      Assembler options :   
  20812 lines written for     2 decks
p57pak.f
pyinit.f
pyevnt.f
pystat.f
pyinre.f
pyinbm.f
pyinki.f
pyinpr.f
pyxtot.f
pymaxi.f
pypile.f
pysave.f
pyrand.f
pyscat.f
pysspa.f
pyresd.f
pymult.f
pyremn.f
pydiff.f
pydocu.f
pyfram.f
pywidt.f
pyofsh.f
pyklim.f
pykmap.f
pysigh.f
pystfu.f
pystfl.f
pystel.f
pystga.f
pyggam.f
pygvmd.f
pygano.f
pygbeh.f
pygdir.f
pystpi.f
pystpr.f
pyctq2.f
pyhfth.f
pyspli.f
pygamm.f
pywaux.f
pyi3au.f
pyspen.f
pyqqbh.f
pytest.f
pydata.f
rkbbv.f
rkzf.f
rkrand.f
rkdot.f
rkzpr.f
rkzsf.f
rkhlpk.f
pykcut.f
pyevwt.f
pyupin.f
pyupev.f
pdfset.f
structm.f
   ...compiling p57pak.f:
   ...compiling pdfset.f:
   ...compiling pyctq2.f:
   ...compiling pydata.f:
   ...compiling pydiff.f:
   ...compiling pydocu.f:
   ...compiling pyevnt.f:
   ...compiling pyevwt.f:
   ...compiling pyfram.f:
   ...compiling pygamm.f:
   ...compiling pygano.f:
   ...compiling pygbeh.f:
   ...compiling pygdir.f:
   ...compiling pyggam.f:
   ...compiling pygvmd.f:
   ...compiling pyhfth.f:
   ...compiling pyi3au.f:
   ...compiling pyinbm.f:
   ...compiling pyinit.f:
   ...compiling pyinki.f:
   ...compiling pyinpr.f:
   ...compiling pyinre.f:
   ...compiling pykcut.f:
   ...compiling pyklim.f:
   ...compiling pykmap.f:
   ...compiling pymaxi.f:
   ...compiling pymult.f:
   ...compiling pyofsh.f:
   ...compiling pypile.f:
   ...compiling pyqqbh.f:
   ...compiling pyrand.f:
   ...compiling pyremn.f:
   ...compiling pyresd.f:
   ...compiling pysave.f:
   ...compiling pyscat.f:
   ...compiling pysigh.f:
   ...compiling pyspen.f:
   ...compiling pyspli.f:
   ...compiling pysspa.f:
   ...compiling pystat.f:
   ...compiling pystel.f:
   ...compiling pystfl.f:
   ...compiling pystfu.f:
   ...compiling pystga.f:
   ...compiling pystpi.f:
   ...compiling pystpr.f:
   ...compiling pytest.f:
   ...compiling pyupev.f:
   ...compiling pyupin.f:
   ...compiling pywaux.f:
   ...compiling pywidt.f:
   ...compiling pyxtot.f:
   ...compiling rkbbv.f:
   ...compiling rkdot.f:
   ...compiling rkhlpk.f:
   ...compiling rkrand.f:
   ...compiling rkzf.f:
   ...compiling rkzpr.f:
   ...compiling rkzsf.f:
   ...compiling structm.f:
   ...compiling *.c:
cc: *.c: No such file or directory
cc: No input files
a - p57pak.o
a - pdfset.o
a - pyctq2.o
a - pydata.o
a - pydiff.o
a - pydocu.o
a - pyevnt.o
a - pyevwt.o
a - pyfram.o
a - pygamm.o
a - pygano.o
a - pygbeh.o
a - pygdir.o
a - pyggam.o
a - pygvmd.o
a - pyhfth.o
a - pyi3au.o
a - pyinbm.o
a - pyinit.o
a - pyinki.o
a - pyinpr.o
a - pyinre.o
a - pykcut.o
a - pyklim.o
a - pykmap.o
a - pymaxi.o
a - pymult.o
a - pyofsh.o
a - pypile.o
a - pyqqbh.o
a - pyrand.o
a - pyremn.o
a - pyresd.o
a - pysave.o
a - pyscat.o
a - pysigh.o
a - pyspen.o
a - pyspli.o
a - pysspa.o
a - pystat.o
a - pystel.o
a - pystfl.o
a - pystfu.o
a - pystga.o
a - pystpi.o
a - pystpr.o
a - pytest.o
a - pyupev.o
a - pyupin.o
a - pywaux.o
a - pywidt.o
a - pyxtot.o
a - rkbbv.o
a - rkdot.o
a - rkhlpk.o
a - rkrand.o
a - rkzf.o
a - rkzpr.o
a - rkzsf.o
a - structm.o
library is installed in directory /home/pcl2483/pedro/jadesoft/util/mcgen/src
***
*** library /home/pcl2483/pedro/jadesoft/util/mcgen/Plib/libpythia5722.a created.
***
--------------------------------------
... installing ckern104
--------------------------------------
found ckern104.car as /mnt/home/pcl2483/pedro/jadesoft/util/mcgen/src/ckern104.car

 Nypatchy executing with files / options

   1  PAM      -
   2  FORT      /home/pcl2483/pedro/tmp/ytofort15446/ckern104.f
   3  read      /home/pcl2483/pedro/tmp/ytofort15446/ckern104.cra
   4  print     /home/pcl2483/pedro/tmp/ytofort15446/ckern104.lis
   5  CC       -    ...

 ---> start reading file  ckern104.car

 Read Pam file: unknown


 Written:
   physical FORT:0         15 units   1048 lines to file  /home/pcl2483/pedro/tmp/ytofort15446/ckern104.f
     15 CKUTIL             . U E   .      .  E   .         CRA*
     19 CRA*               . U E   .      .  E   .     R   CRA*

 Name stack:       significant name length is 32 characters
                0% used of   6000 name slots available
                1% used of  48000 bytes of text available

 Read:           5 lines from the cradle
              1149 lines from   1 PAM files for  1 lines +PAM

 Written:

   physical FORT:0         15 units   1048 lines to file  /home/pcl2483/pedro/tmp/ytofort15446/ckern104.f

    logical FORT:1         15 decks written via FORT:0

 No errors, no warnings.

Mon Sep 22 07:10:04 CEST 2003 pedro ftolib ckern104.f
found ckern104.f as ckern104.f
creating directory /home/pcl2483/pedro/jadesoft/util/mcgen/src/ckern104
 FCASPLIT executing.
             Input file : ckern104.for
           Shell script : ckern104.shfca
              Make file : ckern104.mkfca
        Fortran    name : g77  
        Fortran options : -c -O -fno-automatic  
             CC    name : gcc  
             CC options : -c -O2 -m486  
      Assembler    name : as  
      Assembler options :   
   1039 lines written for    15 decks
      9 trailing comment lines ignored.
casso.f
caxes.f
cdble.f
cinfo.f
ckern.f
cksord.f
cmigr.f
cnass.f
cncnt.f
cnjet.f
cnone.f
cread.f
cwrit.f
cyget.f
cyjet.f
   ...compiling casso.f:
   ...compiling caxes.f:
   ...compiling cdble.f:
   ...compiling cinfo.f:
   ...compiling ckern.f:
   ...compiling cksord.f:
   ...compiling cmigr.f:
cmigr.f: In subroutine `cmigr':
cmigr.f:31: 
         REAL*16 MROW(10),MCOL(10)
         1    2
Invalid kind at (2) for type at (1) -- unsupported or not permitted
   ...compiling cnass.f:
   ...compiling cncnt.f:
   ...compiling cnjet.f:
   ...compiling cnone.f:
   ...compiling cread.f:
   ...compiling cwrit.f:
   ...compiling cyget.f:
   ...compiling cyjet.f:
   ...compiling *.c:
cc: *.c: No such file or directory
cc: No input files
a - casso.o
a - caxes.o
a - cdble.o
a - cinfo.o
a - ckern.o
a - cksord.o
a - cnass.o
a - cncnt.o
a - cnjet.o
a - cnone.o
a - cread.o
a - cwrit.o
a - cyget.o
a - cyjet.o
library is installed in directory /home/pcl2483/pedro/jadesoft/util/mcgen/src
***
*** library /home/pcl2483/pedro/jadesoft/util/mcgen/Plib/libckern104.a created.
***
--------------------------------------
... installing ckern105
--------------------------------------
found ckern105.car as /mnt/home/pcl2483/pedro/jadesoft/util/mcgen/src/ckern105.car

 Nypatchy executing with files / options

   1  PAM      -
   2  FORT      /home/pcl2483/pedro/tmp/ytofort15693/ckern105.f
   3  read      /home/pcl2483/pedro/tmp/ytofort15693/ckern105.cra
   4  print     /home/pcl2483/pedro/tmp/ytofort15693/ckern105.lis
   5  CC       -    ...

 ---> start reading file  ckern105.car

 Read Pam file: unknown


 Written:
   physical FORT:0         15 units   1055 lines to file  /home/pcl2483/pedro/tmp/ytofort15693/ckern105.f
     15 CKUTIL             . U E   .      .  E   .         CRA*
     19 CRA*               . U E   .      .  E   .     R   CRA*

 Name stack:       significant name length is 32 characters
                0% used of   6000 name slots available
                1% used of  48000 bytes of text available

 Read:           5 lines from the cradle
              1157 lines from   1 PAM files for  1 lines +PAM

 Written:

   physical FORT:0         15 units   1055 lines to file  /home/pcl2483/pedro/tmp/ytofort15693/ckern105.f

    logical FORT:1         15 decks written via FORT:0

 No errors, no warnings.

Mon Sep 22 07:10:06 CEST 2003 pedro ftolib ckern105.f
found ckern105.f as ckern105.f
creating directory /home/pcl2483/pedro/jadesoft/util/mcgen/src/ckern105
 FCASPLIT executing.
             Input file : ckern105.for
           Shell script : ckern105.shfca
              Make file : ckern105.mkfca
        Fortran    name : g77  
        Fortran options : -c -O -fno-automatic  
             CC    name : gcc  
             CC options : -c -O2 -m486  
      Assembler    name : as  
      Assembler options :   
   1046 lines written for    15 decks
      9 trailing comment lines ignored.
casso.f
caxes.f
cdble.f
cinfo.f
ckern.f
cksord.f
cmigr.f
cnass.f
cncnt.f
cnjet.f
cnone.f
cread.f
cwrit.f
cyget.f
cyjet.f
   ...compiling casso.f:
   ...compiling caxes.f:
   ...compiling cdble.f:
   ...compiling cinfo.f:
   ...compiling ckern.f:
   ...compiling cksord.f:
   ...compiling cmigr.f:
cmigr.f: In subroutine `cmigr':
cmigr.f:31: 
         REAL*16 MROW(10),MCOL(10)
         1    2
Invalid kind at (2) for type at (1) -- unsupported or not permitted
   ...compiling cnass.f:
   ...compiling cncnt.f:
   ...compiling cnjet.f:
   ...compiling cnone.f:
   ...compiling cread.f:
   ...compiling cwrit.f:
   ...compiling cyget.f:
   ...compiling cyjet.f:
   ...compiling *.c:
cc: *.c: No such file or directory
cc: No input files
a - casso.o
a - caxes.o
a - cdble.o
a - cinfo.o
a - ckern.o
a - cksord.o
a - cnass.o
a - cncnt.o
a - cnjet.o
a - cnone.o
a - cread.o
a - cwrit.o
a - cyget.o
a - cyjet.o
library is installed in directory /home/pcl2483/pedro/jadesoft/util/mcgen/src
***
*** library /home/pcl2483/pedro/jadesoft/util/mcgen/Plib/libckern105.a created.
***
--------------------------------------
... installing px113
--------------------------------------
found rope417.car as /mnt/home/pcl2483/pedro/jadesoft/util/mcgen/src/rope417.car
found px113.car as /mnt/home/pcl2483/pedro/jadesoft/util/mcgen/src/px113.car

 Nypatchy executing with files / options

   1  PAM      -
   2  FORT      /home/pcl2483/pedro/tmp/ytofort15940/px113.f
   3  read      /home/pcl2483/pedro/tmp/ytofort15940/px113.cra
   4  print     /home/pcl2483/pedro/tmp/ytofort15940/px113.lis
   5  CC       -    ...

 ---> start reading file  rope417.car

 Read Pam file: ROPE    4.17/04 990412 17.10    THE OPAL RECONSTRUCTION PROG

 ---> start reading file  px113.car

 Read Pam file: PX      1.13/00   981113 14:30    OPAL Physics Utility Routi


 Written:
   physical FORT:0         93 units   7830 lines to file  /home/pcl2483/pedro/tmp/ytofort15940/px113.f

    **!!    1 warnings  !!**

      0 PCLINUX            . U E   .      .  E   .         CRA*
      0 UNIX               . U E   .      .  E   .         CRA*

 Name stack:       significant name length is 32 characters
                3% used of   6000 name slots available
                2% used of  48000 bytes of text available

 Read:          34 lines from the cradle
             59845 lines from   2 PAM files for  2 lines +PAM

 Written:

   physical FORT:0         93 units   7830 lines to file  /home/pcl2483/pedro/tmp/ytofort15940/px113.f

    logical FORT:1         93 decks written via FORT:0

    **!!    1 warnings  !!**

Mon Sep 22 07:10:09 CEST 2003 pedro ftolib px113.f
found px113.f as px113.f
creating directory /home/pcl2483/pedro/jadesoft/util/mcgen/src/px113
 FCASPLIT executing.
             Input file : px113.for
           Shell script : px113.shfca
              Make file : px113.mkfca
        Fortran    name : g77  
        Fortran options : -c -O -fno-automatic  
             CC    name : gcc  
             CC options : -c -O2 -m486  
      Assembler    name : as  
      Assembler options :   
   7776 lines written for    93 decks
     55 trailing comment lines ignored.
ipxj7p.f
px2bki.f
px3je4.f
pxadd5.f
pxaddv.f
pxako4.f
pxanal.f
pxang3.f
pxanxy.f
pxbet4.f
pxcamj.f
pxchrg.f
pxcone.f
pxcopa.f
pxcopv.f
pxcro3.f
pxdaut.f
pxdiam.f
pxdot4.f
pxdotv.f
pxeec4.f
pxfox4.f
pxhem4.f
pxicnt.f
pxinit.f
pxj7pd.f
pxjmmm.f
pxjpdg.f
pxjrc4.f
pxjrz4.f
pxjsp3.f
pxjtr4.f
pxlcl5.f
pxlrp5.f
pxlsp3.f
pxlth4.f
pxluc5.f
pxrr2t.f
pxrr2m.f
pxlut3.f
pxlzb5.f
pxlzf5.f
pxmagv.f
pxmas4.f
pxmis4.f
pxmmbb.f
pxmulm.f
pxnew.f
pxnorv.f
pxolap.f
pxord.f
pxpax3.f
pxplt3.f
pxplu3.f
pxplu5.f
pxpois.f
pxposc.f
pxposi.f
pxprcv.f
pxpriq.f
pxpriv.f
pxprnt.f
pxpro3.f
pxprrv.f
pxptc4.f
pxqsl4.f
pxqsq4.f
pxrap4.f
pxrmx3.f
pxrob3.f
pxrof3.f
pxroot.f
pxsame.f
pxscmv.f
pxsear.f
pxshap.f
pxsorv.f
pxstbl.f
pxsub5.f
pxsubv.f
pxsumv.f
pxtry.f
pxtth3.f
pxunim.f
pxuvec.f
zzz000.f
pxycr4.f
pxzerv.f
yasso.f
yaxes.f
ykern.f
ynjet.f
yreas.f
ytree.f
yyjet.f
   ...compiling ipxj7p.f:
   ...compiling px2bki.f:
   ...compiling px3je4.f:
   ...compiling pxadd5.f:
   ...compiling pxaddv.f:
   ...compiling pxako4.f:
   ...compiling pxanal.f:
   ...compiling pxang3.f:
   ...compiling pxanxy.f:
   ...compiling pxbet4.f:
   ...compiling pxcamj.f:
   ...compiling pxchrg.f:
   ...compiling pxcone.f:
pxcone.f: In subroutine `pxcone':
pxcone.f:131: warning:
         CALL PXZERV(4*MXPROT,PJ)
              1
pxcone.f:132: (continued):
         CALL PXZERV(MXJET,IJMUL)
              2
Argument #2 of `pxzerv' is one type at (2) but is some other type at (1) [info -f g77 M GLOBALS]
   ...compiling pxcopa.f:
   ...compiling pxcopv.f:
   ...compiling pxcro3.f:
   ...compiling pxdaut.f:
   ...compiling pxdiam.f:
   ...compiling pxdot4.f:
   ...compiling pxdotv.f:
   ...compiling pxeec4.f:
   ...compiling pxfox4.f:
   ...compiling pxhem4.f:
pxhem4.f: In subroutine `pxhem4':
pxhem4.f:40: warning:
         CALL PXZERV (16,HSUM)
              1
pxhem4.f:41: (continued):
         CALL PXZERV (2,IHMUL)
              2
Argument #2 of `pxzerv' is one type at (2) but is some other type at (1) [info -f g77 M GLOBALS]
   ...compiling pxicnt.f:
   ...compiling pxinit.f:
   ...compiling pxj7pd.f:
   ...compiling pxjmmm.f:
   ...compiling pxjpdg.f:
   ...compiling pxjrc4.f:
   ...compiling pxjrz4.f:
   ...compiling pxjsp3.f:
   ...compiling pxjtr4.f:
   ...compiling pxlcl5.f:
   ...compiling pxlrp5.f:
   ...compiling pxlsp3.f:
   ...compiling pxlth4.f:
   ...compiling pxluc5.f:
   ...compiling pxlut3.f:
   ...compiling pxlzb5.f:
   ...compiling pxlzf5.f:
   ...compiling pxmagv.f:
   ...compiling pxmas4.f:
   ...compiling pxmis4.f:
   ...compiling pxmmbb.f:
   ...compiling pxmulm.f:
   ...compiling pxnew.f:
   ...compiling pxnorv.f:
   ...compiling pxolap.f:
   ...compiling pxord.f:
   ...compiling pxpax3.f:
   ...compiling pxplt3.f:
   ...compiling pxplu3.f:
   ...compiling pxplu5.f:
   ...compiling pxpois.f:
   ...compiling pxposc.f:
   ...compiling pxposi.f:
   ...compiling pxprcv.f:
   ...compiling pxpriq.f:
   ...compiling pxpriv.f:
   ...compiling pxprnt.f:
   ...compiling pxpro3.f:
   ...compiling pxprrv.f:
   ...compiling pxptc4.f:
   ...compiling pxqsl4.f:
   ...compiling pxqsq4.f:
   ...compiling pxrap4.f:
   ...compiling pxrmx3.f:
   ...compiling pxrob3.f:
   ...compiling pxrof3.f:
   ...compiling pxroot.f:
   ...compiling pxrr2m.f:
   ...compiling pxrr2t.f:
   ...compiling pxsame.f:
   ...compiling pxscmv.f:
   ...compiling pxsear.f:
   ...compiling pxshap.f:
pxshap.f: In subroutine `pxshap':
pxshap.f:202: warning:
             CALL PXPRNT (1,NTRAK,4,10,PTRAK,'E')
                  1
pxshap.f:210: (continued):
             CALL PXPRNT (1,1,MXJET,NJET,ITR,'I')
                  2
Argument #5 of `pxprnt' is one type at (2) but is some other type at (1) [info -f g77 M GLOBALS]
   ...compiling pxsorv.f:
   ...compiling pxstbl.f:
   ...compiling pxsub5.f:
   ...compiling pxsubv.f:
   ...compiling pxsumv.f:
   ...compiling pxtry.f:
   ...compiling pxtth3.f:
   ...compiling pxunim.f:
   ...compiling pxuvec.f:
   ...compiling pxycr4.f:
   ...compiling pxzerv.f:
   ...compiling yasso.f:
   ...compiling yaxes.f:
   ...compiling ykern.f:
   ...compiling ynjet.f:
   ...compiling yreas.f:
   ...compiling ytree.f:
   ...compiling yyjet.f:
   ...compiling zzz000.f:
   ...compiling *.c:
cc: *.c: No such file or directory
cc: No input files
a - ipxj7p.o
a - px2bki.o
a - px3je4.o
a - pxadd5.o
a - pxaddv.o
a - pxako4.o
a - pxanal.o
a - pxang3.o
a - pxanxy.o
a - pxbet4.o
a - pxcamj.o
a - pxchrg.o
a - pxcone.o
a - pxcopa.o
a - pxcopv.o
a - pxcro3.o
a - pxdaut.o
a - pxdiam.o
a - pxdot4.o
a - pxdotv.o
a - pxeec4.o
a - pxfox4.o
a - pxhem4.o
a - pxicnt.o
a - pxinit.o
a - pxj7pd.o
a - pxjmmm.o
a - pxjpdg.o
a - pxjrc4.o
a - pxjrz4.o
a - pxjsp3.o
a - pxjtr4.o
a - pxlcl5.o
a - pxlrp5.o
a - pxlsp3.o
a - pxlth4.o
a - pxluc5.o
a - pxlut3.o
a - pxlzb5.o
a - pxlzf5.o
a - pxmagv.o
a - pxmas4.o
a - pxmis4.o
a - pxmmbb.o
a - pxmulm.o
a - pxnew.o
a - pxnorv.o
a - pxolap.o
a - pxord.o
a - pxpax3.o
a - pxplt3.o
a - pxplu3.o
a - pxplu5.o
a - pxpois.o
a - pxposc.o
a - pxposi.o
a - pxprcv.o
a - pxpriq.o
a - pxpriv.o
a - pxprnt.o
a - pxpro3.o
a - pxprrv.o
a - pxptc4.o
a - pxqsl4.o
a - pxqsq4.o
a - pxrap4.o
a - pxrmx3.o
a - pxrob3.o
a - pxrof3.o
a - pxroot.o
a - pxrr2m.o
a - pxrr2t.o
a - pxsame.o
a - pxscmv.o
a - pxsear.o
a - pxshap.o
a - pxsorv.o
a - pxstbl.o
a - pxsub5.o
a - pxsubv.o
a - pxsumv.o
a - pxtry.o
a - pxtth3.o
a - pxunim.o
a - pxuvec.o
a - pxycr4.o
a - pxzerv.o
a - yasso.o
a - yaxes.o
a - ykern.o
a - ynjet.o
a - yreas.o
a - ytree.o
a - yyjet.o
a - zzz000.o
library is installed in directory /home/pcl2483/pedro/jadesoft/util/mcgen/src
***
*** library /home/pcl2483/pedro/jadesoft/util/mcgen/Plib/libpx113.a created.
***
--------------------------------------
... installing px114
--------------------------------------
found rope418.car as /mnt/home/pcl2483/pedro/jadesoft/util/mcgen/src/rope418.car
found px114.car as /mnt/home/pcl2483/pedro/jadesoft/util/mcgen/src/px114.car

 Nypatchy executing with files / options

   1  PAM      -
   2  FORT      /home/pcl2483/pedro/tmp/ytofort17150/px114.f
   3  read      /home/pcl2483/pedro/tmp/ytofort17150/px114.cra
   4  print     /home/pcl2483/pedro/tmp/ytofort17150/px114.lis
   5  CC       -    ...

 ---> start reading file  rope418.car

 Read Pam file: ROPE    4.18/07 000320 22.50    THE OPAL RECONSTRUCTION PROG

 ---> start reading file  px114.car

 Read Pam file: PX      1.14/01   990820 19:15    OPAL Physics Utility Routi


 Written:
   physical FORT:0         93 units   7831 lines to file  /home/pcl2483/pedro/tmp/ytofort17150/px114.f

      0 UNIX               . U E   .      .  E   .         CRA*

 Name stack:       significant name length is 32 characters
                3% used of   6000 name slots available
                2% used of  48000 bytes of text available

 Read:          11 lines from the cradle
             60033 lines from   2 PAM files for  2 lines +PAM

 Written:

   physical FORT:0         93 units   7831 lines to file  /home/pcl2483/pedro/tmp/ytofort17150/px114.f

    logical FORT:1         93 decks written via FORT:0

 No errors, no warnings.

Mon Sep 22 07:10:24 CEST 2003 pedro ftolib px114.f
found px114.f as px114.f
creating directory /home/pcl2483/pedro/jadesoft/util/mcgen/src/px114
 FCASPLIT executing.
             Input file : px114.for
           Shell script : px114.shfca
              Make file : px114.mkfca
        Fortran    name : g77  
        Fortran options : -c -O -fno-automatic  
             CC    name : gcc  
             CC options : -c -O2 -m486  
      Assembler    name : as  
      Assembler options :   
   7777 lines written for    93 decks
     55 trailing comment lines ignored.
ipxj7p.f
px2bki.f
px3je4.f
pxadd5.f
pxaddv.f
pxako4.f
pxanal.f
pxang3.f
pxanxy.f
pxbet4.f
pxcamj.f
pxchrg.f
pxcone.f
pxcopa.f
pxcopv.f
pxcro3.f
pxdaut.f
pxdiam.f
pxdot4.f
pxdotv.f
pxeec4.f
pxfox4.f
pxhem4.f
pxicnt.f
pxinit.f
pxj7pd.f
pxjmmm.f
pxjpdg.f
pxjrc4.f
pxjrz4.f
pxjsp3.f
pxjtr4.f
pxlcl5.f
pxlrp5.f
pxlsp3.f
pxlth4.f
pxluc5.f
pxrr2t.f
pxrr2m.f
pxlut3.f
pxlzb5.f
pxlzf5.f
pxmagv.f
pxmas4.f
pxmis4.f
pxmmbb.f
pxmulm.f
pxnew.f
pxnorv.f
pxolap.f
pxord.f
pxpax3.f
pxplt3.f
pxplu3.f
pxplu5.f
pxpois.f
pxposc.f
pxposi.f
pxprcv.f
pxpriq.f
pxpriv.f
pxprnt.f
pxpro3.f
pxprrv.f
pxptc4.f
pxqsl4.f
pxqsq4.f
pxrap4.f
pxrmx3.f
pxrob3.f
pxrof3.f
pxroot.f
pxsame.f
pxscmv.f
pxsear.f
pxshap.f
pxsorv.f
pxstbl.f
pxsub5.f
pxsubv.f
pxsumv.f
pxtry.f
pxtth3.f
pxunim.f
pxuvec.f
zzz000.f
pxycr4.f
pxzerv.f
yasso.f
yaxes.f
ykern.f
ynjet.f
yreas.f
ytree.f
yyjet.f
   ...compiling ipxj7p.f:
   ...compiling px2bki.f:
   ...compiling px3je4.f:
   ...compiling pxadd5.f:
   ...compiling pxaddv.f:
   ...compiling pxako4.f:
   ...compiling pxanal.f:
   ...compiling pxang3.f:
   ...compiling pxanxy.f:
   ...compiling pxbet4.f:
   ...compiling pxcamj.f:
   ...compiling pxchrg.f:
   ...compiling pxcone.f:
pxcone.f: In subroutine `pxcone':
pxcone.f:131: warning:
         CALL PXZERV(4*MXPROT,PJ)
              1
pxcone.f:132: (continued):
         CALL PXZERV(MXJET,IJMUL)
              2
Argument #2 of `pxzerv' is one type at (2) but is some other type at (1) [info -f g77 M GLOBALS]
   ...compiling pxcopa.f:
   ...compiling pxcopv.f:
   ...compiling pxcro3.f:
   ...compiling pxdaut.f:
   ...compiling pxdiam.f:
   ...compiling pxdot4.f:
   ...compiling pxdotv.f:
   ...compiling pxeec4.f:
   ...compiling pxfox4.f:
   ...compiling pxhem4.f:
pxhem4.f: In subroutine `pxhem4':
pxhem4.f:40: warning:
         CALL PXZERV (16,HSUM)
              1
pxhem4.f:41: (continued):
         CALL PXZERV (2,IHMUL)
              2
Argument #2 of `pxzerv' is one type at (2) but is some other type at (1) [info -f g77 M GLOBALS]
   ...compiling pxicnt.f:
   ...compiling pxinit.f:
   ...compiling pxj7pd.f:
   ...compiling pxjmmm.f:
   ...compiling pxjpdg.f:
   ...compiling pxjrc4.f:
   ...compiling pxjrz4.f:
   ...compiling pxjsp3.f:
   ...compiling pxjtr4.f:
   ...compiling pxlcl5.f:
   ...compiling pxlrp5.f:
   ...compiling pxlsp3.f:
   ...compiling pxlth4.f:
   ...compiling pxluc5.f:
   ...compiling pxlut3.f:
   ...compiling pxlzb5.f:
   ...compiling pxlzf5.f:
   ...compiling pxmagv.f:
   ...compiling pxmas4.f:
   ...compiling pxmis4.f:
   ...compiling pxmmbb.f:
   ...compiling pxmulm.f:
   ...compiling pxnew.f:
   ...compiling pxnorv.f:
   ...compiling pxolap.f:
   ...compiling pxord.f:
   ...compiling pxpax3.f:
   ...compiling pxplt3.f:
   ...compiling pxplu3.f:
   ...compiling pxplu5.f:
   ...compiling pxpois.f:
   ...compiling pxposc.f:
   ...compiling pxposi.f:
   ...compiling pxprcv.f:
   ...compiling pxpriq.f:
   ...compiling pxpriv.f:
   ...compiling pxprnt.f:
   ...compiling pxpro3.f:
   ...compiling pxprrv.f:
   ...compiling pxptc4.f:
   ...compiling pxqsl4.f:
   ...compiling pxqsq4.f:
   ...compiling pxrap4.f:
   ...compiling pxrmx3.f:
   ...compiling pxrob3.f:
   ...compiling pxrof3.f:
   ...compiling pxroot.f:
   ...compiling pxrr2m.f:
   ...compiling pxrr2t.f:
   ...compiling pxsame.f:
   ...compiling pxscmv.f:
   ...compiling pxsear.f:
   ...compiling pxshap.f:
pxshap.f: In subroutine `pxshap':
pxshap.f:202: warning:
             CALL PXPRNT (1,NTRAK,4,10,PTRAK,'E')
                  1
pxshap.f:210: (continued):
             CALL PXPRNT (1,1,MXJET,NJET,ITR,'I')
                  2
Argument #5 of `pxprnt' is one type at (2) but is some other type at (1) [info -f g77 M GLOBALS]
   ...compiling pxsorv.f:
   ...compiling pxstbl.f:
   ...compiling pxsub5.f:
   ...compiling pxsubv.f:
   ...compiling pxsumv.f:
   ...compiling pxtry.f:
   ...compiling pxtth3.f:
   ...compiling pxunim.f:
   ...compiling pxuvec.f:
   ...compiling pxycr4.f:
   ...compiling pxzerv.f:
   ...compiling yasso.f:
   ...compiling yaxes.f:
   ...compiling ykern.f:
   ...compiling ynjet.f:
   ...compiling yreas.f:
   ...compiling ytree.f:
   ...compiling yyjet.f:
   ...compiling zzz000.f:
   ...compiling *.c:
cc: *.c: No such file or directory
cc: No input files
a - ipxj7p.o
a - px2bki.o
a - px3je4.o
a - pxadd5.o
a - pxaddv.o
a - pxako4.o
a - pxanal.o
a - pxang3.o
a - pxanxy.o
a - pxbet4.o
a - pxcamj.o
a - pxchrg.o
a - pxcone.o
a - pxcopa.o
a - pxcopv.o
a - pxcro3.o
a - pxdaut.o
a - pxdiam.o
a - pxdot4.o
a - pxdotv.o
a - pxeec4.o
a - pxfox4.o
a - pxhem4.o
a - pxicnt.o
a - pxinit.o
a - pxj7pd.o
a - pxjmmm.o
a - pxjpdg.o
a - pxjrc4.o
a - pxjrz4.o
a - pxjsp3.o
a - pxjtr4.o
a - pxlcl5.o
a - pxlrp5.o
a - pxlsp3.o
a - pxlth4.o
a - pxluc5.o
a - pxlut3.o
a - pxlzb5.o
a - pxlzf5.o
a - pxmagv.o
a - pxmas4.o
a - pxmis4.o
a - pxmmbb.o
a - pxmulm.o
a - pxnew.o
a - pxnorv.o
a - pxolap.o
a - pxord.o
a - pxpax3.o
a - pxplt3.o
a - pxplu3.o
a - pxplu5.o
a - pxpois.o
a - pxposc.o
a - pxposi.o
a - pxprcv.o
a - pxpriq.o
a - pxpriv.o
a - pxprnt.o
a - pxpro3.o
a - pxprrv.o
a - pxptc4.o
a - pxqsl4.o
a - pxqsq4.o
a - pxrap4.o
a - pxrmx3.o
a - pxrob3.o
a - pxrof3.o
a - pxroot.o
a - pxrr2m.o
a - pxrr2t.o
a - pxsame.o
a - pxscmv.o
a - pxsear.o
a - pxshap.o
a - pxsorv.o
a - pxstbl.o
a - pxsub5.o
a - pxsubv.o
a - pxsumv.o
a - pxtry.o
a - pxtth3.o
a - pxunim.o
a - pxuvec.o
a - pxycr4.o
a - pxzerv.o
a - yasso.o
a - yaxes.o
a - ykern.o
a - ynjet.o
a - yreas.o
a - ytree.o
a - yyjet.o
a - zzz000.o
library is installed in directory /home/pcl2483/pedro/jadesoft/util/mcgen/src
***
*** library /home/pcl2483/pedro/jadesoft/util/mcgen/Plib/libpx114.a created.
***
