
Start job at: Mon Sep 22 07:12:45 CEST 2003

found lepton.car as /mnt/home/pcl2483/pedro/jadesoft/util/mcgen/lepton/lepton.car

 Nypatchy executing with files / options

   1  PAM      -
   2  FORT      /home/pcl2483/pedro/tmp/ytofort19553/lepton.f
   3  read      /home/pcl2483/pedro/tmp/ytofort19553/lepton.cra
   4  print     /home/pcl2483/pedro/tmp/ytofort19553/lepton.lis
   5  CC       -    ...

 ---> start reading file  lepton.car

 Read Pam file: unknown


 Written:
   physical FORT:0          4 units    297 lines to file  /home/pcl2483/pedro/tmp/ytofort19553/lepton.f
      0 LEPTON             . U E   .      .  E   .         CRA*
      5 CRA*               . U E   .      .  E   .     R   CRA*

 Name stack:       significant name length is 32 characters
                0% used of   6000 name slots available
                0% used of  48000 bytes of text available

 Read:           4 lines from the cradle
               276 lines from   1 PAM files for  1 lines +PAM

 Written:

   physical FORT:0          4 units    297 lines to file  /home/pcl2483/pedro/tmp/ytofort19553/lepton.f

    logical FORT:1          4 decks written via FORT:0

 No errors, no warnings.

lepton.f: In program `lepair':
lepton.f:44: warning:
         CALL FFKEY('NEVENT',NEVENT,1,'INTEGER')
              1
lepton.f:46: (continued):
         CALL FFKEY('CMS',CMS,1,'REAL')
              2
Argument #2 of `ffkey' is one type at (2) but is some other type at (1) [info -f g77 M GLOBALS]
lepton.f: In subroutine `incprd':
lepton.f:283: warning:
         CALL VZERO(PP,4*500)
              1
lepton.f:285: (continued):
         CALL VZERO(JCH,500)
              2
Argument #1 of `vzero' is one type at (2) but is some other type at (1) [info -f g77 M GLOBALS]
lepton.f:283: warning:
         CALL VZERO(PP,4*500)
              1
lepton.f:286: (continued):
         CALL VZERO(JTP,500)
              2
Argument #1 of `vzero' is one type at (2) but is some other type at (1) [info -f g77 M GLOBALS]
lepton.f:283: warning:
         CALL VZERO(PP,4*500)
              1
lepton.f:287: (continued):
         CALL VZERO(JP,2*500)
              2
Argument #1 of `vzero' is one type at (2) but is some other type at (1) [info -f g77 M GLOBALS]
lepton.f:283: warning:
         CALL VZERO(PP,4*500)
              1
lepton.f:290: (continued):
         CALL VZERO(ICF,300)
              2
Argument #1 of `vzero' is one type at (2) but is some other type at (1) [info -f g77 M GLOBALS]
lepton.f:283: warning:
         CALL VZERO(PP,4*500)
              1
lepton.f:291: (continued):
         CALL VZERO(ITF,300)
              2
Argument #1 of `vzero' is one type at (2) but is some other type at (1) [info -f g77 M GLOBALS]
lepton.f:49: warning:
         CALL VBLANK(HEVFILE,NWONAM)
              1
lepton.f:293: (continued):
         CALL VBLANK(CP,4)
              2
Argument #1 of `vblank' is one type at (2) but is some other type at (1) [info -f g77 M GLOBALS]
lepton.f:49: warning:
         CALL VBLANK(HEVFILE,NWONAM)
              1
lepton.f:294: (continued):
         CALL VBLANK(CF,4)
              2
Argument #1 of `vblank' is one type at (2) but is some other type at (1) [info -f g77 M GLOBALS]
main: lepton.run
trace symbols:
load symbols: -Wl,-uludata_ -Wl,-upydata_ -Wl,-umcevbl_ -Wl,-umcpobl_
files.o: lepton.o
opal libs:
dummy lib:
cern libs: -L/cern/99/lib -lgraflib -lgrafX11 -lpacklib -lmathlib -lkernlib

now beginning final pass
/usr/lib/gcc-lib/i686-pc-linux-gnu/2.95.3/libg2c.a(open.o): In function `f_open':
/mnt/cnsrc/src/compilers/gcc-2.95.3/i686-pc-linux-gnu/libf2c/libI77/open.c:213: the use of `tempnam' is dangerous, better use `mkstemp'
link completed with status 0
link end
lepton.run moved to /home/pcl2483/pedro/jadesoft/util/mcgen/Pbin/.
