Current directory is/home/pcl2483/pedro/jadesoft/src/source

Dependencies:
-------------
lgcalb.F ... cdata.for
lgcalb.F ... clgwork1.for
lgcalb.F ... clgkalb.for
lgcalb.F ... cdata.for
lgcalb.F ... clgwork1.for
lgcalb.F ... clgkalb.for
lganal9.F ... cdata.for
lganal9.F ... clgwork1.for
lgcdir9.F ... cdata.for
lgcdir9.F ... clgwork2.for
lgerse.F ... clgwork1.for
lgerse.F ... clgkalb.for
lgmesg.F ... cdata.for
lgdcpy.F ... cdata.for
lgdcpy.F ... clgwork1.for
lgcctl.F ... clgwork1.for
lgclpb9.F ... clgwork1.for
lgclpb9.F ... cdata.for
lgclpc.F ... clgwork1.for
tpcnst.F ... cdata.for
lgrein.F ... cdata.for
lgchc2.F ... clgwork2.for
intolg.F ... clgwork2.for
intolg.F ... cdata.for
lgecor9.F ... cdata.for
lgbadc.F ... clgwork1.for
lgbadc.F ... clgkalb.for
lgclus.F ... clgwork1.for
lgeign.F ... clgwork1.for
brlgn.F ... cdata.for
lgsrth.F ... clgwork1.for
lgbfil.F ... clgwork2.for
lgefil.F ... clgwork2.for
bbleak.F ... cdata.for
lkcorr.F ... cdata.for
thcorr.F ... cdata.for
calcor.F ... clgwork1.for
encorr.F ... cdata.for
thcofa.F ... cdata.for
bbcorr.F ... cdata.for
lgbtdc.F ... cdata.for

.F files sorted by include-files:
-- ----- ------ -- --------------
cdata.for: lgcalb.F lganal9.F lgcdir9.F lgmesg.F lgdcpy.F lgclpb9.F tpcnst.F lgrein.F intolg.F lgecor9.F brlgn.F bbleak.F lkcorr.F thcorr.F encorr.F thcofa.F bbcorr.F lgbtdc.F
clgkalb.for: lgcalb.F lgerse.F lgbadc.F
clgwork1.for: lgcalb.F lganal9.F lgerse.F lgdcpy.F lgcctl.F lgclpb9.F lgclpc.F lgbadc.F lgclus.F lgeign.F lgsrth.F calcor.F
clgwork2.for: lgcdir9.F lgchc2.F intolg.F lgbfil.F lgefil.F

Library members sorted by include-files:
------- ------- ------ -- -------------
/home/pcl2483/pedro/jadesoft/lib/libsource.a( lgcalb.o lganal9.o lgcdir9.o lgmesg.o lgdcpy.o lgclpb9.o tpcnst.o lgrein.o intolg.o lgecor9.o brlgn.o bbleak.o lkcorr.o thcorr.o encorr.o thcofa.o bbcorr.o lgbtdc.o ) :	 cdata.for
/home/pcl2483/pedro/jadesoft/lib/libsource.a( lgcalb.o lgerse.o lgbadc.o ) :	 clgkalb.for
/home/pcl2483/pedro/jadesoft/lib/libsource.a( lgcalb.o lganal9.o lgerse.o lgdcpy.o lgcctl.o lgclpb9.o lgclpc.o lgbadc.o lgclus.o lgeign.o lgsrth.o calcor.o ) :	 clgwork1.for
/home/pcl2483/pedro/jadesoft/lib/libsource.a( lgcdir9.o lgchc2.o intolg.o lgbfil.o lgefil.o ) :	 clgwork2.for
