Current directory is/home/pcl2483/pedro/jadesoft/src/wertex

Dependencies:
-------------
parkor.F ... cdata.for
parkor.F ... cdata.for
wtxbnk.F ... cdata.for
wtxeer.F ... cdata.for
wtxpre.F ... cdata.for
xfwid.F ... cdata.for
xfwid.F ... cadmin.for
xfwvxc.F ... cdata.for
xfwvxc.F ... cadmin.for

.F files sorted by include-files:
-- ----- ------ -- --------------
cadmin.for: xfwid.F xfwvxc.F
cdata.for: parkor.F wtxbnk.F wtxeer.F wtxpre.F xfwid.F xfwvxc.F

Library members sorted by include-files:
------- ------- ------ -- -------------
/home/pcl2483/pedro/jadesoft/lib/libwertex.a( xfwid.o xfwvxc.o ) :	 cadmin.for
/home/pcl2483/pedro/jadesoft/lib/libwertex.a( parkor.o wtxbnk.o wtxeer.o wtxpre.o xfwid.o xfwvxc.o ) :	 cdata.for
