
0START/BANK ORGANISATION PROGRAM   -   JOB DATE 22/09/03 TIME 05.53.07
0      CALL BINT( 33000,     NR OF WORDS IN COMMON/BCS/
                  10000,     MAX NR OF WORDS ALLOWED IN A BANK-RECORD
                    500,     NR OF WORDS PRINTED IN A DUMP
                   3300)     NR OF WORDS FOR LOW PRIORITY BANK SPACE

MCMAIN: read FFREAD cards
1           USER'S DIRECTIVES TO RUN THIS JOB
            ----------------------------------


 ***** DATA CARD CONTENT     LIST                                                                            
 ***** DATA CARD CONTENT                                                                                     
 ***** DATA CARD CONTENT     C Initialise random number generator                                            
 ***** DATA CARD CONTENT     MCSTART ON                                                                      
 ***** DATA CARD CONTENT                                                                                     
 ***** DATA CARD CONTENT     C Configuration of the JADE detector                                            
 ***** DATA CARD CONTENT     YEAR    86                                                                      
 ***** DATA CARD CONTENT     MONTH   05                                                                      
 ***** DATA CARD CONTENT     DAY     17                                                                      
 ***** DATA CARD CONTENT                                                                                     
 ***** DATA CARD CONTENT     C Tracking options                                                              
 ***** DATA CARD CONTENT     C --- Smear gamma and electron energies                                         
 ***** DATA CARD CONTENT     SMEAR    ON                                                                     
 ***** DATA CARD CONTENT     C --- Gamma conversion in outer tank and coil                                   
 ***** DATA CARD CONTENT     CONVERT  ON                                                                     
 ***** DATA CARD CONTENT     C --- Absorption losses                                                         
 ***** DATA CARD CONTENT     ABSORB   ON                                                                     
 ***** DATA CARD CONTENT     C --- 3 dim shower profile fit to eggs code                                     
 ***** DATA CARD CONTENT     SHOW3D   ON                                                                     
 ***** DATA CARD CONTENT     C --- Vertex chamber tracking:                                                  
 ***** DATA CARD CONTENT     C     Normally, this option is set automatically in MCJADE                      
 ***** DATA CARD CONTENT     C     VERTEX = ON : Vertex chamber tracking is performed                        
 ***** DATA CARD CONTENT     C            = OFF: Old beam pipe geometry and beam pipe counters               
 ***** DATA CARD CONTENT     C                   is considered (before Mai 84)                               
 ***** DATA CARD CONTENT     VERTEX   ON                                                                     
 ***** DATA CARD CONTENT                                                                                     
 ***** DATA CARD CONTENT     C First and last event to be tracked                                            
 ***** DATA CARD CONTENT     C     LAST=0: process until end of 4-vector 'CPROD' file                        
 ***** DATA CARD CONTENT     FIRST   1                                                                       
 ***** DATA CARD CONTENT     LAST    50                                                                      
 ***** DATA CARD CONTENT     C 4-Vector print out                                                            
 ***** DATA CARD CONTENT     MCNPRI  100                                                                     
 ***** DATA CARD CONTENT                                                                                     
 ***** DATA CARD CONTENT     C Name of the 4-vector input file                                               
 ***** DATA CARD CONTENT     MCVECT                                                                          
 ***** DATA CARD CONTENT     'jt63_35.0.cprod'                                                               
 ***** DATA CARD CONTENT                                                                                     
 ***** DATA CARD CONTENT     C Name of the bos banks output file                                             
 ***** DATA CARD CONTENT     MCBOS                                                                           
 ***** DATA CARD CONTENT     'mc_jt63_35.0_86-05-17.bos'                                                     
 ***** DATA CARD CONTENT                                                                                     
 ***** DATA CARD CONTENT     C Print out of BOS banks in readable ASCII format (only for tests!)             
 ***** DATA CARD CONTENT     BANKS   OFF                                                                     
 ***** DATA CARD CONTENT     MCBANK                                                                          
 ***** DATA CARD CONTENT     'mc_jt63_35.0_86-05-17.bnk'                                                     
 ***** DATA CARD CONTENT                                                                                     
 ***** DATA CARD CONTENT     C Control histograms                                                            
 ***** DATA CARD CONTENT     HISTO   ON                                                                      
 ***** DATA CARD CONTENT     MCHIST                                                                          
 ***** DATA CARD CONTENT     'mc_jt63_35.0_86-05-17.hist'                                                    
 ***** DATA CARD CONTENT                                                                                     
 ***** DATA CARD CONTENT     C                                                                               
 ***** DATA CARD CONTENT     STOP                                                                            

ENDIAN:
 Data record starts with:    4952       1 17.500 26.336116.414 52.810       4      84
 JADE data I/O format: CPROD data and current platform with EQUAL endian format. Current platform is BIG ENDIAN.

========================================================================================================================

MCMAIN: tracking parameters:
----------------------------
    Input 4-vector file is: jt63_35.0.cprod
 First event to be tracked:        1
  Last event to be tracked:       50
   JADE configuration date: HDATE(1..6) =  1  1  1 17  5 1986
   MCVALI validation flags: VTEST(1..20) = T T T T T F F T T T T T T T T T T T T T
   MCJADE tracking options: LFLAG(1..6) = T T T T T F

MCMAIN: calling MCJADE:
----------------------
 *** WARNING ***    INPUT DATA TEST  6 DISABLED
 *** WARNING ***    INPUT DATA TEST  7 DISABLED

  1 = BEAM ENERGY TEST        2 = PX, PY, PZ TEST
  3 = ENERGY TEST             4 = MASS(TYPE) TEST
  5 = E/P/MASS TEST           6 = VERTEX X,Y,Z TEST
  7 = VERTEX R TEST           8 = PTOT TEST
  9 = MASS TEST              10 = NULL TEST
 11 = PARTICLE TYPE TEST     12 = CHARGE TEST
 13 = EVENT NUMBER TEST      14 = NF TEST
 15 = NCF TEST               16 = NNF TEST
 17 = NF = NCF + NNF TEST    





 ***********************************************
 * LEAD GLASS SIMULATION IS DONE USING         *
 *        F11MEI.MCSHOWS(TRLG3)                *
 *                                             *
 * CONTAINING :                                *
 *                                             *
 *     - EM. SHOWERS FROM INTEGRATION OVER     *
 *       3 DIM SHOWER FUNCTION FOR PARTICLES   *
 *       ABOVE 100 MEV                         *
 *     - STANDARD EM-SHOWER PROCEDURE FOR      *
 *       FOR LOW ENERGY PARTICLES              *
 *     - HADRON INTERACTION USING THE KANZAKI  *
 *       SCHEME BASED ON THE KEK MEASURMENTS   *
 *       LIGHT GUIDES ARE INCLUDED FOR BARREL  *
 *                                             *
 *                           VERSION 20/09/83  *
 ***********************************************





    ***********************************************
    * -> V E R T E X  C H A M B E R  TRACKING <-  *
    *               SWITCHED  O N                 *
    *                           VERSION 28/08/84  *
    ***********************************************




  DATE TAKEN FROM COMMON 1TODAY IS 17/ 5/1986 SO MARKMC FOR TAGGER SET TO  4

 ++++++++++++++++++++++++++++++++++++++++++++++++++++
 +                                                  +
 +               FIRST CALL TO MCTAGI               +
 +                                                  +
 +                 MARK 3                           +
 +             TAGGER IS BEING SIMULATED            +
 +                                                  +
 +                                                  +
 +              CHECK THAT TAGAN AGREES             +
 +                   WITH THIS IN                   +
 +                ANALYSIS (TP) STEP                +
 +                                                  +
 +    SEE JADE COMPUTER NOTES 74 AND 86 FOR MORE    +
 +               DETAILS                            +
 +                                                  +
 ++++++++++++++++++++++++++++++++++++++++++++++++++++


 === EVENT       1  === TRACKED PARTICLES FROM VECT  0 FOLLOWING ===
  -0.516  -0.342   0.014   0.792   0.494   0.619  -1.000   5.000    0.000    0.000    0.000
 RANMAR: Private version of RANMAR (CERN PROGLIB# V113) called.
 RANMAR: Will perform default initialization using RMARIN.
 * MACHINE: Big endian (IBM like), ITYPE= 2
 ===>> TRLGS6: DOUBLE TRACKING CORRECTED VERSION 4.9.86 
                    REVISED VERSION FROM 19.01.1987...
   0.264   0.419  -0.611   0.928   0.494   0.786   1.000   5.000    0.000    0.000    0.000
   0.200   0.576  -0.428   0.758   0.140   0.745  -1.000   4.000    0.000    0.000    0.000
   0.018   0.041   0.004   0.045   0.000   0.045   0.000   1.000    0.000    0.000    0.000
   * * *   NEW, CORRECTED TRKGMV VERSION, FROM 15.3.1986
 ELGOBS: CORRECTED VERSION FROM 1/87 * * * *
 JADELG.LOAD (ENGLOS) CALLED FROM LGECOR
  %%%%% E SMEAR IS CALLED%%%%%
   0.112   0.117  -0.285   0.328   0.000   0.328   0.000   1.000    0.000    0.000    0.000
  -0.136  -0.071  -0.149   0.255   0.140   0.213   1.000   4.000    0.000    0.000    0.000
  -0.165   0.110  -0.227   0.332   0.140   0.301  -1.000   4.000    0.000    0.000    0.000
   0.092   0.042   0.050   0.113   0.000   0.113   0.000   1.000    0.000    0.000    0.000
  -0.078   0.293  -0.256   0.633   0.494   0.397  -1.000   5.000    0.000    0.000    0.000
   0.274  -0.100  -0.091   0.336   0.140   0.306   1.000   4.000    0.000    0.000    0.000
   0.101  -0.614   0.396   0.751   0.140   0.738   1.000   4.000    0.000    0.000    0.000
  -1.087  -1.147   0.297   1.614   0.140   1.608  -1.000   4.000    0.000    0.000    0.000
  -1.221  -1.947   0.880   2.465   0.140   2.461   1.000   4.000    0.000    0.000    0.000
  -0.222   0.017   0.121   0.290   0.140   0.254  -1.000   4.000    0.000    0.000    0.000
  -0.170  -0.735   0.585   0.965   0.140   0.954   1.000   4.000    0.000    0.000    0.000
   0.087  -0.293  -0.175   0.379   0.140   0.352  -1.000   4.000    0.000    0.000    0.000
  -0.443  -0.428   0.344   0.719   0.140   0.706   1.000   4.000    0.000    0.000    0.000
  -0.601  -1.234   0.253   1.403   0.140   1.396  -1.000   4.000    0.000    0.000    0.000
   0.044   0.108   0.061   0.132   0.000   0.132   0.000   1.000    0.000    0.000    0.000
   0.024  -0.011   0.122   0.124   0.000   0.124   0.000   1.000    0.000    0.000    0.000
   0.040  -0.140   0.723   0.738   0.000   0.738   0.000   1.000    0.000    0.000    0.000
   0.027  -0.074   0.107   0.133   0.000   0.133   0.000   1.000    0.000    0.000    0.000
  -0.147  -0.739   0.023   0.754   0.000   0.754   0.000   1.000    0.000    0.000    0.000
  -0.049  -0.345   0.102   0.363   0.000   0.363   0.000   1.000    0.000    0.000    0.000
  -0.523  -0.254   0.596   0.832   0.000   0.832   0.000   1.000    0.000    0.000    0.000
  -0.055   0.010   0.028   0.063   0.000   0.063   0.000   1.000    0.000    0.000    0.000
   0.027  -0.079   0.069   0.108   0.000   0.108   0.000   1.000    0.000    0.000    0.000
  -0.156  -0.309   0.227   0.414   0.000   0.414   0.000   1.000    0.000    0.000    0.000
  -0.708  -0.745   0.197   1.047   0.000   1.047   0.000   1.000    0.000    0.000    0.000
  -0.008  -0.012  -0.014   0.020   0.000   0.020   0.000   1.000    0.000    0.000    0.000
   0.072   0.250  -0.178   0.316   0.000   0.316   0.000   1.000    0.000    0.000    0.000
   0.693   1.447  -1.351   2.097   0.000   2.097   0.000   1.000    0.000    0.000    0.000
   0.836  -0.497   2.715   2.888   0.140   2.884   1.000   4.000    0.000    0.000    0.000
   0.049  -0.082  -0.108   0.201   0.140   0.144   1.000   4.000    0.000    0.000    0.000
   0.067  -0.227   0.296   0.404   0.140   0.379  -1.000   4.000    0.000    0.000    0.000
   0.431   0.724  -0.921   1.256   0.140   1.248   1.000   4.000    0.000    0.000    0.000
   0.336   1.068  -0.701   1.328   0.140   1.321  -1.000   4.000    0.000    0.000    0.000
   0.123   0.276  -0.241   0.387   0.000   0.387   0.000   1.000    0.000    0.000    0.000
   0.123   0.466  -0.206   0.524   0.000   0.524   0.000   1.000    0.000    0.000    0.000
   0.797   1.904  -1.371   2.478   0.000   2.478   0.000   1.000    0.000    0.000    0.000
   0.193   0.343  -0.218   0.450   0.000   0.450   0.000   1.000    0.000    0.000    0.000
   0.487   0.827  -0.408   1.042   0.000   1.042   0.000   1.000    0.000    0.000    0.000
   0.440   1.913  -1.419   2.422   0.000   2.422   0.000   1.000    0.000    0.000    0.000
   0.128  -0.183   0.231   0.322   0.000   0.322   0.000   1.000    0.000    0.000    0.000
   0.041  -0.294   0.416   0.511   0.000   0.511   0.000   1.000    0.000    0.000    0.000
   0.141  -0.076   0.480   0.506   0.000   0.506   0.000   1.000    0.000    0.000    0.000
   0.018   0.027   0.020   0.038   0.000   0.038   0.000   1.000    0.000    0.000    0.000


 === EVENT       1  === TRACKED PARTICLES FROM VECT  1 FOLLOWING ===
  -0.488  -0.237   0.553   0.775   0.001   0.775   1.000   2.000 -152.213  -74.031  173.409
  -0.036  -0.018   0.042   0.058   0.001   0.058  -1.000   2.000 -152.213  -74.031  173.409
   0.048   0.164  -0.115   0.206   0.001   0.206   1.000   2.000   25.143   87.198  -61.965
   0.024   0.087  -0.063   0.110   0.001   0.110  -1.000   2.000   25.143   87.198  -61.965
   0.311   0.648  -0.604   0.939   0.001   0.939   1.000   2.000   40.028   83.519  -77.970
   0.381   0.799  -0.747   1.158   0.001   1.158  -1.000   2.000   40.028   83.519  -77.970
   0.177   0.766  -0.568   0.970   0.001   0.970   1.000   2.000   38.313  166.620 -123.616
   0.265   1.147  -0.850   1.452   0.001   1.452  -1.000   2.000   38.313  166.620 -123.616
   0.036  -0.019   0.119   0.126   0.001   0.126   1.000   2.000  344.317 -186.383 1176.046
   0.106  -0.057   0.361   0.380   0.001   0.380  -1.000   2.000  344.317 -186.383 1176.046
  -0.295  -0.149   0.333   0.469   0.000   0.469   0.000   1.000 -240.631 -117.326  272.945
  -0.012  -0.014   0.018   0.026   0.000   0.026   0.000   1.000 -694.250 -478.406  862.910
  -0.018  -0.022   0.028   0.040   0.000   0.040   0.000   1.000 -696.472 -481.146  866.453
  -0.005  -0.008   0.009   0.013   0.000   0.013   0.000   1.000 -744.924 -547.099  947.225
  -0.030   0.073  -0.056   0.097   0.000   0.097   0.000   1.000   33.640  843.032 -604.838
   0.008   0.030  -0.021   0.037   0.000   0.037   0.000   1.000   25.472   88.383  -62.822
   0.001   0.028  -0.007   0.029   0.000   0.029   0.000   1.000  163.497   60.055-1148.193
   0.101   0.326  -0.288   0.446   0.000   0.446   0.000   1.000  311.983  780.226 -706.477
   0.047   0.148  -0.128   0.201   0.000   0.201   0.000   1.000  314.251  787.528 -712.922
   0.044   0.077  -0.074   0.116   0.000   0.116   0.000   1.000  223.560  435.114 -410.289
   0.014   0.020  -0.020   0.032   0.000   0.032   0.000   1.000  409.884  739.889 -707.891
   0.043   0.064  -0.063   0.099   0.000   0.099   0.000   1.000  412.026  743.090 -711.080
   0.196   0.593  -0.453   0.771   0.000   0.771   0.000   1.000  220.427  814.200 -609.483
   0.008  -0.002   0.016   0.018   0.000   0.018   0.000   1.000  430.858 -216.025 1370.243
   0.006  -0.004   0.023   0.024   0.000   0.024   0.000   1.000  348.427 -188.694 1190.285
   0.040  -0.029   0.154   0.161   0.000   0.161   0.000   1.000  351.088 -190.429 1199.767
   0.009  -0.006   0.032   0.034   0.000   0.034   0.000   1.000  393.217 -217.390 1356.989
   0.007  -0.005   0.020   0.022   0.000   0.022   0.000   1.000  408.056 -230.085 1402.953


 === EVENT       2  === TRACKED PARTICLES FROM VECT  0 FOLLOWING ===
   0.839   0.915  -0.936   1.561   0.140   1.555   1.000   4.000    0.000    0.000    0.000
   1.377   0.929  -1.558   2.281   0.140   2.277   1.000   4.000    0.000    0.000    0.000
  -0.279  -0.442  -0.070   0.546   0.140   0.528  -1.000   4.000    0.000    0.000    0.000
  -0.070   0.069  -0.128   0.161   0.000   0.161   0.000   1.000    0.000    0.000    0.000
   0.203  -0.096  -0.144   0.302   0.140   0.267   1.000   4.000    0.000    0.000    0.000
   0.620   0.077  -0.641   0.905   0.140   0.895  -1.000   4.000    0.000    0.000    0.000
  -1.159  -1.006   2.924   3.305   0.140   3.302   1.000   4.000    0.000    0.000    0.000
  -0.282  -0.381  -0.044   0.496   0.140   0.476   1.000   4.000    0.000    0.000    0.000
   0.213  -0.309   0.410   0.573   0.140   0.556  -1.000   4.000    0.000    0.000    0.000
   0.595   0.123  -0.876   1.076   0.140   1.066   1.000   4.000    0.000    0.000    0.000
   0.884   0.109  -1.859   2.066   0.140   2.061  -1.000   4.000    0.000    0.000    0.000
  -0.283  -0.090  -0.113   0.347   0.140   0.318   1.000   4.000    0.000    0.000    0.000
  -0.253  -0.316  -0.204   0.474   0.140   0.453  -1.000   4.000    0.000    0.000    0.000
   0.062  -0.107  -1.112   1.127   0.140   1.119  -1.000   4.000    0.000    0.000    0.000
   0.467   0.436  -0.956   1.150   0.000   1.150   0.000   1.000    0.000    0.000    0.000
   0.543   0.335  -0.875   1.083   0.000   1.083   0.000   1.000    0.000    0.000    0.000
  -2.077  -1.018   5.865   6.324   0.494   6.305  -1.000   5.000    0.000    0.000    0.000
  -2.313  -1.149   2.887   3.876   0.140   3.874   1.000   4.000    0.000    0.000    0.000
   0.006   0.002   0.046   0.047   0.000   0.047   0.000   1.000    0.000    0.000    0.000
  -0.376  -0.201   0.611   0.745   0.000   0.745   0.000   1.000    0.000    0.000    0.000
  -0.181   0.216  -0.512   0.584   0.000   0.584   0.000   1.000    0.000    0.000    0.000
  -0.054   0.168  -0.180   0.252   0.000   0.252   0.000   1.000    0.000    0.000    0.000
  -0.044   0.080   0.124   0.154   0.000   0.154   0.000   1.000    0.000    0.000    0.000
  -0.234   0.068   0.567   0.617   0.000   0.617   0.000   1.000    0.000    0.000    0.000
   0.007   0.006  -0.152   0.152   0.000   0.152   0.000   1.000    0.000    0.000    0.000
   0.227   0.059  -0.344   0.416   0.000   0.416   0.000   1.000    0.000    0.000    0.000
  -0.012  -0.013  -0.033   0.038   0.000   0.038   0.000   1.000    0.000    0.000    0.000
   0.155   0.039   0.018   0.161   0.000   0.161   0.000   1.000    0.000    0.000    0.000
  -0.060   0.011   0.096   0.114   0.000   0.114   0.000   1.000    0.000    0.000    0.000
   0.065   0.044   0.051   0.093   0.000   0.093   0.000   1.000    0.000    0.000    0.000
   0.348   0.180  -0.717   0.829   0.140   0.817  -1.000   4.000    0.000    0.000    0.000
   0.070   0.036  -0.063   0.101   0.000   0.101   0.000   1.000    0.000    0.000    0.000
   0.694   0.590  -1.343   1.623   0.000   1.623   0.000   1.000    0.000    0.000    0.000
   0.018   0.015   0.013   0.026   0.000   0.026   0.000   1.000    0.000    0.000    0.000
  -0.208   0.023  -0.011   0.210   0.000   0.210   0.000   1.000    0.000    0.000    0.000
   0.131   0.106  -0.196   0.258   0.000   0.258   0.000   1.000    0.000    0.000    0.000
   0.061   0.174  -0.404   0.444   0.000   0.444   0.000   1.000    0.000    0.000    0.000
  -0.010   0.029  -0.023   0.039   0.000   0.039   0.000   1.000    0.000    0.000    0.000
   0.313   0.287  -0.118   0.441   0.000   0.441   0.000   1.000    0.000    0.000    0.000


 === EVENT       2  === TRACKED PARTICLES FROM VECT  1 FOLLOWING ===
   0.133  -0.036  -0.089   0.195   0.106   0.164   1.000   3.000   45.995  -20.827  -32.411
   0.064   0.060  -0.133   0.159   0.001   0.159   1.000   2.000  441.433  412.514 -904.652
   0.401   0.375  -0.825   0.991   0.001   0.991  -1.000   2.000  441.433  412.514 -904.652
  -0.153   0.184  -0.434   0.496   0.001   0.496   1.000   2.000 -108.533  129.281 -306.748
  -0.027   0.033  -0.078   0.089   0.001   0.089  -1.000   2.000 -108.533  129.281 -306.748
   0.021   0.010  -0.018   0.029   0.001   0.029   1.000   2.000  150.081   77.092 -135.294
   0.049   0.025  -0.045   0.071   0.001   0.071  -1.000   2.000  150.081   77.092 -135.294
   0.003   0.004  -0.009   0.010   0.000   0.010   0.000   1.000  562.536  563.670-1213.413
   0.005   0.010  -0.023   0.025   0.000   0.025   0.000   1.000  584.176  599.591-1298.646
   0.012   0.029  -0.058   0.066   0.000   0.066   0.000   1.000  586.132  603.623-1307.585
   0.066   0.055  -0.125   0.152   0.000   0.152   0.000   1.000  623.379  571.512-1266.326
  -0.008   0.010  -0.024   0.027   0.000   0.027   0.000   1.000 -111.621  133.016 -315.495
  -0.050   0.033  -0.106   0.122   0.000   0.122   0.000   1.000 -471.856  455.167-1184.070
  -0.016   0.008  -0.028   0.034   0.000   0.034   0.000   1.000 -570.769  512.736-1371.902
  -0.006   0.003  -0.013   0.015   0.000   0.015   0.000   1.000 -582.530  517.910-1393.342
  -0.023   0.006  -0.041   0.047   0.000   0.047   0.000   1.000 -598.505  523.433-1423.971
   0.006   0.002  -0.011   0.013   0.000   0.013   0.000   1.000   59.460  620.984-1358.709
   0.004   0.001  -0.011   0.012   0.000   0.012   0.000   1.000   70.039  623.758-1381.051
   0.005   0.006  -0.010   0.013   0.000   0.013   0.000   1.000   90.914  143.342 -837.222


 === EVENT       3  === TRACKED PARTICLES FROM VECT  0 FOLLOWING ===
  -0.162  -0.435  16.103  16.109   0.000  16.109   0.000   1.000    0.000    0.000    0.000
  -0.290   0.157  -1.170   1.223   0.140   1.215   1.000   4.000    0.000    0.000    0.000
  -0.235  -0.400  -2.572   2.617   0.140   2.613  -1.000   4.000    0.000    0.000    0.000
  -0.652  -0.217  -3.309   3.416   0.494   3.380   1.000   5.000    0.000    0.000    0.000
   0.480  -0.026  -0.113   0.513   0.140   0.494  -1.000   4.000    0.000    0.000    0.000
   0.077   0.131  -0.115   0.190   0.000   0.190   0.000   1.000    0.000    0.000    0.000
   0.160   0.188  -0.009   0.247   0.000   0.247   0.000   1.000    0.000    0.000    0.000
   0.001   0.004  -0.030   0.030   0.000   0.030   0.000   1.000    0.000    0.000    0.000
   0.519   0.292  -0.326   0.679   0.000   0.679   0.000   1.000    0.000    0.000    0.000
   0.369  -0.006  -0.449   0.581   0.000   0.581   0.000   1.000    0.000    0.000    0.000
   0.024  -0.002  -0.126   0.128   0.000   0.128   0.000   1.000    0.000    0.000    0.000
   0.229   0.150   0.081   0.285   0.000   0.285   0.000   1.000    0.000    0.000    0.000
   0.081   0.092  -0.048   0.131   0.000   0.131   0.000   1.000    0.000    0.000    0.000
   0.073   0.079  -0.103   0.149   0.000   0.149   0.000   1.000    0.000    0.000    0.000
   0.242   0.065  -0.064   0.259   0.000   0.259   0.000   1.000    0.000    0.000    0.000
   0.285   0.220  -0.082   0.370   0.000   0.370   0.000   1.000    0.000    0.000    0.000
   0.334   0.149  -0.196   0.415   0.000   0.415   0.000   1.000    0.000    0.000    0.000
  -0.904  -0.270  -4.888   4.978   0.000   4.978   0.000   1.000    0.000    0.000    0.000
  -0.397  -0.152  -1.795   1.845   0.000   1.845   0.000   1.000    0.000    0.000    0.000
  -0.130  -0.017  -0.635   0.648   0.000   0.648   0.000   1.000    0.000    0.000    0.000
  -0.104  -0.002  -0.154   0.185   0.000   0.185   0.000   1.000    0.000    0.000    0.000


 === EVENT       3  === TRACKED PARTICLES FROM VECT  1 FOLLOWING ===
   0.394  -0.011  -0.118   0.425   0.106   0.411  -1.000   3.000  104.838   -7.274  -24.883
   0.122   0.069  -0.078   0.161   0.001   0.161   1.000   2.000  343.421  193.291 -215.865
   0.397   0.224  -0.248   0.519   0.001   0.519  -1.000   2.000  343.421  193.291 -215.865
  -0.080  -0.003  -0.121   0.145   0.001   0.145   1.000   2.000 -167.174   -3.586 -247.990
  -0.023   0.000  -0.034   0.041   0.001   0.041  -1.000   2.000 -167.174   -3.586 -247.990
   0.005   0.009  -0.006   0.011   0.000   0.011   0.000   1.000  674.466  515.930 -475.990
   0.004   0.012  -0.007   0.014   0.000   0.014   0.000   1.000  713.361  599.175 -526.715
  -0.001  -0.007  -0.010   0.012   0.000   0.012   0.000   1.000 -612.054 -372.432-1208.117
   0.002  -0.034  -0.049   0.060   0.000   0.060   0.000   1.000 -605.030 -489.615-1381.919


 === EVENT       4  === TRACKED PARTICLES FROM VECT  0 FOLLOWING ===
  -0.095   0.261   0.591   0.668   0.140   0.653  -1.000   4.000    0.000    0.000    0.000
  -5.612   0.343   8.784  10.472   0.938  10.430   1.000   6.000    0.000    0.000    0.000
  -0.759  -0.058   1.204   1.432   0.140   1.425  -1.000   4.000    0.000    0.000    0.000
  -0.985  -0.117   2.501   2.694   0.140   2.691  -1.000   4.000    0.000    0.000    0.000
  -0.353  -0.084   0.665   1.207   0.940   0.758   0.000   6.000    0.000    0.000    0.000
  -0.080  -0.332   0.146   0.397   0.140   0.372   1.000   4.000    0.000    0.000    0.000
   0.692   0.324  -1.560   1.742   0.140   1.737   1.000   4.000    0.000    0.000    0.000
   0.538  -0.281  -1.249   1.395   0.140   1.388  -1.000   4.000    0.000    0.000    0.000
   0.218   0.032   0.181   0.318   0.140   0.285   1.000   4.000    0.000    0.000    0.000
   0.712   0.176  -1.406   1.586   0.000   1.586   0.000   1.000    0.000    0.000    0.000
   0.112   0.020  -0.124   0.168   0.000   0.168   0.000   1.000    0.000    0.000    0.000
  -0.049  -0.045   0.207   0.218   0.000   0.218   0.000   1.000    0.000    0.000    0.000
   0.018  -0.198   0.267   0.333   0.000   0.333   0.000   1.000    0.000    0.000    0.000
   1.658  -0.140  -2.615   3.139   0.498   3.099   0.000   5.000    0.000    0.000    0.000
   3.909  -0.251  -6.584   7.661   0.000   7.661   0.000   1.000    0.000    0.000    0.000
   0.502   0.016  -0.857   0.993   0.000   0.993   0.000   1.000    0.000    0.000    0.000
  -0.134   0.168  -0.106   0.239   0.000   0.239   0.000   1.000    0.000    0.000    0.000
  -0.290   0.166  -0.047   0.338   0.000   0.338   0.000   1.000    0.000    0.000    0.000


 === EVENT       4  === TRACKED PARTICLES FROM VECT  1 FOLLOWING ===
  -0.025  -0.022   0.104   0.109   0.001   0.109   1.000   2.000  -68.025  -62.830  286.569
  -0.024  -0.023   0.104   0.109   0.001   0.109  -1.000   2.000  -68.025  -62.830  286.569
   0.002  -0.014   0.034   0.037   0.000   0.037   0.000   1.000 -166.689 -369.304 1369.188
  -0.003  -0.003   0.013   0.014   0.000   0.014   0.000   1.000  -68.350  -63.146  287.999
  -0.003   0.003   0.013   0.013   0.000   0.013   0.000   1.000 -337.620  -53.554 1371.425


 === EVENT       5  === TRACKED PARTICLES FROM VECT  0 FOLLOWING ===
  -0.558   0.594   0.673   1.057   0.000   1.057   0.000   1.000    0.000    0.000    0.000
  -1.807  -0.684   0.205   1.948   0.140   1.943  -1.000   4.000    0.000    0.000    0.000
   2.696   0.149  -0.779   2.813   0.140   2.810   1.000   4.000    0.000    0.000    0.000
   1.631   0.270  -0.129   1.659   0.000   1.659   0.000   1.000    0.000    0.000    0.000
   1.122   0.169  -0.200   1.153   0.000   1.153   0.000   1.000    0.000    0.000    0.000
   0.640   0.175  -0.360   1.205   0.940   0.755   0.000   6.000    0.000    0.000    0.000
   0.097  -0.077   0.060   0.196   0.140   0.138   1.000   4.000    0.000    0.000    0.000
   0.356  -0.132  -0.169   0.438   0.140   0.415  -1.000   4.000    0.000    0.000    0.000
  -1.444  -0.100   0.361   1.762   0.938   1.491   1.000   6.000    0.000    0.000    0.000
  -0.840  -0.123   0.093   0.866   0.140   0.854  -1.000   4.000    0.000    0.000    0.000
  -0.665   0.209  -0.100   0.718   0.140   0.704  -1.000   4.000    0.000    0.000    0.000
  -0.873  -0.290   0.403   1.014   0.140   1.004   1.000   4.000    0.000    0.000    0.000
   3.478   0.533  -0.791   3.606   0.000   3.606   0.000   1.000    0.000    0.000    0.000
   5.295   0.808  -1.034   5.456   0.000   5.456   0.000   1.000    0.000    0.000    0.000
  -0.017   0.019  -0.047   0.054   0.000   0.054   0.000   1.000    0.000    0.000    0.000
   0.173  -0.012  -0.104   0.202   0.000   0.202   0.000   1.000    0.000    0.000    0.000
   0.186   0.306  -0.238   0.430   0.000   0.430   0.000   1.000    0.000    0.000    0.000
   0.036   0.005  -0.070   0.079   0.000   0.079   0.000   1.000    0.000    0.000    0.000
  -0.081  -0.088  -0.021   0.121   0.000   0.121   0.000   1.000    0.000    0.000    0.000
   0.005  -0.171  -0.138   0.220   0.000   0.220   0.000   1.000    0.000    0.000    0.000
  -8.298  -1.644   2.004   8.707   0.498   8.693   0.000   5.000    0.000    0.000    0.000
  -0.298  -0.097  -0.018   0.344   0.140   0.314   1.000   4.000    0.000    0.000    0.000
  -0.835   0.183   0.401   0.955   0.140   0.944  -1.000   4.000    0.000    0.000    0.000


 === EVENT       5  === TRACKED PARTICLES FROM VECT  1 FOLLOWING ===
   2.579   0.397  -0.586   2.674   0.001   2.674   1.000   2.000  388.704   59.532  -88.418
   0.898   0.138  -0.204   0.931   0.001   0.931  -1.000   2.000  388.704   59.532  -88.418
  -0.017   0.017  -0.044   0.050   0.001   0.050   1.000   2.000  -61.252   67.311 -170.317
  -0.002   0.001  -0.003   0.004   0.001   0.004  -1.000   2.000  -61.252   67.311 -170.317
   0.001  -0.085  -0.069   0.109   0.001   0.109   1.000   2.000    4.711 -173.170 -139.518
   0.004  -0.085  -0.070   0.111   0.001   0.111  -1.000   2.000    4.711 -173.170 -139.518
   0.046   0.007  -0.010   0.048   0.000   0.048   0.000   1.000  398.347   61.020  -90.607
   1.995   0.361  -0.451   2.077   0.000   2.077   0.000   1.000  831.401  133.761 -188.894
   0.257   0.021  -0.058   0.265   0.000   0.265   0.000   1.000  819.694  110.569 -186.334
  -0.004  -0.002  -0.012   0.013   0.000   0.013   0.000   1.000 -160.021   92.742 -406.212
   0.012  -0.004  -0.009   0.015   0.000   0.015   0.000   1.000  429.577 -725.133 -751.881
   0.053  -0.019  -0.041   0.069   0.000   0.069   0.000   1.000  433.411 -726.552 -754.759


 === EVENT       6  === TRACKED PARTICLES FROM VECT  0 FOLLOWING ===
  -0.294   0.440  -2.980   3.030   0.140   3.026   1.000   4.000    0.000    0.000    0.000
  -0.347   0.074   2.097   2.324   0.938   2.126  -1.000   6.000    0.000    0.000    0.000
   0.405   0.057   0.164   0.462   0.140   0.441   1.000   4.000    0.000    0.000    0.000
   0.049   0.091  -0.270   0.321   0.140   0.289   1.000   4.000    0.000    0.000    0.000
   1.023  -0.354  -2.983   3.309   0.938   3.173   1.000   6.000    0.000    0.000    0.000
  -0.019  -0.144  -0.133   0.241   0.140   0.197  -1.000   4.000    0.000    0.000    0.000
  -0.049  -0.026   0.729   0.745   0.140   0.732  -1.000   4.000    0.000    0.000    0.000
  -0.066  -0.268  -0.648   0.718   0.140   0.704  -1.000   4.000    0.000    0.000    0.000
  -0.146   0.052   1.471   1.479   0.000   1.479   0.000   1.000    0.000    0.000    0.000
   0.013  -0.012   0.034   0.039   0.000   0.039   0.000   1.000    0.000    0.000    0.000
   0.024  -0.016   0.519   0.538   0.140   0.520   1.000   4.000    0.000    0.000    0.000
  -0.573  -0.045  -0.169   0.615   0.140   0.599  -1.000   4.000    0.000    0.000    0.000
   0.199  -0.139  -1.686   1.945   0.938   1.704   1.000   6.000    0.000    0.000    0.000
  -0.037   0.017  -0.125   0.192   0.140   0.131  -1.000   4.000    0.000    0.000    0.000
   1.147   1.064  -3.863   4.170   0.140   4.168   1.000   4.000    0.000    0.000    0.000
  -0.282  -0.222   2.038   2.128   0.494   2.070   1.000   5.000    0.000    0.000    0.000
   0.186  -0.462  -1.357   1.724   0.940   1.446   0.000   6.000    0.000    0.000    0.000
  -0.107  -0.248   0.029   0.272   0.000   0.272   0.000   1.000    0.000    0.000    0.000
  -0.196  -0.144   0.013   0.244   0.000   0.244   0.000   1.000    0.000    0.000    0.000
   0.088  -0.088   0.213   0.247   0.000   0.247   0.000   1.000    0.000    0.000    0.000
  -0.035  -0.081   0.065   0.110   0.000   0.110   0.000   1.000    0.000    0.000    0.000
  -0.174   0.317  -0.491   0.626   0.140   0.610  -1.000   4.000    0.000    0.000    0.000
  -0.047  -0.292   1.042   1.092   0.140   1.083   1.000   4.000    0.000    0.000    0.000
  -0.526   0.144   3.083   3.134   0.140   3.131  -1.000   4.000    0.000    0.000    0.000
  -0.083   0.121   2.791   2.799   0.140   2.795  -1.000   4.000    0.000    0.000    0.000
   0.052   0.006  -0.202   0.208   0.000   0.208   0.000   1.000    0.000    0.000    0.000
   0.102  -0.058  -0.072   0.137   0.000   0.137   0.000   1.000    0.000    0.000    0.000
   0.013   0.355  -0.573   0.838   0.498   0.674   0.000   5.000    0.000    0.000    0.000
  -0.227  -0.162   0.958   0.997   0.000   0.997   0.000   1.000    0.000    0.000    0.000
  -0.091   0.022   0.304   0.318   0.000   0.318   0.000   1.000    0.000    0.000    0.000


 === EVENT       6  === TRACKED PARTICLES FROM VECT  1 FOLLOWING ===
   0.218   0.079   0.096   0.272   0.106   0.251   1.000   3.000  474.099  109.876  200.607
  -0.005   0.033  -0.102   0.150   0.106   0.107  -1.000   3.000   -9.869    4.798  -33.235
  -0.105  -0.078   0.006   0.131   0.001   0.131   1.000   2.000 -136.286 -100.033    9.273
  -0.091  -0.067   0.008   0.113   0.001   0.113  -1.000   2.000 -136.286 -100.033    9.273
  -0.015  -0.012   0.067   0.070   0.001   0.070   1.000   2.000 -140.422 -100.185  592.762
  -0.213  -0.150   0.891   0.928   0.001   0.928  -1.000   2.000 -140.422 -100.185  592.762
  -0.006  -0.051   0.003   0.051   0.000   0.051   0.000   1.000 -476.798 -687.641   46.421
  -0.004  -0.003   0.017   0.018   0.000   0.018   0.000   1.000 -239.835 -249.667 1367.152
  -0.006  -0.003   0.021   0.022   0.000   0.022   0.000   1.000 -290.000 -194.403 1187.002
  -0.007  -0.004   0.026   0.027   0.000   0.027   0.000   1.000 -337.442 -221.657 1363.721
  -0.005  -0.003   0.018   0.018   0.000   0.018   0.000   1.000 -341.339 -223.719 1378.058
  -0.003  -0.002   0.012   0.013   0.000   0.013   0.000   1.000 -354.121 -230.397 1425.932


 === EVENT       7  === TRACKED PARTICLES FROM VECT  0 FOLLOWING ===
  -5.567  -1.384  -1.425   5.985   0.938   5.911   1.000   6.000    0.000    0.000    0.000
   1.316  -0.076   0.368   1.376   0.140   1.369  -1.000   4.000    0.000    0.000    0.000
  -8.533  -1.271  -2.601   9.060   0.938   9.011  -1.000   6.000    0.000    0.000    0.000
  -0.068  -0.463  -0.487   0.836   0.494   0.675   1.000   5.000    0.000    0.000    0.000
   3.962   0.274   2.520   4.706   0.140   4.704   1.000   4.000    0.000    0.000    0.000
   0.909   0.160   0.588   1.103   0.140   1.094  -1.000   4.000    0.000    0.000    0.000
   0.088   0.032  -0.014   0.094   0.000   0.094   0.000   1.000    0.000    0.000    0.000
   1.836   1.370  -0.224   2.302   0.000   2.302   0.000   1.000    0.000    0.000    0.000
   0.221   0.132  -0.943   1.095   0.494   0.978  -1.000   5.000    0.000    0.000    0.000
  -0.119  -0.255  -0.261   0.625   0.494   0.384   1.000   5.000    0.000    0.000    0.000
   2.931  -0.011   1.755   3.417   0.000   3.417   0.000   1.000    0.000    0.000    0.000
   1.108  -0.086   0.680   1.303   0.000   1.303   0.000   1.000    0.000    0.000    0.000
   0.013   0.177  -0.082   0.196   0.000   0.196   0.000   1.000    0.000    0.000    0.000
  -0.090   0.121  -0.002   0.151   0.000   0.151   0.000   1.000    0.000    0.000    0.000
   0.052   0.026  -0.036   0.068   0.000   0.068   0.000   1.000    0.000    0.000    0.000
  -0.001   0.274  -0.115   0.297   0.000   0.297   0.000   1.000    0.000    0.000    0.000
   0.486   0.340   0.007   0.593   0.000   0.593   0.000   1.000    0.000    0.000    0.000
   0.390   0.420   0.060   0.577   0.000   0.577   0.000   1.000    0.000    0.000    0.000
   0.180   0.021   0.188   0.297   0.140   0.262   1.000   4.000    0.000    0.000    0.000
   0.886   0.199   0.022   0.919   0.140   0.908  -1.000   4.000    0.000    0.000    0.000


 === EVENT       7  === TRACKED PARTICLES FROM VECT  1 FOLLOWING ===
   0.163  -0.167  -0.156   0.313   0.140   0.280   1.000   4.000  -95.242 -255.905 -253.013
  -0.014  -0.037  -0.057   0.070   0.000   0.070   0.000   1.000  -95.242 -255.905 -253.013
  -0.220  -0.050  -0.032   0.228   0.000   0.228   0.000   1.000  -95.242 -255.905 -253.013


 === EVENT       8  === TRACKED PARTICLES FROM VECT  0 FOLLOWING ===
   0.006   0.000  -0.719   0.719   0.000   0.719   0.000   1.000    0.000    0.000    0.000
   0.381   0.495  -1.069   1.333   0.494   1.238  -1.000   5.000    0.000    0.000    0.000
   0.156  -0.378  -0.269   0.509   0.140   0.490   1.000   4.000    0.000    0.000    0.000
  -0.121  -1.050   2.810   3.006   0.140   3.003   1.000   4.000    0.000    0.000    0.000
  -0.350  -0.512   3.520   3.577   0.140   3.574  -1.000   4.000    0.000    0.000    0.000
   0.470   0.255  -2.494   2.554   0.140   2.551   1.000   4.000    0.000    0.000    0.000
   1.051   1.093  -3.364   3.807   0.940   3.690   0.000   6.000    0.000    0.000    0.000
   0.062  -0.012  -0.630   0.633   0.000   0.633   0.000   1.000    0.000    0.000    0.000
  -0.015   0.062  -0.181   0.192   0.000   0.192   0.000   1.000    0.000    0.000    0.000
   0.481   1.044  -2.486   2.895   0.940   2.738   0.000   6.000    0.000    0.000    0.000
   0.051   0.003  -0.092   0.175   0.140   0.105  -1.000   4.000    0.000    0.000    0.000
  -1.533  -1.959   7.401   7.809   0.140   7.808   1.000   4.000    0.000    0.000    0.000
   0.014  -0.035   0.625   0.641   0.140   0.626  -1.000   4.000    0.000    0.000    0.000
  -0.274  -0.300   0.702   0.823   0.140   0.811   1.000   4.000    0.000    0.000    0.000
  -0.515   0.072   0.473   0.717   0.140   0.703  -1.000   4.000    0.000    0.000    0.000
   0.305   1.032  -4.504   4.658   0.498   4.631   0.000   5.000    0.000    0.000    0.000
  -0.055   0.119  -0.102   0.166   0.000   0.166   0.000   1.000    0.000    0.000    0.000
   0.044   0.060  -0.176   0.192   0.000   0.192   0.000   1.000    0.000    0.000    0.000
  -0.118   0.012   0.537   0.550   0.000   0.550   0.000   1.000    0.000    0.000    0.000
  -0.039   0.001   0.019   0.044   0.000   0.044   0.000   1.000    0.000    0.000    0.000


 === EVENT       8  === TRACKED PARTICLES FROM VECT  1 FOLLOWING ===
  -0.019   0.038  -0.032   0.053   0.001   0.053   1.000   2.000 -169.159  365.549 -312.188
  -0.039   0.080  -0.069   0.112   0.001   0.112  -1.000   2.000 -169.159  365.549 -312.188
   0.022   0.007  -0.029   0.037   0.000   0.037   0.000   1.000 -477.982  -29.232-1194.207


 === EVENT       9  === TRACKED PARTICLES FROM VECT  0 FOLLOWING ===
   0.000   0.001  -1.378   1.378   0.000   1.378   0.000   1.000    0.000    0.000    0.000
  -1.181  -0.658  -3.752   4.018   0.494   3.988   1.000   5.000    0.000    0.000    0.000
   1.150   0.101   5.378   5.523   0.494   5.501  -1.000   5.000    0.000    0.000    0.000
  -0.858  -0.657  -3.901   4.050   0.140   4.048  -1.000   4.000    0.000    0.000    0.000
  -0.401  -0.438  -0.942   1.122   0.140   1.113   1.000   4.000    0.000    0.000    0.000
  -0.488   0.315  -1.009   1.173   0.140   1.165  -1.000   4.000    0.000    0.000    0.000
   0.409   0.046   1.348   1.410   0.000   1.410   0.000   1.000    0.000    0.000    0.000
   1.927   0.403   5.702   6.032   0.000   6.032   0.000   1.000    0.000    0.000    0.000
   0.229  -0.138   0.646   0.713   0.140   0.699   1.000   4.000    0.000    0.000    0.000
   0.118   0.241   1.613   1.641   0.140   1.635  -1.000   4.000    0.000    0.000    0.000
  -0.474  -0.305  -1.181   1.399   0.494   1.309  -1.000   5.000    0.000    0.000    0.000
  -0.275   0.248  -0.983   1.060   0.140   1.051   1.000   4.000    0.000    0.000    0.000
   0.383  -0.002  -0.226   0.467   0.140   0.445   1.000   4.000    0.000    0.000    0.000
  -0.276   0.039   0.051   0.316   0.140   0.283   1.000   4.000    0.000    0.000    0.000
   0.249   0.084   0.765   0.821   0.140   0.809  -1.000   4.000    0.000    0.000    0.000
  -0.132   0.167  -1.151   1.170   0.000   1.170   0.000   1.000    0.000    0.000    0.000
  -0.049  -0.020  -0.427   0.430   0.000   0.430   0.000   1.000    0.000    0.000    0.000
  -0.085   0.040   0.344   0.357   0.000   0.357   0.000   1.000    0.000    0.000    0.000
  -0.002  -0.063   0.136   0.150   0.000   0.150   0.000   1.000    0.000    0.000    0.000
  -0.383   0.327  -0.966   1.098   0.140   1.089   1.000   4.000    0.000    0.000    0.000
   0.056  -0.011  -0.256   0.298   0.140   0.263  -1.000   4.000    0.000    0.000    0.000
   0.113   0.153   0.092   0.211   0.000   0.211   0.000   1.000    0.000    0.000    0.000
  -0.028   0.128   0.097   0.163   0.000   0.163   0.000   1.000    0.000    0.000    0.000


 === EVENT       9  === TRACKED PARTICLES FROM VECT  1 FOLLOWING ===
   1.869   0.387   5.522   5.842   0.001   5.842   1.000   2.000  164.775   34.430  487.488
   0.061   0.013   0.180   0.190   0.001   0.190  -1.000   2.000  164.775   34.430  487.488
  -0.055   0.027   0.222   0.230   0.001   0.230   1.000   2.000  -97.967   45.727  394.555
  -0.030   0.015   0.122   0.126   0.001   0.126  -1.000   2.000  -97.967   45.727  394.555
   0.005   0.001   0.015   0.015   0.000   0.015   0.000   1.000  169.568   35.422  501.667
   0.036   0.008   0.107   0.113   0.000   0.113   0.000   1.000  402.388   85.595 1191.717
   0.632   0.142   1.879   1.987   0.000   1.987   0.000   1.000  403.978   85.949 1196.444
   0.127   0.029   0.377   0.399   0.000   0.399   0.000   1.000  407.157   86.664 1205.899
   0.366   0.087   1.095   1.158   0.000   1.158   0.000   1.000  456.205   98.124 1352.484
   0.108   0.026   0.321   0.340   0.000   0.340   0.000   1.000  457.787   98.501 1357.212
   0.478   0.127   1.426   1.510   0.000   1.510   0.000   1.000  470.477  101.585 1395.020
   0.004   0.001   0.011   0.012   0.000   0.012   0.000   1.000  473.735  102.468 1404.432
   0.010  -0.005   0.030   0.032   0.000   0.032   0.000   1.000  422.558   19.317 1184.726
   0.002  -0.003   0.011   0.011   0.000   0.011   0.000   1.000  478.822  -13.751 1368.322
   0.015  -0.012   0.057   0.060   0.000   0.060   0.000   1.000  488.546  -26.064 1410.461
  -0.015  -0.001   0.042   0.044   0.000   0.044   0.000   1.000 -284.720   77.200  978.388
  -0.012  -0.005   0.030   0.032   0.000   0.032   0.000   1.000 -421.989   44.142 1379.036
   0.000   0.004   0.020   0.020   0.000   0.020   0.000   1.000 -235.438  299.306 1382.224


 === EVENT      10  === TRACKED PARTICLES FROM VECT  0 FOLLOWING ===
   0.533   1.859  11.617  11.777   0.000  11.777   0.000   1.000    0.000    0.000    0.000
  -0.121   0.314  -0.236   0.434   0.140   0.411   1.000   4.000    0.000    0.000    0.000
   0.371  -0.426  -0.966   1.127   0.140   1.119   1.000   4.000    0.000    0.000    0.000
  -0.298   0.018  -0.643   1.177   0.940   0.709   0.000   6.000    0.000    0.000    0.000
   0.159  -0.289  -1.662   1.937   0.938   1.694   1.000   6.000    0.000    0.000    0.000
  -0.022  -0.158  -0.284   0.354   0.140   0.326  -1.000   4.000    0.000    0.000    0.000
  -0.510   0.231  -0.160   1.104   0.938   0.582  -1.000   6.000    0.000    0.000    0.000
  -0.309  -0.009   0.296   0.451   0.140   0.428   1.000   4.000    0.000    0.000    0.000
  -0.292   0.123   0.177   0.388   0.140   0.363  -1.000   4.000    0.000    0.000    0.000
  -1.147  -0.197   0.111   1.270   0.498   1.169   0.000   5.000    0.000    0.000    0.000
  -0.235  -0.436   0.404   0.654   0.140   0.639  -1.000   4.000    0.000    0.000    0.000
  -0.036   0.007   0.060   0.071   0.000   0.071   0.000   1.000    0.000    0.000    0.000
  -1.147   0.294   0.802   1.430   0.000   1.430   0.000   1.000    0.000    0.000    0.000
   0.013   0.000   0.012   0.018   0.000   0.018   0.000   1.000    0.000    0.000    0.000
   0.345  -0.126  -0.361   0.515   0.000   0.515   0.000   1.000    0.000    0.000    0.000
   1.559   0.342  -3.576   3.948   0.498   3.916   0.000   5.000    0.000    0.000    0.000
   0.211  -0.083  -0.346   0.414   0.000   0.414   0.000   1.000    0.000    0.000    0.000
   0.535  -0.206  -1.335   1.453   0.000   1.453   0.000   1.000    0.000    0.000    0.000
   1.126  -1.008  -3.460   3.891   0.940   3.776   0.000   6.000    0.000    0.000    0.000
  -0.038  -0.045  -0.192   0.201   0.000   0.201   0.000   1.000    0.000    0.000    0.000
   0.045   0.059  -0.376   0.383   0.000   0.383   0.000   1.000    0.000    0.000    0.000
  -0.018   0.271  -0.108   0.292   0.000   0.292   0.000   1.000    0.000    0.000    0.000
  -0.010  -0.004   0.018   0.021   0.000   0.021   0.000   1.000    0.000    0.000    0.000
  -0.022  -0.195   0.007   0.196   0.000   0.196   0.000   1.000    0.000    0.000    0.000
  -0.015  -0.020  -0.061   0.065   0.000   0.065   0.000   1.000    0.000    0.000    0.000
  -0.816  -0.245   0.506   1.109   0.498   0.991   0.000   5.000    0.000    0.000    0.000
  -0.007   0.025  -0.013   0.029   0.000   0.029   0.000   1.000    0.000    0.000    0.000
   0.146  -0.098  -0.230   0.289   0.000   0.289   0.000   1.000    0.000    0.000    0.000


 === EVENT      10  === TRACKED PARTICLES FROM VECT  1 FOLLOWING ===
  -0.284  -0.064   0.297   0.429   0.106   0.415   1.000   3.000 -497.582  -71.140  484.602
   0.182  -0.065  -0.191   0.272   0.001   0.272   1.000   2.000   86.875  -31.761  -90.957
   0.164  -0.059  -0.170   0.244   0.001   0.244  -1.000   2.000   86.875  -31.761  -90.957
   0.174  -0.068  -0.283   0.339   0.001   0.339   1.000   2.000  158.428  -62.625 -260.000
   0.038  -0.015  -0.063   0.075   0.001   0.075  -1.000   2.000  158.428  -62.625 -260.000
  -0.004  -0.006  -0.022   0.023   0.001   0.023   1.000   2.000  -77.598  -92.274 -394.408
  -0.032  -0.039  -0.170   0.178   0.001   0.178  -1.000   2.000  -77.598  -92.274 -394.408
  -0.004   0.055  -0.023   0.059   0.001   0.059   1.000   2.000   -6.160   92.315  -36.931
  -0.014   0.216  -0.088   0.233   0.001   0.233  -1.000   2.000   -6.160   92.315  -36.931
   0.040  -0.011  -0.041   0.059   0.000   0.059   0.000   1.000  164.799  -56.888 -171.699
   0.020   0.013  -0.023   0.033   0.000   0.033   0.000   1.000  934.462   42.630 -964.662
   0.066   0.008  -0.089   0.111   0.000   0.111   0.000   1.000  786.626 -153.964-1190.781
   0.024   0.006  -0.029   0.038   0.000   0.038   0.000   1.000  826.723 -145.480-1241.187
  -0.018   0.000  -0.017   0.025   0.000   0.025   0.000   1.000  -40.147 -580.391-1372.178
   0.003  -0.005  -0.018   0.018   0.000   0.018   0.000   1.000  -82.062 -145.640 -607.845
  -0.005   0.001  -0.030   0.031   0.000   0.031   0.000   1.000 -294.187 -193.305-1368.242
  -0.003   0.013  -0.006   0.014   0.000   0.014   0.000   1.000  -18.250  171.860  -70.979
   0.000   0.013  -0.006   0.014   0.000   0.014   0.000   1.000   -9.945  173.325  -69.756


 === EVENT      11  === TRACKED PARTICLES FROM VECT  0 FOLLOWING ===
   2.288   2.125   5.652   6.459   0.140   6.457  -1.000   4.000    0.000    0.000    0.000
   0.247   0.432   0.343   0.621   0.140   0.605   1.000   4.000    0.000    0.000    0.000
   0.280  -1.112  -1.712   2.118   0.494   2.060  -1.000   5.000    0.000    0.000    0.000
   0.076  -0.178  -0.012   0.239   0.140   0.194   1.000   4.000    0.000    0.000    0.000
  -0.725  -0.646  -1.614   1.883   0.000   1.883   0.000   1.000    0.000    0.000    0.000
  -0.140  -0.208  -0.475   0.537   0.000   0.537   0.000   1.000    0.000    0.000    0.000
  -0.018  -0.105  -0.099   0.202   0.140   0.146  -1.000   4.000    0.000    0.000    0.000
  -0.318   0.749   1.171   1.509   0.494   1.425   1.000   5.000    0.000    0.000    0.000
   1.691   3.030   5.107   6.176   0.140   6.175  -1.000   4.000    0.000    0.000    0.000
   0.036   0.228   0.286   0.367   0.000   0.367   0.000   1.000    0.000    0.000    0.000
   0.034   0.047   0.226   0.233   0.000   0.233   0.000   1.000    0.000    0.000    0.000
  -1.204  -2.628  -3.994   4.933   0.140   4.931   1.000   4.000    0.000    0.000    0.000
  -1.038  -1.270  -2.861   3.335   0.498   3.298   0.000   5.000    0.000    0.000    0.000
  -0.004   0.000   0.023   0.023   0.000   0.023   0.000   1.000    0.000    0.000    0.000
  -0.418   1.048   1.241   1.677   0.000   1.677   0.000   1.000    0.000    0.000    0.000
   0.077   0.023   0.034   0.088   0.000   0.088   0.000   1.000    0.000    0.000    0.000
   0.412  -0.185   0.254   0.518   0.000   0.518   0.000   1.000    0.000    0.000    0.000
  -0.059  -0.093  -0.104   0.152   0.000   0.152   0.000   1.000    0.000    0.000    0.000
  -0.338  -0.225  -0.709   0.817   0.000   0.817   0.000   1.000    0.000    0.000    0.000
  -0.653  -0.466  -1.430   1.645   0.140   1.639   1.000   4.000    0.000    0.000    0.000
  -0.227  -0.564  -1.328   1.467   0.140   1.461  -1.000   4.000    0.000    0.000    0.000


 === EVENT      11  === TRACKED PARTICLES FROM VECT  1 FOLLOWING ===
  -0.044  -0.069  -0.077   0.113   0.001   0.113   1.000   2.000  -91.888 -145.917 -163.685
  -0.015  -0.024  -0.027   0.039   0.001   0.039  -1.000   2.000  -91.888 -145.917 -163.685
  -0.204  -0.135  -0.430   0.494   0.001   0.494   1.000   2.000  -75.487  -50.259 -158.126
  -0.133  -0.088  -0.280   0.323   0.001   0.323  -1.000   2.000  -75.487  -50.259 -158.126
  -0.089  -0.061  -0.193   0.221   0.000   0.221   0.000   1.000 -133.358  -88.396 -279.188
  -0.019  -0.013  -0.041   0.047   0.000   0.047   0.000   1.000 -144.134  -95.755 -302.252
  -0.041  -0.030  -0.087   0.100   0.000   0.100   0.000   1.000 -146.150  -97.181 -306.600
   0.004  -0.005  -0.009   0.011   0.000   0.011   0.000   1.000 -222.827 -646.430-1365.897
   0.007  -0.013  -0.014   0.020   0.000   0.020   0.000   1.000 -203.515 -671.363-1404.236
  -0.086  -0.002  -0.154   0.176   0.000   0.176   0.000   1.000 -614.539 -221.656-1201.860
  -0.010   0.000  -0.018   0.021   0.000   0.021   0.000   1.000 -616.967 -221.715-1206.230
  -0.022   0.006  -0.043   0.048   0.000   0.048   0.000   1.000 -713.516 -211.197-1386.125


 === EVENT      12  === TRACKED PARTICLES FROM VECT  0 FOLLOWING ===
   0.003  -0.003   3.536   3.536   0.000   3.536   0.000   1.000    0.000    0.000    0.000
   1.695  -2.967   2.000   4.069   0.940   3.959   0.000   6.000    0.000    0.000    0.000
  -0.148   0.106   0.480   0.532   0.140   0.513   1.000   4.000    0.000    0.000    0.000
  -0.729   1.312  -1.259   2.173   0.940   1.959   0.000   6.000    0.000    0.000    0.000
  -0.533  -0.021   0.277   0.617   0.140   0.601  -1.000   4.000    0.000    0.000    0.000
  -3.003   5.196  -6.858   9.161   0.938   9.113   1.000   6.000    0.000    0.000    0.000
  -0.354   0.767  -0.858   1.212   0.140   1.204  -1.000   4.000    0.000    0.000    0.000
   2.040  -4.017   3.790   5.962   0.938   5.887  -1.000   6.000    0.000    0.000    0.000
   0.355  -0.955   0.860   1.341   0.140   1.333   1.000   4.000    0.000    0.000    0.000
   0.164  -1.080   0.802   1.362   0.140   1.355  -1.000   4.000    0.000    0.000    0.000
   0.145   0.119  -0.423   0.484   0.140   0.463   1.000   4.000    0.000    0.000    0.000
   0.058  -0.144  -0.055   0.216   0.140   0.165  -1.000   4.000    0.000    0.000    0.000
  -0.208  -0.028  -0.104   0.273   0.140   0.235   1.000   4.000    0.000    0.000    0.000
   0.214   0.213  -0.483   0.586   0.140   0.569  -1.000   4.000    0.000    0.000    0.000
  -0.228   0.922  -1.454   1.743   0.140   1.737   1.000   4.000    0.000    0.000    0.000
   0.347  -0.078   0.254   0.437   0.000   0.437   0.000   1.000    0.000    0.000    0.000
   0.079  -0.062   0.011   0.101   0.000   0.101   0.000   1.000    0.000    0.000    0.000
   0.094   0.119   0.082   0.173   0.000   0.173   0.000   1.000    0.000    0.000    0.000
   0.097   0.064  -0.050   0.127   0.000   0.127   0.000   1.000    0.000    0.000    0.000
  -0.013   0.071  -0.041   0.083   0.000   0.083   0.000   1.000    0.000    0.000    0.000
   0.142   0.056  -0.117   0.193   0.000   0.193   0.000   1.000    0.000    0.000    0.000
  -0.070   0.198  -0.254   0.330   0.000   0.330   0.000   1.000    0.000    0.000    0.000
  -0.147   0.211  -0.137   0.291   0.000   0.291   0.000   1.000    0.000    0.000    0.000


 === EVENT      12  === TRACKED PARTICLES FROM VECT  1 FOLLOWING ===
   0.006   0.004  -0.004   0.008   0.001   0.008   1.000   2.000  139.379   92.332  -71.347
   0.092   0.060  -0.046   0.119   0.001   0.119  -1.000   2.000  139.379   92.332  -71.347
   0.028   0.012  -0.024   0.039   0.001   0.039   1.000   2.000  156.409   61.594 -128.797
   0.114   0.045  -0.093   0.154   0.001   0.154  -1.000   2.000  156.409   61.594 -128.797
   0.017   0.011  -0.009   0.022   0.000   0.022   0.000   1.000  143.244   94.855  -73.270
   0.011  -0.011  -0.008   0.017   0.000   0.017   0.000   1.000  843.524   33.392 -389.138


 === EVENT      13  === TRACKED PARTICLES FROM VECT  0 FOLLOWING ===
   3.093  -1.938   2.797   4.693   0.938   4.598   1.000   6.000    0.000    0.000    0.000
  -0.395   0.257  -0.491   0.695   0.140   0.681  -1.000   4.000    0.000    0.000    0.000
   8.219  -4.358   6.288  11.268   0.940  11.229   0.000   6.000    0.000    0.000    0.000
  -0.511   0.180  -0.714   0.906   0.140   0.896   1.000   4.000    0.000    0.000    0.000
  -0.785   0.502  -0.533   1.083   0.140   1.074   1.000   4.000    0.000    0.000    0.000
  -1.463   0.992  -1.201   2.141   0.140   2.137  -1.000   4.000    0.000    0.000    0.000
  -0.262   0.132  -0.188   0.349   0.000   0.349   0.000   1.000    0.000    0.000    0.000
  -1.769   1.253  -1.181   2.468   0.000   2.468   0.000   1.000    0.000    0.000    0.000
