** conv   === End of Compilation 1 ===
** rdata   === End of Compilation 2 ===
** convrt   === End of Compilation 3 ===
** chblnk   === End of Compilation 4 ===
1501-510  Compilation successful for file conv.f.
main: conv.run
trace symbols:
load symbols:
files.o: conv.o
opal libs:
dummy lib:
cern libs: -L/cern/98/lib -lgraflib -lgrafX11 -lpacklib -lmathlib -lkernlib

now beginning final pass
link completed with status 0
link end
** rconv   === End of Compilation 1 ===
** rdat   === End of Compilation 2 ===
1501-510  Compilation successful for file rconv.f.
main: rconv.run
trace symbols:
load symbols:
files.o: rconv.o
opal libs:
dummy lib:
cern libs: -L/cern/98/lib -lgraflib -lgrafX11 -lpacklib -lmathlib -lkernlib

now beginning final pass
link completed with status 0
link end

conv.AIX.run, rconv.AIX.run created.

