Not a terminal
Where are you?
   ***
   *** Executing init_env.csh
   ***
   *** JADE = /mnt/home/iwsatlas1/pedro/jade/jade
   ***
+========================================================================+
|                                                                        |
|                          J  A  D  E  S  I  M                           |
|                                                                        |
|                          Version:   06/06/00                           |
|                                                                        |
+========================================================================+

Job date: Thu Jun 26 18:24:19 CEST 2003
Machine : iwsatlas2

--------------------------------------------------------------------------
Monte Carlo parameters:
 Total number of events        : 600
 Max. number of events/sequence: 50
 Center-of-mass energy [GeV]   : 35.0
 MC generator                  : jt63
 Detector configuration        : 86-05-17
--------------------------------------------------------------------------
Programs used:
 Generator: /mnt/home/iwsatlas1/pedro/jade/jade/util/mcgen/Rbin/mcjt63_105j.run
 MCJADE   : /mnt/home/iwsatlas1/pedro/jade/jade/bin/mcjade
 SUPERV   : /mnt/home/iwsatlas1/pedro/jade/jade/bin/superv
 ZE4V     : /mnt/home/iwsatlas1/pedro/jade/jade/bin/ze4v
--------------------------------------------------------------------------
I/O file names used:
 Generator: jt63_35.0.cprod .log .hist mcrncnt.dat mcrnset.dat
 MCJADE   : mc_jt63_35.0_86-05-17.bos .log .hist .bnk mcjade.stat
 SUPERV   : sv_jt63_35.0_86-05-17.bos .log .hist .bnk superv.stat
 ZE4V     : ze_jt63_35.0_86-05-17.ze4v .log .bos .bnk ze4v.stat
--------------------------------------------------------------------------
Calibration files used:
      /mnt/home/iwsatlas1/pedro/jade/jade/cal/aupdat1.b
--------------------------------------------------------------------------

Will try to process 600 events at the levels

                -> 1: Event generation (mcjt63_105j.run)
                -> 2: Detector tracking (mcjade)
                -> 3: Smearing and event reconstruction (superv)
                -> 4: Data compression into ZE4V format (ze4v)

Initial job directory is : /mnt/home/iwsatlas1/pedro/jade/jade/job/jadesim
Scratch directory is     : out/jt63_35.0_86-05-17_20090

=========== Sequence 1 for max. 50 events, 600 remaining events ===========
Will remove mcrnset.dat and mcrncnt.dat.
... starting mcjt63_105j.run: events=1-50 status=(default) date=(Thu Jun 26 18:24:20 CEST 2003)
Will remove mcjade.stat.
... mcjade input file: jt63_35.0.cprod
... starting mcjade: events=1-50 status=(default) date=(Thu Jun 26 18:24:26 CEST 2003)
Will remove superv.stat.
... superv input file: mc_jt63_35.0_86-05-17.bos
... starting superv: events=1-50 status=(default) date=(Thu Jun 26 18:25:01 CEST 2003)
Will remove ze4v.stat.
... ze4v input file: sv_jt63_35.0_86-05-17.bos
... starting ze4v: events=1-50 status=(default) date=(Thu Jun 26 18:25:12 CEST 2003)
... saving jt63_35.0.xxx files to gen/jt63_35.0.xxx.1.gz
... saving mc_jt63_35.0_86-05-17.xxx files to mc/mc_jt63_35.0_86-05-17.xxx.1.gz
... saving sv_jt63_35.0_86-05-17.xxx files to sv/sv_jt63_35.0_86-05-17.xxx.1.gz
... saving ze_jt63_35.0_86-05-17.xxx files to ze/ze_jt63_35.0_86-05-17.xxx.1.gz
Done with 50/50 events.
=========== Sequence 2 for max. 50 events, 550 remaining events ===========
... starting mcjt63_105j.run: events=1-50 status=(101234567 1 58522 66 2 0 50) date=(Thu Jun 26 18:25:19 CEST 2003)
... mcjade input file: jt63_35.0.cprod
... starting mcjade: events=1-50 status=(54217137 7210057 0 1 50 50) date=(Thu Jun 26 18:25:26 CEST 2003)
... superv input file: mc_jt63_35.0_86-05-17.bos
... starting superv: events=1-50 status=(54217137 294311 0 1 50 50) date=(Thu Jun 26 18:26:00 CEST 2003)
... ze4v input file: sv_jt63_35.0_86-05-17.bos
... starting ze4v: events=1-50 status=(54217137 525715 0 1 50 50) date=(Thu Jun 26 18:26:12 CEST 2003)
... saving jt63_35.0.xxx files to gen/jt63_35.0.xxx.2.gz
... saving mc_jt63_35.0_86-05-17.xxx files to mc/mc_jt63_35.0_86-05-17.xxx.2.gz
... saving sv_jt63_35.0_86-05-17.xxx files to sv/sv_jt63_35.0_86-05-17.xxx.2.gz
... saving ze_jt63_35.0_86-05-17.xxx files to ze/ze_jt63_35.0_86-05-17.xxx.2.gz
Done with 50/100 events.
=========== Sequence 3 for max. 50 events, 500 remaining events ===========
... starting mcjt63_105j.run: events=1-50 status=(101234567 1 118738 87 23 0 100) date=(Thu Jun 26 18:26:18 CEST 2003)
... mcjade input file: jt63_35.0.cprod
... starting mcjade: events=1-50 status=(54217137 14256209 0 1 50 100) date=(Thu Jun 26 18:26:25 CEST 2003)
... superv input file: mc_jt63_35.0_86-05-17.bos
... starting superv: events=1-50 status=(54217137 599586 0 1 50 100) date=(Thu Jun 26 18:26:58 CEST 2003)
... ze4v input file: sv_jt63_35.0_86-05-17.bos
... starting ze4v: events=1-50 status=(54217137 1021976 0 1 50 100) date=(Thu Jun 26 18:27:11 CEST 2003)
... saving jt63_35.0.xxx files to gen/jt63_35.0.xxx.3.gz
... saving mc_jt63_35.0_86-05-17.xxx files to mc/mc_jt63_35.0_86-05-17.xxx.3.gz
... saving sv_jt63_35.0_86-05-17.xxx files to sv/sv_jt63_35.0_86-05-17.xxx.3.gz
... saving ze_jt63_35.0_86-05-17.xxx files to ze/ze_jt63_35.0_86-05-17.xxx.3.gz
Done with 50/150 events.
=========== Sequence 4 for max. 50 events, 450 remaining events ===========
... starting mcjt63_105j.run: events=1-50 status=(101234567 1 173869 52 85 0 150) date=(Thu Jun 26 18:27:17 CEST 2003)
... mcjade input file: jt63_35.0.cprod
... starting mcjade: events=1-50 status=(54217137 21415201 0 1 50 150) date=(Thu Jun 26 18:27:24 CEST 2003)
... superv input file: mc_jt63_35.0_86-05-17.bos
... starting superv: events=1-50 status=(54217137 908870 0 1 50 150) date=(Thu Jun 26 18:27:56 CEST 2003)
... ze4v input file: sv_jt63_35.0_86-05-17.bos
... starting ze4v: events=1-50 status=(54217137 1370650 0 1 50 150) date=(Thu Jun 26 18:28:10 CEST 2003)
... saving jt63_35.0.xxx files to gen/jt63_35.0.xxx.4.gz
... saving mc_jt63_35.0_86-05-17.xxx files to mc/mc_jt63_35.0_86-05-17.xxx.4.gz
... saving sv_jt63_35.0_86-05-17.xxx files to sv/sv_jt63_35.0_86-05-17.xxx.4.gz
... saving ze_jt63_35.0_86-05-17.xxx files to ze/ze_jt63_35.0_86-05-17.xxx.4.gz
Done with 50/200 events.
=========== Sequence 5 for max. 50 events, 400 remaining events ===========
... starting mcjt63_105j.run: events=1-50 status=(101234567 1 233156 32 65 0 200) date=(Thu Jun 26 18:28:16 CEST 2003)
... mcjade input file: jt63_35.0.cprod
... starting mcjade: events=1-50 status=(54217137 28138347 0 1 50 200) date=(Thu Jun 26 18:28:23 CEST 2003)
... superv input file: mc_jt63_35.0_86-05-17.bos
... starting superv: events=1-50 status=(54217137 1234066 0 1 50 200) date=(Thu Jun 26 18:28:58 CEST 2003)
... ze4v input file: sv_jt63_35.0_86-05-17.bos
... starting ze4v: events=1-50 status=(54217137 1711103 0 1 50 200) date=(Thu Jun 26 18:29:11 CEST 2003)
... saving jt63_35.0.xxx files to gen/jt63_35.0.xxx.5.gz
... saving mc_jt63_35.0_86-05-17.xxx files to mc/mc_jt63_35.0_86-05-17.xxx.5.gz
... saving sv_jt63_35.0_86-05-17.xxx files to sv/sv_jt63_35.0_86-05-17.xxx.5.gz
... saving ze_jt63_35.0_86-05-17.xxx files to ze/ze_jt63_35.0_86-05-17.xxx.5.gz
Done with 50/250 events.
=========== Sequence 6 for max. 50 events, 350 remaining events ===========
... starting mcjt63_105j.run: events=1-50 status=(101234567 1 297454 45 78 0 250) date=(Thu Jun 26 18:29:17 CEST 2003)
... mcjade input file: jt63_35.0.cprod
... starting mcjade: events=1-50 status=(54217137 35548127 0 1 50 250) date=(Thu Jun 26 18:29:23 CEST 2003)
... superv input file: mc_jt63_35.0_86-05-17.bos
... starting superv: events=1-50 status=(54217137 1559387 0 1 50 250) date=(Thu Jun 26 18:29:56 CEST 2003)
... ze4v input file: sv_jt63_35.0_86-05-17.bos
... starting ze4v: events=1-50 status=(54217137 2007811 0 1 50 250) date=(Thu Jun 26 18:30:08 CEST 2003)
... saving jt63_35.0.xxx files to gen/jt63_35.0.xxx.6.gz
... saving mc_jt63_35.0_86-05-17.xxx files to mc/mc_jt63_35.0_86-05-17.xxx.6.gz
... saving sv_jt63_35.0_86-05-17.xxx files to sv/sv_jt63_35.0_86-05-17.xxx.6.gz
... saving ze_jt63_35.0_86-05-17.xxx files to ze/ze_jt63_35.0_86-05-17.xxx.6.gz
Done with 50/300 events.
=========== Sequence 7 for max. 50 events, 300 remaining events ===========
... starting mcjt63_105j.run: events=1-50 status=(101234567 1 353107 70 6 0 300) date=(Thu Jun 26 18:30:15 CEST 2003)
... mcjade input file: jt63_35.0.cprod
... starting mcjade: events=1-50 status=(54217137 42640320 0 1 50 300) date=(Thu Jun 26 18:30:22 CEST 2003)
... superv input file: mc_jt63_35.0_86-05-17.bos
... starting superv: events=1-50 status=(54217137 1864155 0 1 50 300) date=(Thu Jun 26 18:30:57 CEST 2003)
... ze4v input file: sv_jt63_35.0_86-05-17.bos
... starting ze4v: events=1-50 status=(54217137 2324523 0 1 50 300) date=(Thu Jun 26 18:31:10 CEST 2003)
... saving jt63_35.0.xxx files to gen/jt63_35.0.xxx.7.gz
... saving mc_jt63_35.0_86-05-17.xxx files to mc/mc_jt63_35.0_86-05-17.xxx.7.gz
... saving sv_jt63_35.0_86-05-17.xxx files to sv/sv_jt63_35.0_86-05-17.xxx.7.gz
... saving ze_jt63_35.0_86-05-17.xxx files to ze/ze_jt63_35.0_86-05-17.xxx.7.gz
Done with 50/350 events.
=========== Sequence 8 for max. 50 events, 250 remaining events ===========
... starting mcjt63_105j.run: events=1-50 status=(101234567 1 414581 94 30 0 350) date=(Thu Jun 26 18:31:17 CEST 2003)
... mcjade input file: jt63_35.0.cprod
... starting mcjade: events=1-50 status=(54217137 50027448 0 1 50 350) date=(Thu Jun 26 18:31:23 CEST 2003)
... superv input file: mc_jt63_35.0_86-05-17.bos
... starting superv: events=1-50 status=(54217137 2201875 0 1 50 350) date=(Thu Jun 26 18:31:51 CEST 2003)
... ze4v input file: sv_jt63_35.0_86-05-17.bos
... starting ze4v: events=1-50 status=(54217137 2634967 0 1 50 350) date=(Thu Jun 26 18:32:02 CEST 2003)
... saving jt63_35.0.xxx files to gen/jt63_35.0.xxx.8.gz
... saving mc_jt63_35.0_86-05-17.xxx files to mc/mc_jt63_35.0_86-05-17.xxx.8.gz
... saving sv_jt63_35.0_86-05-17.xxx files to sv/sv_jt63_35.0_86-05-17.xxx.8.gz
... saving ze_jt63_35.0_86-05-17.xxx files to ze/ze_jt63_35.0_86-05-17.xxx.8.gz
Done with 50/400 events.
=========== Sequence 9 for max. 50 events, 200 remaining events ===========
... starting mcjt63_105j.run: events=1-50 status=(101234567 1 466108 74 10 0 400) date=(Thu Jun 26 18:32:08 CEST 2003)
... mcjade input file: jt63_35.0.cprod
... starting mcjade: events=1-50 status=(54217137 56162624 0 1 50 400) date=(Thu Jun 26 18:32:14 CEST 2003)
... superv input file: mc_jt63_35.0_86-05-17.bos
... starting superv: events=1-50 status=(54217137 2466721 0 1 50 400) date=(Thu Jun 26 18:32:46 CEST 2003)
... ze4v input file: sv_jt63_35.0_86-05-17.bos
... starting ze4v: events=1-50 status=(54217137 2845081 0 1 50 400) date=(Thu Jun 26 18:32:59 CEST 2003)
... saving jt63_35.0.xxx files to gen/jt63_35.0.xxx.9.gz
... saving mc_jt63_35.0_86-05-17.xxx files to mc/mc_jt63_35.0_86-05-17.xxx.9.gz
... saving sv_jt63_35.0_86-05-17.xxx files to sv/sv_jt63_35.0_86-05-17.xxx.9.gz
... saving ze_jt63_35.0_86-05-17.xxx files to ze/ze_jt63_35.0_86-05-17.xxx.9.gz
Done with 50/450 events.
=========== Sequence 10 for max. 50 events, 150 remaining events ===========
... starting mcjt63_105j.run: events=1-50 status=(101234567 1 524334 48 81 0 450) date=(Thu Jun 26 18:33:05 CEST 2003)
... mcjade input file: jt63_35.0.cprod
... starting mcjade: events=1-50 status=(54217137 62848305 0 1 50 450) date=(Thu Jun 26 18:33:12 CEST 2003)
... superv input file: mc_jt63_35.0_86-05-17.bos
... starting superv: events=1-50 status=(54217137 2765245 0 1 50 450) date=(Thu Jun 26 18:33:47 CEST 2003)
... ze4v input file: sv_jt63_35.0_86-05-17.bos
... starting ze4v: events=1-50 status=(54217137 3138037 0 1 50 450) date=(Thu Jun 26 18:34:00 CEST 2003)
... saving jt63_35.0.xxx files to gen/jt63_35.0.xxx.10.gz
... saving mc_jt63_35.0_86-05-17.xxx files to mc/mc_jt63_35.0_86-05-17.xxx.10.gz
... saving sv_jt63_35.0_86-05-17.xxx files to sv/sv_jt63_35.0_86-05-17.xxx.10.gz
... saving ze_jt63_35.0_86-05-17.xxx files to ze/ze_jt63_35.0_86-05-17.xxx.10.gz
Done with 50/500 events.
=========== Sequence 11 for max. 50 events, 100 remaining events ===========
... starting mcjt63_105j.run: events=1-50 status=(101234567 1 583176 85 21 0 500) date=(Thu Jun 26 18:34:06 CEST 2003)
... mcjade input file: jt63_35.0.cprod
... starting mcjade: events=1-50 status=(54217137 70278095 0 1 50 500) date=(Thu Jun 26 18:34:12 CEST 2003)
... superv input file: mc_jt63_35.0_86-05-17.bos
... starting superv: events=1-50 status=(54217137 3085655 0 1 50 500) date=(Thu Jun 26 18:34:47 CEST 2003)
... ze4v input file: sv_jt63_35.0_86-05-17.bos
... starting ze4v: events=1-50 status=(54217137 3365569 0 1 50 500) date=(Thu Jun 26 18:35:02 CEST 2003)
... saving jt63_35.0.xxx files to gen/jt63_35.0.xxx.11.gz
... saving mc_jt63_35.0_86-05-17.xxx files to mc/mc_jt63_35.0_86-05-17.xxx.11.gz
... saving sv_jt63_35.0_86-05-17.xxx files to sv/sv_jt63_35.0_86-05-17.xxx.11.gz
... saving ze_jt63_35.0_86-05-17.xxx files to ze/ze_jt63_35.0_86-05-17.xxx.11.gz
Done with 50/550 events.
=========== Sequence 12 for max. 50 events, 50 remaining events ===========
... starting mcjt63_105j.run: events=1-50 status=(101234567 1 645748 78 14 0 550) date=(Thu Jun 26 18:35:08 CEST 2003)
... mcjade input file: jt63_35.0.cprod
... starting mcjade: events=1-50 status=(54217137 77674901 0 1 50 550) date=(Thu Jun 26 18:35:16 CEST 2003)
... superv input file: mc_jt63_35.0_86-05-17.bos
... starting superv: events=1-50 status=(54217137 3432192 0 1 50 550) date=(Thu Jun 26 18:35:50 CEST 2003)
... ze4v input file: sv_jt63_35.0_86-05-17.bos
... starting ze4v: events=1-50 status=(54217137 3776799 0 1 50 550) date=(Thu Jun 26 18:36:04 CEST 2003)
... saving jt63_35.0.xxx files to gen/jt63_35.0.xxx.12.gz
... saving mc_jt63_35.0_86-05-17.xxx files to mc/mc_jt63_35.0_86-05-17.xxx.12.gz
... saving sv_jt63_35.0_86-05-17.xxx files to sv/sv_jt63_35.0_86-05-17.xxx.12.gz
... saving ze_jt63_35.0_86-05-17.xxx files to ze/ze_jt63_35.0_86-05-17.xxx.12.gz
Done with 50/600 events.

600 events processed successfully!

Scratch directory was  : out/jt63_35.0_86-05-17_20090
End of job             : Thu Jun 26 18:36:10 CEST 2003
