
Start job at: Mon Sep 22 07:11:51 CEST 2003

The version of the MC package is: mc105j
curdir = /home/pcl2483/pedro/jadesoft/util/mcgen/herwig tmpdir = /home/pcl2483/pedro/tmp/ytofort19159
copy ./mchw59_105j.cra to /home/pcl2483/pedro/tmp/ytofort19159/mchw59_105j.cra
pams = jt74opal.car herwig59.car mc105j.car
opam=whicho  -i -s car jt74opal
found jt74opal.car as /home/pcl2483/pedro/jadesoft/util/mcgen/src/jt74opal.car
opam=whicho  -i -s car herwig59
found herwig59.car as /home/pcl2483/pedro/jadesoft/util/mcgen/src/herwig59.car
opam=whicho  -i -s car mc105j
found mc105j.car as /home/pcl2483/pedro/jadesoft/util/mcgen/mc/mc105j.car
in /home/pcl2483/pedro/tmp/ytofort19159:
/home/pcl2483/pedro/tmp/ytofort19159
total 1
lrwxrwxrwx    1 pedro    ATLAS          56 Sep 22 07:11 herwig59.car -> /home/pcl2483/pedro/jadesoft/util/mcgen/src/herwig59.car
lrwxrwxrwx    1 pedro    ATLAS          56 Sep 22 07:11 jt74opal.car -> /home/pcl2483/pedro/jadesoft/util/mcgen/src/jt74opal.car
lrwxrwxrwx    1 pedro    ATLAS          53 Sep 22 07:11 mc105j.car -> /home/pcl2483/pedro/jadesoft/util/mcgen/mc/mc105j.car
-rw-r--r--    1 pedro    ATLAS         249 Sep 22 07:11 mchw59_105j.cra
nypatchy - /home/pcl2483/pedro/tmp/ytofort19159/mchw59_105j.cra /home/pcl2483/pedro/tmp/ytofort19159/mchw59_105j.cra /home/pcl2483/pedro/tmp/ytofort19159/mchw59_105j.cra .go

 Nypatchy executing with files / options

   1  PAM      -
   2  FORT      /home/pcl2483/pedro/tmp/ytofort19159/mchw59_105j.f
   3  read      /home/pcl2483/pedro/tmp/ytofort19159/mchw59_105j.cra
   4  print     /home/pcl2483/pedro/tmp/ytofort19159/mchw59_105j.lis
   5  CC       -    ...

 ---> start reading file  jt74opal.car

 Read Pam file: JETSET VERSION 7.4 TUNED TO OPAL DATA

 ---> start reading file  herwig59.car

 Read Pam file: unknown

 ---> start reading file  mc105j.car

 Read Pam file: MC105J/01 24.09.96 11:15 Code to generate 4-vector MC. Stefa


 Written:
   physical FORT:0         16 units   2386 lines to file  /home/pcl2483/pedro/tmp/ytofort19159/mchw59_105j.f
nypatchy status = 0

      0 TYPE               . U E   .      .  E   .         CRA*

 Name stack:       significant name length is 32 characters
                1% used of   6000 name slots available
                1% used of  48000 bytes of text available

 Read:          12 lines from the cradle
             48883 lines from   3 PAM files for  3 lines +PAM

 Written:

   physical FORT:0         16 units   2386 lines to file  /home/pcl2483/pedro/tmp/ytofort19159/mchw59_105j.f

    logical FORT:1         16 decks written via FORT:0

 No errors, no warnings.

mchw59_105j.f: In subroutine `mcusff':
mchw59_105j.f:298: warning:
         CALL FFKEY('FSRRM',LFSRRM,1,'LOGI')
              1
mchw59_105j.f:310: (continued):
         CALL FFKEY('MCJTEV',NJTEV,1,'INTEGER')
              2
Argument #2 of `ffkey' is one type at (2) but is some other type at (1) [info -f g77 M GLOBALS]
mchw59_105j.f:298: warning:
         CALL FFKEY('FSRRM',LFSRRM,1,'LOGI')
              1
mchw59_105j.f:316: (continued):
         CALL FFKEY('OUTFILE',HOUTFILE,NWONAM,'MIXED')
              2
Argument #2 of `ffkey' is one type at (2) but is some other type at (1) [info -f g77 M GLOBALS]
mchw59_105j.f:298: warning:
         CALL FFKEY('FSRRM',LFSRRM,1,'LOGI')
              1
mchw59_105j.f:319: (continued):
         CALL FFKEY('JADETUNE',JADETUN,1,'INTE')
              2
Argument #2 of `ffkey' is one type at (2) but is some other type at (1) [info -f g77 M GLOBALS]
curdir = /home/pcl2483/pedro/jadesoft/util/mcgen/herwig tmpdir = /home/pcl2483/pedro/tmp/link19203
arg = mchw59_105j.o
      found file mchw59_105j.o
arg = libmc105j
      xoplib=whicho  -i -s .o libmc105j
      xoplib=whicho  -i -s .a libmc105j
      for libmc105j found library /home/pcl2483/pedro/jadesoft/util/mcgen/Plib/libmc105j.a
arg = libherwig59
      xoplib=whicho  -i -s .o libherwig59
      xoplib=whicho  -i -s .a libherwig59
      for libherwig59 found library /home/pcl2483/pedro/jadesoft/util/mcgen/Plib/libherwig59.a
arg = libjt74opal
      xoplib=whicho  -i -s .o libjt74opal
      xoplib=whicho  -i -s .a libjt74opal
      for libjt74opal found library /home/pcl2483/pedro/jadesoft/util/mcgen/Plib/libjt74opal.a
arg = libckern105
      xoplib=whicho  -i -s .o libckern105
      xoplib=whicho  -i -s .a libckern105
      for libckern105 found library /home/pcl2483/pedro/jadesoft/util/mcgen/Plib/libckern105.a
arg = libpx114
      xoplib=whicho  -i -s .o libpx114
      xoplib=whicho  -i -s .a libpx114
      for libpx114 found library /home/pcl2483/pedro/jadesoft/util/mcgen/Plib/libpx114.a
ofiles: mchw59_105j.o
main: mchw59_105j.run
trace symbols:
load symbols: -Wl,-uhwudat_ -Wl,-uludata_ -Wl,-umcevbl_ -Wl,-umcpobl_
files.o: mchw59_105j.o
opal libs:
/home/pcl2483/pedro/jadesoft/util/mcgen/Plib/libmc105j.a /home/pcl2483/pedro/jadesoft/util/mcgen/Plib/libherwig59.a
/home/pcl2483/pedro/jadesoft/util/mcgen/Plib/libjt74opal.a /home/pcl2483/pedro/jadesoft/util/mcgen/Plib/libckern105.a
/home/pcl2483/pedro/jadesoft/util/mcgen/Plib/libpx114.a 
dummy lib:
cern libs: -L/cern/99/lib -lgraflib -lgrafX11 -lpacklib -lmathlib -lkernlib

now beginning final pass
/usr/bin/g77 -Wl,-Map mchw59_105j.map -o mchw59_105j.run -L/cern/99/lib -Wl,-uhwudat_ -Wl,-uludata_ -Wl,-umcevbl_ -Wl,-umcpobl_ mchw59_105j.o /home/pcl2483/pedro/jadesoft/util/mcgen/Plib/libmc105j.a /home/pcl2483/pedro/jadesoft/util/mcgen/Plib/libherwig59.a /home/pcl2483/pedro/jadesoft/util/mcgen/Plib/libjt74opal.a /home/pcl2483/pedro/jadesoft/util/mcgen/Plib/libckern105.a /home/pcl2483/pedro/jadesoft/util/mcgen/Plib/libpx114.a -lgraflib -lgrafX11 -lpacklib -lmathlib -lkernlib /lib/libnsl.so.1 -lc
/usr/lib/gcc-lib/i686-pc-linux-gnu/2.95.3/libg2c.a(open.o): In function `f_open':
/mnt/cnsrc/src/compilers/gcc-2.95.3/i686-pc-linux-gnu/libf2c/libI77/open.c:213: the use of `tempnam' is dangerous, better use `mkstemp'
link completed with status 0
mchw59_105j.run moved to /home/pcl2483/pedro/jadesoft/util/mcgen/Pbin/.
