
Start job at: Mon Sep 22 06:50:11 CEST 2003

The version of the MC package is: mc105j
curdir = /home/pcl2483/pedro/jadesoft/util/mcgen/herwig tmpdir = /home/iwsatlas2/pedro/tmp/ytofort18720
copy ./mchw59_105j.cra to /home/iwsatlas2/pedro/tmp/ytofort18720/mchw59_105j.cra
pams = jt74opal.car herwig59.car mc105j.car
opam=whicho  -i -s car jt74opal
found jt74opal.car as /home/pcl2483/pedro/jadesoft/util/mcgen/src/jt74opal.car
opam=whicho  -i -s car herwig59
found herwig59.car as /home/pcl2483/pedro/jadesoft/util/mcgen/src/herwig59.car
opam=whicho  -i -s car mc105j
found mc105j.car as /home/pcl2483/pedro/jadesoft/util/mcgen/mc/mc105j.car
in /home/iwsatlas2/pedro/tmp/ytofort18720:
/home/iwsatlas2/pedro/tmp/ytofort18720
total 32
lrwxrwxrwx   1 pedro    ATLAS         56 Sep 22 06:50 herwig59.car -> /home/pcl2483/pedro/jadesoft/util/mcgen/src/herwig59.car
lrwxrwxrwx   1 pedro    ATLAS         56 Sep 22 06:50 jt74opal.car -> /home/pcl2483/pedro/jadesoft/util/mcgen/src/jt74opal.car
lrwxrwxrwx   1 pedro    ATLAS         53 Sep 22 06:50 mc105j.car -> /home/pcl2483/pedro/jadesoft/util/mcgen/mc/mc105j.car
-rw-r--r--   1 pedro    ATLAS        249 Sep 22 06:50 mchw59_105j.cra
ypatchy - /home/iwsatlas2/pedro/tmp/ytofort18720/mchw59_105j.cra /home/iwsatlas2/pedro/tmp/ytofort18720/mchw59_105j.cra /home/iwsatlas2/pedro/tmp/ytofort18720/mchw59_105j.cra .go

 YPATCHY  executing with Files / Options

   1  PAM    11   -
   2  ASM    21    /home/iwsatlas2/pedro/tmp/ytofort18720/mchw59_105j.f
   3  READ    2    /home/iwsatlas2/pedro/tmp/ytofort18720/mchw59_105j.cra
   4  PRINT   3    /home/iwsatlas2/pedro/tmp/ytofort18720/mchw59_105j.lis
   5  ASMA   22   -    ...

ypatchy status = 0
 NUMBER OF GARBAGE COLLECTIONS =   0
 NUMBER OF WORDS UNUSED =150800

 -----------------
 LINES IN  /QMACH/
 NQL-NOR  MAX  PTH
     108  110    0

 ----------------------
 NO.OF WARNINGS PRINTED

 BAD CONTROL CARDS    0
 MISSING SEQUENCES    0
 LOST ACTIVATIONS     0
 UNSATISF/ REF'S      0
 LEVEL 1 CLASHES      0
 LEVEL 2 CLASHES      0
 ----------------------
** mchw59   === End of Compilation 1 ===
** mcevbl   === End of Compilation 2 ===
** mcpobl   === End of Compilation 3 ===
** mcusff   === End of Compilation 4 ===
** mcusin   === End of Compilation 5 ===
** mcusev   === End of Compilation 6 ===
** mcusfi   === End of Compilation 7 ===
** fin3out   === End of Compilation 8 ===
** mcfill   === End of Compilation 9 ===
** qqboos   === End of Compilation 10 ===
** qqctrk   === End of Compilation 11 ===
** mcfima   === End of Compilation 12 ===
** mcanal   === End of Compilation 13 ===
** jtfill   === End of Compilation 14 ===
** ytest   === End of Compilation 15 ===
** meanjet   === End of Compilation 16 ===
1501-510  Compilation successful for file mchw59_105j.f.
curdir = /home/pcl2483/pedro/jadesoft/util/mcgen/herwig tmpdir = /home/iwsatlas2/pedro/tmp/link18724
arg = mchw59_105j.o
      found file mchw59_105j.o
arg = libmc105j
      xoplib=whicho  -i -s .o libmc105j
      xoplib=whicho  -i -s .a libmc105j
      for libmc105j found library /home/pcl2483/pedro/jadesoft/util/mcgen/Rlib/libmc105j.a
arg = libherwig59
      xoplib=whicho  -i -s .o libherwig59
      xoplib=whicho  -i -s .a libherwig59
      for libherwig59 found library /home/pcl2483/pedro/jadesoft/util/mcgen/Rlib/libherwig59.a
arg = libjt74opal
      xoplib=whicho  -i -s .o libjt74opal
      xoplib=whicho  -i -s .a libjt74opal
      for libjt74opal found library /home/pcl2483/pedro/jadesoft/util/mcgen/Rlib/libjt74opal.a
arg = libckern105
      xoplib=whicho  -i -s .o libckern105
      xoplib=whicho  -i -s .a libckern105
      for libckern105 found library /home/pcl2483/pedro/jadesoft/util/mcgen/Rlib/libckern105.a
arg = libpx114
      xoplib=whicho  -i -s .o libpx114
      xoplib=whicho  -i -s .a libpx114
      for libpx114 found library /home/pcl2483/pedro/jadesoft/util/mcgen/Rlib/libpx114.a
ofiles: mchw59_105j.o
main: mchw59_105j.run
trace symbols:
load symbols:
files.o: mchw59_105j.o
opal libs:
/home/pcl2483/pedro/jadesoft/util/mcgen/Rlib/libmc105j.a /home/pcl2483/pedro/jadesoft/util/mcgen/Rlib/libherwig59.a
/home/pcl2483/pedro/jadesoft/util/mcgen/Rlib/libjt74opal.a /home/pcl2483/pedro/jadesoft/util/mcgen/Rlib/libckern105.a
/home/pcl2483/pedro/jadesoft/util/mcgen/Rlib/libpx114.a 
dummy lib:
cern libs: -L/cern/98/lib -lgraflib -lgrafX11 -lpacklib -lmathlib -lkernlib

now beginning final pass
/usr/bin/g77 -m -o mchw59_105j.run -L/cern/98/lib mchw59_105j.o /home/pcl2483/pedro/jadesoft/util/mcgen/Rlib/libmc105j.a /home/pcl2483/pedro/jadesoft/util/mcgen/Rlib/libherwig59.a /home/pcl2483/pedro/jadesoft/util/mcgen/Rlib/libjt74opal.a /home/pcl2483/pedro/jadesoft/util/mcgen/Rlib/libckern105.a /home/pcl2483/pedro/jadesoft/util/mcgen/Rlib/libpx114.a -lgraflib -lgrafX11 -lpacklib -lmathlib -lkernlib -lxlf90 -lxlf -lxlfutil -lm -lc
link completed with status 0
mchw59_105j.run moved to /home/pcl2483/pedro/jadesoft/util/mcgen/Rbin/.
