
Start at:Mon Sep 22 06:48:46 CEST 2003


The MC code version number is: 105j

found jt74opal.car as /home/pcl2483/pedro/jadesoft/util/mcgen/src/jt74opal.car
found jt63jade.car as /home/pcl2483/pedro/jadesoft/util/mcgen/src/jt63jade.car
found mc105j.car as /mnt/home/pcl2483/pedro/jadesoft/util/mcgen/mc/mc105j.car

 YPATCHY  executing with Files / Options

   1  PAM    11   -
   2  ASM    21    /home/iwsatlas2/pedro/tmp/ytofort18892/mc105j.f
   3  READ    2    /home/iwsatlas2/pedro/tmp/ytofort18892/mc105j.cra
   4  PRINT   3    /home/iwsatlas2/pedro/tmp/ytofort18892/mc105j.lis
   5  ASMA   22   -    ...

 NUMBER OF GARBAGE COLLECTIONS =   0
 NUMBER OF WORDS UNUSED =153497

 -----------------
 LINES IN  /QMACH/
 NQL-NOR  MAX  PTH
     108  110    0

 ----------------------
 NO.OF WARNINGS PRINTED

 BAD CONTROL CARDS    0
 MISSING SEQUENCES    0
 LOST ACTIVATIONS     0
 UNSATISF/ REF'S      0
 LEVEL 1 CLASHES      0
 LEVEL 2 CLASHES      0
 ----------------------
Mon Sep 22 06:48:50 CEST 2003 pedro ftolib mc105j.f
found mc105j.f as mc105j.f
creating directory /home/pcl2483/pedro/jadesoft/util/mcgen/mc/mc105j
/home/pcl2483/pedro/jadesoft/util/Scripts/ftolib[121]: endlabel:  not found.
 FCASPLIT executing.
             Input file : mc105j.for
           Shell script : mc105j.shfca
              Make file : mc105j.mkfca
        Fortran    name : xlf  
        Fortran options : -c -O -qextname -qcharlen=8192  
             CC    name : cc  
             CC options : -c -O  
      Assembler    name : as  
      Assembler options :   
   1905 lines written for    20 decks
      3 trailing comment lines ignored.
evwrtj.f
incprd.f
jadeco.f
jatune.f
jtconv.f
mcgetf.f
mcgeth.f
mcgetp.f
mcinit.f
mcrnst.f
mcst63.f
mcstbl.f
mcusff.f
mcwrit.f
mytype.f
ntcprd.f
prcprd.f
pxeecb.f
pxjpd2.f
wrcprd.f
   ...compiling evwrtj.f:
** evwrtj   === End of Compilation 1 ===
1501-510  Compilation successful for file evwrtj.f.
   ...compiling incprd.f:
** incprd   === End of Compilation 1 ===
1501-510  Compilation successful for file incprd.f.
   ...compiling jadeco.f:
** jadeco   === End of Compilation 1 ===
1501-510  Compilation successful for file jadeco.f.
   ...compiling jatune.f:
** jatune   === End of Compilation 1 ===
1501-510  Compilation successful for file jatune.f.
   ...compiling jtconv.f:
** jtconv   === End of Compilation 1 ===
1501-510  Compilation successful for file jtconv.f.
   ...compiling mcgetf.f:
** mcgetf   === End of Compilation 1 ===
1501-510  Compilation successful for file mcgetf.f.
   ...compiling mcgeth.f:
** mcgeth   === End of Compilation 1 ===
1501-510  Compilation successful for file mcgeth.f.
   ...compiling mcgetp.f:
** mcgetp   === End of Compilation 1 ===
1501-510  Compilation successful for file mcgetp.f.
   ...compiling mcinit.f:
** mcinit   === End of Compilation 1 ===
1501-510  Compilation successful for file mcinit.f.
   ...compiling mcrnst.f:
** mcrnst   === End of Compilation 1 ===
1501-510  Compilation successful for file mcrnst.f.
   ...compiling mcst63.f:
** mcst63   === End of Compilation 1 ===
1501-510  Compilation successful for file mcst63.f.
   ...compiling mcstbl.f:
** mcstbl   === End of Compilation 1 ===
1501-510  Compilation successful for file mcstbl.f.
   ...compiling mcusff.f:
** mcusff   === End of Compilation 1 ===
1501-510  Compilation successful for file mcusff.f.
   ...compiling mcwrit.f:
** mcwrit   === End of Compilation 1 ===
1501-510  Compilation successful for file mcwrit.f.
   ...compiling mytype.f:
** mytype   === End of Compilation 1 ===
1501-510  Compilation successful for file mytype.f.
   ...compiling ntcprd.f:
** ntcprd   === End of Compilation 1 ===
1501-510  Compilation successful for file ntcprd.f.
   ...compiling prcprd.f:
** prcprd   === End of Compilation 1 ===
1501-510  Compilation successful for file prcprd.f.
   ...compiling pxeecb.f:
** pxeecb   === End of Compilation 1 ===
1501-510  Compilation successful for file pxeecb.f.
   ...compiling pxjpd2.f:
** pxjpd2   === End of Compilation 1 ===
1501-510  Compilation successful for file pxjpd2.f.
   ...compiling wrcprd.f:
** wrcprd   === End of Compilation 1 ===
1501-510  Compilation successful for file wrcprd.f.
   ...compiling *.c:
cc: 1501-228 input file *.c not found
ar: Creating an archive file mc105j.a.
q - evwrtj.o
q - incprd.o
q - jadeco.o
q - jatune.o
q - jtconv.o
q - mcgetf.o
q - mcgeth.o
q - mcgetp.o
q - mcinit.o
q - mcrnst.o
q - mcst63.o
q - mcstbl.o
q - mcusff.o
q - mcwrit.o
q - mytype.o
q - ntcprd.o
q - prcprd.o
q - pxeecb.o
q - pxjpd2.o
q - wrcprd.o
library is installed in directory /home/pcl2483/pedro/jadesoft/util/mcgen/mc
library /home/pcl2483/pedro/jadesoft/util/mcgen/Rlib/libmc105j.a created
