Current directory is/home/pcl2483/pedro/jadesoft/src/zlib

Dependencies:
-------------
ze4vvx.F ... calibr.for
ze4vvx.F ... calibr.for
ealgcl.F ... cgeo1.for
chien5.F ... cdata.for
chien5.F ... cgeo1.for
trkbl9.F ... cdata.for
trkbl9.F ... cgeo1.for
trkbse.F ... cdata.for
trkbse.F ... cgeo1.for
shado9.F ... cdata.for
shado9.F ... cgeo1.for
expect.F ... cgeo1.for
expect.F ... cgeo1.for
expect.F ... cgeo1.for

.F files sorted by include-files:
-- ----- ------ -- --------------
calibr.for: ze4vvx.F
cdata.for: chien5.F trkbl9.F trkbse.F shado9.F
cgeo1.for: ealgcl.F chien5.F trkbl9.F trkbse.F shado9.F expect.F

Library members sorted by include-files:
------- ------- ------ -- -------------
/home/pcl2483/pedro/jadesoft/lib/libzlib.a( ze4vvx.o ) :	 calibr.for
/home/pcl2483/pedro/jadesoft/lib/libzlib.a( chien5.o trkbl9.o trkbse.o shado9.o ) :	 cdata.for
/home/pcl2483/pedro/jadesoft/lib/libzlib.a( ealgcl.o chien5.o trkbl9.o trkbse.o shado9.o expect.o ) :	 cgeo1.for
